2020-12-09 09:54:02.378 [main] INFO  com.CMD.ui.main.Main - CMD Team Collation App launched on 09-12-2020 09:54:02 AM
2020-12-09 09:54:50.973 [JavaFX Application Thread] INFO  com.CMD.database.DataBaseHandler - Mail server info loaded from DB
2020-12-09 09:55:17.053 [JavaFX Application Thread] INFO  com.CMD.exceptions.ExceptionUtil - SLF4J: Failed to load class "org.slf4j.impl.StaticLoggerBinder".
2020-12-09 09:55:17.054 [JavaFX Application Thread] INFO  com.CMD.exceptions.ExceptionUtil - SLF4J: Defaulting to no-operation (NOP) logger implementation
2020-12-09 09:55:17.055 [JavaFX Application Thread] INFO  com.CMD.exceptions.ExceptionUtil - SLF4J: See http://www.slf4j.org/codes.html#StaticLoggerBinder for further details.
2020-12-09 09:56:17.706 [Thread-9] INFO  com.CMD.ui.main.Main - CMD Team Collation App is closing on 09-12-2020 09:54:02 AM. Used for 1607504177702 ms
2020-12-09 12:37:45.035 [main] INFO  com.CMD.ui.main.Main - CMD Team Collation App launched on 09-12-2020 12:37:44 PM
2020-12-09 12:37:57.965 [JavaFX Application Thread] INFO  com.CMD.database.DataBaseHandler - Mail server info loaded from DB
2020-12-09 12:39:19.014 [main] INFO  com.CMD.ui.main.Main - CMD Team Collation App launched on 09-12-2020 12:39:19 PM
2020-12-09 12:39:28.309 [JavaFX Application Thread] INFO  com.CMD.database.DataBaseHandler - Mail server info loaded from DB
2020-12-09 12:39:45.010 [JavaFX Application Thread] INFO  com.CMD.exceptions.ExceptionUtil - SLF4J: Failed to load class "org.slf4j.impl.StaticLoggerBinder".
2020-12-09 12:39:45.011 [JavaFX Application Thread] INFO  com.CMD.exceptions.ExceptionUtil - SLF4J: Defaulting to no-operation (NOP) logger implementation
2020-12-09 12:39:45.011 [JavaFX Application Thread] INFO  com.CMD.exceptions.ExceptionUtil - SLF4J: See http://www.slf4j.org/codes.html#StaticLoggerBinder for further details.
2020-12-09 12:41:26.520 [Thread-9] INFO  com.CMD.ui.main.Main - CMD Team Collation App is closing on 09-12-2020 12:39:19 PM. Used for 1607514086519 ms
2020-12-09 12:46:24.656 [main] INFO  com.CMD.ui.main.Main - CMD Team Collation App launched on 09-12-2020 12:46:24 PM
2020-12-09 12:46:34.364 [JavaFX Application Thread] INFO  com.CMD.database.DataBaseHandler - Mail server info loaded from DB
2020-12-09 12:46:49.345 [JavaFX Application Thread] INFO  com.CMD.exceptions.ExceptionUtil - SLF4J: Failed to load class "org.slf4j.impl.StaticLoggerBinder".
2020-12-09 12:46:49.346 [JavaFX Application Thread] INFO  com.CMD.exceptions.ExceptionUtil - SLF4J: Defaulting to no-operation (NOP) logger implementation
2020-12-09 12:46:49.346 [JavaFX Application Thread] INFO  com.CMD.exceptions.ExceptionUtil - SLF4J: See http://www.slf4j.org/codes.html#StaticLoggerBinder for further details.
2020-12-09 12:49:32.658 [JavaFX Application Thread] INFO  com.CMD.database.DataBaseHandler - Mail server info loaded from DB
2020-12-09 12:57:06.522 [main] INFO  com.CMD.ui.main.Main - CMD Team Collation App launched on 09-12-2020 12:57:06 PM
2020-12-09 12:57:17.572 [JavaFX Application Thread] INFO  com.CMD.database.DataBaseHandler - Mail server info loaded from DB
2020-12-09 12:57:30.994 [JavaFX Application Thread] INFO  com.CMD.exceptions.ExceptionUtil - SLF4J: Failed to load class "org.slf4j.impl.StaticLoggerBinder".
2020-12-09 12:57:30.994 [JavaFX Application Thread] INFO  com.CMD.exceptions.ExceptionUtil - SLF4J: Defaulting to no-operation (NOP) logger implementation
2020-12-09 12:57:30.995 [JavaFX Application Thread] INFO  com.CMD.exceptions.ExceptionUtil - SLF4J: See http://www.slf4j.org/codes.html#StaticLoggerBinder for further details.
2020-12-09 13:15:40.063 [Thread-9] INFO  com.CMD.ui.main.Main - CMD Team Collation App is closing on 09-12-2020 12:57:06 PM. Used for 1607516140062 ms
2020-12-09 13:19:22.959 [main] INFO  com.CMD.ui.main.Main - CMD Team Collation App launched on 09-12-2020 01:19:22 PM
2020-12-09 13:21:19.505 [JavaFX Application Thread] INFO  com.CMD.database.DataBaseHandler - Mail server info loaded from DB
2020-12-09 13:21:33.844 [JavaFX Application Thread] INFO  com.CMD.exceptions.ExceptionUtil - SLF4J: Failed to load class "org.slf4j.impl.StaticLoggerBinder".
2020-12-09 13:21:33.845 [JavaFX Application Thread] INFO  com.CMD.exceptions.ExceptionUtil - SLF4J: Defaulting to no-operation (NOP) logger implementation
2020-12-09 13:21:33.845 [JavaFX Application Thread] INFO  com.CMD.exceptions.ExceptionUtil - SLF4J: See http://www.slf4j.org/codes.html#StaticLoggerBinder for further details.
2020-12-09 13:26:54.136 [main] INFO  com.CMD.ui.main.Main - CMD Team Collation App launched on 09-12-2020 01:26:54 PM
2020-12-09 13:28:07.595 [JavaFX Application Thread] INFO  com.CMD.database.DataBaseHandler - Mail server info loaded from DB
2020-12-09 13:28:27.303 [JavaFX Application Thread] INFO  com.CMD.exceptions.ExceptionUtil - SLF4J: Failed to load class "org.slf4j.impl.StaticLoggerBinder".
2020-12-09 13:28:27.303 [JavaFX Application Thread] INFO  com.CMD.exceptions.ExceptionUtil - SLF4J: Defaulting to no-operation (NOP) logger implementation
2020-12-09 13:28:27.304 [JavaFX Application Thread] INFO  com.CMD.exceptions.ExceptionUtil - SLF4J: See http://www.slf4j.org/codes.html#StaticLoggerBinder for further details.
2020-12-09 13:55:40.339 [main] INFO  com.CMD.ui.main.Main - CMD Team Collation App launched on 09-12-2020 01:55:40 PM
2020-12-09 13:55:50.723 [JavaFX Application Thread] INFO  com.CMD.database.DataBaseHandler - Mail server info loaded from DB
2020-12-09 13:56:04.544 [JavaFX Application Thread] INFO  com.CMD.exceptions.ExceptionUtil - SLF4J: Failed to load class "org.slf4j.impl.StaticLoggerBinder".
2020-12-09 13:56:04.545 [JavaFX Application Thread] INFO  com.CMD.exceptions.ExceptionUtil - SLF4J: Defaulting to no-operation (NOP) logger implementation
2020-12-09 13:56:04.547 [JavaFX Application Thread] INFO  com.CMD.exceptions.ExceptionUtil - SLF4J: See http://www.slf4j.org/codes.html#StaticLoggerBinder for further details.
2020-12-09 13:57:33.880 [main] INFO  com.CMD.ui.main.Main - CMD Team Collation App launched on 09-12-2020 01:57:33 PM
2020-12-09 13:57:43.958 [JavaFX Application Thread] INFO  com.CMD.database.DataBaseHandler - Mail server info loaded from DB
2020-12-09 13:58:01.347 [JavaFX Application Thread] INFO  com.CMD.exceptions.ExceptionUtil - SLF4J: Failed to load class "org.slf4j.impl.StaticLoggerBinder".
2020-12-09 13:58:01.347 [JavaFX Application Thread] INFO  com.CMD.exceptions.ExceptionUtil - SLF4J: Defaulting to no-operation (NOP) logger implementation
2020-12-09 13:58:01.348 [JavaFX Application Thread] INFO  com.CMD.exceptions.ExceptionUtil - SLF4J: See http://www.slf4j.org/codes.html#StaticLoggerBinder for further details.
2020-12-09 14:03:46.174 [main] INFO  com.CMD.ui.main.Main - CMD Team Collation App launched on 09-12-2020 02:03:46 PM
2020-12-09 14:03:58.399 [JavaFX Application Thread] INFO  com.CMD.database.DataBaseHandler - Mail server info loaded from DB
2020-12-09 14:04:14.044 [JavaFX Application Thread] INFO  com.CMD.exceptions.ExceptionUtil - SLF4J: Failed to load class "org.slf4j.impl.StaticLoggerBinder".
2020-12-09 14:04:14.045 [JavaFX Application Thread] INFO  com.CMD.exceptions.ExceptionUtil - SLF4J: Defaulting to no-operation (NOP) logger implementation
2020-12-09 14:04:14.045 [JavaFX Application Thread] INFO  com.CMD.exceptions.ExceptionUtil - SLF4J: See http://www.slf4j.org/codes.html#StaticLoggerBinder for further details.
2020-12-09 14:05:00.280 [main] INFO  com.CMD.ui.main.Main - CMD Team Collation App launched on 09-12-2020 02:05:00 PM
2020-12-09 14:05:12.095 [JavaFX Application Thread] INFO  com.CMD.database.DataBaseHandler - Mail server info loaded from DB
2020-12-09 14:05:24.810 [JavaFX Application Thread] INFO  com.CMD.exceptions.ExceptionUtil - SLF4J: Failed to load class "org.slf4j.impl.StaticLoggerBinder".
2020-12-09 14:05:24.812 [JavaFX Application Thread] INFO  com.CMD.exceptions.ExceptionUtil - SLF4J: Defaulting to no-operation (NOP) logger implementation
2020-12-09 14:05:24.812 [JavaFX Application Thread] INFO  com.CMD.exceptions.ExceptionUtil - SLF4J: See http://www.slf4j.org/codes.html#StaticLoggerBinder for further details.
2020-12-09 14:06:46.163 [main] INFO  com.CMD.ui.main.Main - CMD Team Collation App launched on 09-12-2020 02:06:46 PM
2020-12-09 14:06:56.883 [JavaFX Application Thread] INFO  com.CMD.database.DataBaseHandler - Mail server info loaded from DB
2020-12-09 14:07:13.669 [JavaFX Application Thread] INFO  com.CMD.exceptions.ExceptionUtil - SLF4J: Failed to load class "org.slf4j.impl.StaticLoggerBinder".
2020-12-09 14:07:13.670 [JavaFX Application Thread] INFO  com.CMD.exceptions.ExceptionUtil - SLF4J: Defaulting to no-operation (NOP) logger implementation
2020-12-09 14:07:13.670 [JavaFX Application Thread] INFO  com.CMD.exceptions.ExceptionUtil - SLF4J: See http://www.slf4j.org/codes.html#StaticLoggerBinder for further details.
2020-12-09 14:08:01.909 [main] INFO  com.CMD.ui.main.Main - CMD Team Collation App launched on 09-12-2020 02:08:01 PM
2020-12-09 14:08:16.961 [JavaFX Application Thread] INFO  com.CMD.database.DataBaseHandler - Mail server info loaded from DB
2020-12-09 14:08:33.441 [JavaFX Application Thread] INFO  com.CMD.exceptions.ExceptionUtil - SLF4J: Failed to load class "org.slf4j.impl.StaticLoggerBinder".
2020-12-09 14:08:33.442 [JavaFX Application Thread] INFO  com.CMD.exceptions.ExceptionUtil - SLF4J: Defaulting to no-operation (NOP) logger implementation
2020-12-09 14:08:33.443 [JavaFX Application Thread] INFO  com.CMD.exceptions.ExceptionUtil - SLF4J: See http://www.slf4j.org/codes.html#StaticLoggerBinder for further details.
2020-12-09 14:09:35.118 [main] INFO  com.CMD.ui.main.Main - CMD Team Collation App launched on 09-12-2020 02:09:35 PM
2020-12-09 14:09:44.842 [JavaFX Application Thread] INFO  com.CMD.database.DataBaseHandler - Mail server info loaded from DB
2020-12-09 14:10:05.574 [JavaFX Application Thread] INFO  com.CMD.exceptions.ExceptionUtil - SLF4J: Failed to load class "org.slf4j.impl.StaticLoggerBinder".
2020-12-09 14:10:05.575 [JavaFX Application Thread] INFO  com.CMD.exceptions.ExceptionUtil - SLF4J: Defaulting to no-operation (NOP) logger implementation
2020-12-09 14:10:05.575 [JavaFX Application Thread] INFO  com.CMD.exceptions.ExceptionUtil - SLF4J: See http://www.slf4j.org/codes.html#StaticLoggerBinder for further details.
2020-12-09 14:12:12.098 [Thread-9] INFO  com.CMD.ui.main.Main - CMD Team Collation App is closing on 09-12-2020 02:09:35 PM. Used for 1607519532097 ms
2020-12-09 14:30:45.863 [main] INFO  com.CMD.ui.main.Main - CMD Team Collation App launched on 09-12-2020 02:30:45 PM
2020-12-09 14:31:41.183 [JavaFX Application Thread] ERROR com.CMD.exceptions.DefaultExceptionHandler - Exception occurred {}
java.lang.NullPointerException: null
	at com.CMD.ui.addpayment.AddPaymentController.lambda$initialize$2(AddPaymentController.java:73) ~[CMD_Team_Project/:?]
	at com.sun.javafx.event.CompositeEventHandler.dispatchBubblingEvent(CompositeEventHandler.java:86) ~[jfxrt.jar:?]
	at com.sun.javafx.event.EventHandlerManager.dispatchBubblingEvent(EventHandlerManager.java:238) ~[jfxrt.jar:?]
	at com.sun.javafx.event.EventHandlerManager.dispatchBubblingEvent(EventHandlerManager.java:191) ~[jfxrt.jar:?]
	at com.sun.javafx.event.CompositeEventDispatcher.dispatchBubblingEvent(CompositeEventDispatcher.java:59) ~[jfxrt.jar:?]
	at com.sun.javafx.event.BasicEventDispatcher.dispatchEvent(BasicEventDispatcher.java:58) ~[jfxrt.jar:?]
	at com.sun.javafx.event.EventDispatchChainImpl.dispatchEvent(EventDispatchChainImpl.java:114) ~[jfxrt.jar:?]
	at com.sun.javafx.event.BasicEventDispatcher.dispatchEvent(BasicEventDispatcher.java:56) ~[jfxrt.jar:?]
	at com.sun.javafx.event.EventDispatchChainImpl.dispatchEvent(EventDispatchChainImpl.java:114) ~[jfxrt.jar:?]
	at com.sun.javafx.event.BasicEventDispatcher.dispatchEvent(BasicEventDispatcher.java:56) ~[jfxrt.jar:?]
	at com.sun.javafx.event.EventDispatchChainImpl.dispatchEvent(EventDispatchChainImpl.java:114) ~[jfxrt.jar:?]
	at com.sun.javafx.event.BasicEventDispatcher.dispatchEvent(BasicEventDispatcher.java:56) ~[jfxrt.jar:?]
	at com.sun.javafx.event.EventDispatchChainImpl.dispatchEvent(EventDispatchChainImpl.java:114) ~[jfxrt.jar:?]
	at com.sun.javafx.event.EventUtil.fireEventImpl(EventUtil.java:74) ~[jfxrt.jar:?]
	at com.sun.javafx.event.EventUtil.fireEvent(EventUtil.java:54) ~[jfxrt.jar:?]
	at javafx.event.Event.fireEvent(Event.java:198) ~[jfxrt.jar:?]
	at javafx.scene.Scene$ClickGenerator.postProcess(Scene.java:3470) ~[jfxrt.jar:?]
	at javafx.scene.Scene$ClickGenerator.access$8100(Scene.java:3398) ~[jfxrt.jar:?]
	at javafx.scene.Scene$MouseHandler.process(Scene.java:3766) ~[jfxrt.jar:?]
	at javafx.scene.Scene$MouseHandler.access$1500(Scene.java:3485) ~[jfxrt.jar:?]
	at javafx.scene.Scene.impl_processMouseEvent(Scene.java:1762) ~[jfxrt.jar:?]
	at javafx.scene.Scene$ScenePeerListener.mouseEvent(Scene.java:2494) ~[jfxrt.jar:?]
	at com.sun.javafx.tk.quantum.GlassViewEventHandler$MouseEventNotification.run(GlassViewEventHandler.java:394) ~[jfxrt.jar:?]
	at com.sun.javafx.tk.quantum.GlassViewEventHandler$MouseEventNotification.run(GlassViewEventHandler.java:295) ~[jfxrt.jar:?]
	at java.security.AccessController.doPrivileged(Native Method) ~[?:1.8.0_261]
	at com.sun.javafx.tk.quantum.GlassViewEventHandler.lambda$handleMouseEvent$2(GlassViewEventHandler.java:432) ~[jfxrt.jar:?]
	at com.sun.javafx.tk.quantum.QuantumToolkit.runWithoutRenderLock(QuantumToolkit.java:410) ~[jfxrt.jar:?]
	at com.sun.javafx.tk.quantum.GlassViewEventHandler.handleMouseEvent(GlassViewEventHandler.java:431) ~[jfxrt.jar:?]
	at com.sun.glass.ui.View.handleMouseEvent(View.java:555) ~[jfxrt.jar:?]
	at com.sun.glass.ui.View.notifyMouse(View.java:937) ~[jfxrt.jar:?]
	at com.sun.glass.ui.win.WinApplication._runLoop(Native Method) ~[jfxrt.jar:?]
	at com.sun.glass.ui.win.WinApplication.lambda$null$4(WinApplication.java:186) ~[jfxrt.jar:?]
	at java.lang.Thread.run(Thread.java:748) [?:1.8.0_261]
2020-12-09 14:32:37.623 [JavaFX Application Thread] INFO  com.CMD.database.DataBaseHandler - Mail server info loaded from DB
2020-12-09 14:32:59.918 [Thread-10] INFO  com.CMD.ui.main.Main - CMD Team Collation App is closing on 09-12-2020 02:30:45 PM. Used for 1607520779917 ms
2020-12-09 15:11:42.031 [main] INFO  com.CMD.ui.main.Main - CMD Team Collation App launched on 09-12-2020 03:11:42 PM
2020-12-09 15:12:07.906 [JavaFX Application Thread] ERROR com.CMD.ui.addpayment.AddPaymentController - String index out of range: 3
2020-12-09 15:12:07.912 [JavaFX Application Thread] ERROR com.CMD.ui.addpayment.AddPaymentController - String index out of range: 3
2020-12-09 15:12:07.917 [JavaFX Application Thread] ERROR com.CMD.ui.addpayment.AddPaymentController - String index out of range: 3
2020-12-09 15:12:07.920 [JavaFX Application Thread] ERROR com.CMD.ui.addpayment.AddPaymentController - String index out of range: 3
2020-12-09 15:12:07.925 [JavaFX Application Thread] ERROR com.CMD.ui.addpayment.AddPaymentController - String index out of range: 3
2020-12-09 15:12:07.930 [JavaFX Application Thread] ERROR com.CMD.ui.addpayment.AddPaymentController - String index out of range: 3
2020-12-09 15:12:07.935 [JavaFX Application Thread] ERROR com.CMD.ui.addpayment.AddPaymentController - String index out of range: 3
2020-12-09 15:12:07.940 [JavaFX Application Thread] ERROR com.CMD.ui.addpayment.AddPaymentController - String index out of range: 3
2020-12-09 15:12:07.944 [JavaFX Application Thread] ERROR com.CMD.ui.addpayment.AddPaymentController - String index out of range: 3
2020-12-09 15:12:07.948 [JavaFX Application Thread] ERROR com.CMD.ui.addpayment.AddPaymentController - String index out of range: 3
2020-12-09 15:12:07.952 [JavaFX Application Thread] ERROR com.CMD.ui.addpayment.AddPaymentController - String index out of range: 3
2020-12-09 15:12:07.957 [JavaFX Application Thread] ERROR com.CMD.ui.addpayment.AddPaymentController - String index out of range: 3
2020-12-09 15:13:17.389 [main] INFO  com.CMD.ui.main.Main - CMD Team Collation App launched on 09-12-2020 03:13:17 PM
2020-12-09 15:13:31.163 [main] INFO  com.CMD.ui.main.Main - CMD Team Collation App launched on 09-12-2020 03:13:31 PM
2020-12-09 15:14:03.594 [JavaFX Application Thread] ERROR com.CMD.ui.addpayment.AddPaymentController - String index out of range: 3
2020-12-09 15:14:21.100 [Thread-9] INFO  com.CMD.ui.main.Main - CMD Team Collation App is closing on 09-12-2020 03:13:31 PM. Used for 1607523261000 ms
2020-12-09 15:15:08.098 [main] INFO  com.CMD.ui.main.Main - CMD Team Collation App launched on 09-12-2020 03:15:08 PM
2020-12-09 15:15:25.232 [JavaFX Application Thread] ERROR com.CMD.ui.addpayment.AddPaymentController - String index out of range: 3
2020-12-09 15:15:44.454 [JavaFX Application Thread] ERROR com.CMD.ui.addpayment.AddPaymentController - String index out of range: 3
2020-12-09 15:16:36.734 [JavaFX Application Thread] ERROR com.CMD.ui.addpayment.AddPaymentController - String index out of range: 3
2020-12-09 15:16:54.927 [JavaFX Application Thread] ERROR com.CMD.ui.addpayment.AddPaymentController - String index out of range: 3
2020-12-09 15:18:00.397 [JavaFX Application Thread] ERROR com.CMD.ui.addpayment.AddPaymentController - String index out of range: 3
2020-12-09 15:19:31.145 [main] INFO  com.CMD.ui.main.Main - CMD Team Collation App launched on 09-12-2020 03:19:31 PM
2020-12-09 15:20:19.035 [Thread-9] INFO  com.CMD.ui.main.Main - CMD Team Collation App is closing on 09-12-2020 03:19:31 PM. Used for 1607523619035 ms
2020-12-09 15:31:58.379 [main] INFO  com.CMD.ui.main.Main - CMD Team Collation App launched on 09-12-2020 03:31:58 PM
2020-12-09 15:32:20.946 [JavaFX Application Thread] ERROR com.CMD.ui.addpayment.AddPaymentController - String index out of range: 3
2020-12-09 15:54:57.501 [main] INFO  com.CMD.ui.main.Main - CMD Team Collation App launched on 09-12-2020 03:54:57 PM
2020-12-09 15:56:10.962 [main] INFO  com.CMD.ui.main.Main - CMD Team Collation App launched on 09-12-2020 03:56:10 PM
2020-12-09 15:56:33.079 [JavaFX Application Thread] ERROR com.CMD.ui.addpayment.AddPaymentController - String index out of range: 3
2020-12-09 15:59:11.631 [main] INFO  com.CMD.ui.main.Main - CMD Team Collation App launched on 09-12-2020 03:59:11 PM
2020-12-09 15:59:54.767 [JavaFX Application Thread] ERROR com.CMD.exceptions.DefaultExceptionHandler - Exception occurred {}
java.lang.RuntimeException: java.lang.reflect.InvocationTargetException
	at javafx.fxml.FXMLLoader$MethodHandler.invoke(FXMLLoader.java:1774) ~[jfxrt.jar:?]
	at javafx.fxml.FXMLLoader$ControllerMethodEventHandler.handle(FXMLLoader.java:1657) ~[jfxrt.jar:?]
	at com.sun.javafx.event.CompositeEventHandler.dispatchBubblingEvent(CompositeEventHandler.java:86) ~[jfxrt.jar:?]
	at com.sun.javafx.event.EventHandlerManager.dispatchBubblingEvent(EventHandlerManager.java:238) ~[jfxrt.jar:?]
	at com.sun.javafx.event.EventHandlerManager.dispatchBubblingEvent(EventHandlerManager.java:191) ~[jfxrt.jar:?]
	at com.sun.javafx.event.CompositeEventDispatcher.dispatchBubblingEvent(CompositeEventDispatcher.java:59) ~[jfxrt.jar:?]
	at com.sun.javafx.event.BasicEventDispatcher.dispatchEvent(BasicEventDispatcher.java:58) ~[jfxrt.jar:?]
	at com.sun.javafx.event.EventDispatchChainImpl.dispatchEvent(EventDispatchChainImpl.java:114) ~[jfxrt.jar:?]
	at com.sun.javafx.event.BasicEventDispatcher.dispatchEvent(BasicEventDispatcher.java:56) ~[jfxrt.jar:?]
	at com.sun.javafx.event.EventDispatchChainImpl.dispatchEvent(EventDispatchChainImpl.java:114) ~[jfxrt.jar:?]
	at com.sun.javafx.event.BasicEventDispatcher.dispatchEvent(BasicEventDispatcher.java:56) ~[jfxrt.jar:?]
	at com.sun.javafx.event.EventDispatchChainImpl.dispatchEvent(EventDispatchChainImpl.java:114) ~[jfxrt.jar:?]
	at com.sun.javafx.event.BasicEventDispatcher.dispatchEvent(BasicEventDispatcher.java:56) ~[jfxrt.jar:?]
	at com.sun.javafx.event.EventDispatchChainImpl.dispatchEvent(EventDispatchChainImpl.java:114) ~[jfxrt.jar:?]
	at com.sun.javafx.event.EventUtil.fireEventImpl(EventUtil.java:74) ~[jfxrt.jar:?]
	at com.sun.javafx.event.EventUtil.fireEvent(EventUtil.java:49) ~[jfxrt.jar:?]
	at javafx.event.Event.fireEvent(Event.java:198) ~[jfxrt.jar:?]
	at javafx.scene.Node.fireEvent(Node.java:8411) ~[jfxrt.jar:?]
	at javafx.scene.control.Button.fire(Button.java:185) ~[jfxrt.jar:?]
	at com.sun.javafx.scene.control.behavior.ButtonBehavior.mouseReleased(ButtonBehavior.java:182) ~[jfxrt.jar:?]
	at com.sun.javafx.scene.control.skin.BehaviorSkinBase$1.handle(BehaviorSkinBase.java:96) ~[jfxrt.jar:?]
	at com.sun.javafx.scene.control.skin.BehaviorSkinBase$1.handle(BehaviorSkinBase.java:89) ~[jfxrt.jar:?]
	at com.sun.javafx.event.CompositeEventHandler$NormalEventHandlerRecord.handleBubblingEvent(CompositeEventHandler.java:218) ~[jfxrt.jar:?]
	at com.sun.javafx.event.CompositeEventHandler.dispatchBubblingEvent(CompositeEventHandler.java:80) ~[jfxrt.jar:?]
	at com.sun.javafx.event.EventHandlerManager.dispatchBubblingEvent(EventHandlerManager.java:238) ~[jfxrt.jar:?]
	at com.sun.javafx.event.EventHandlerManager.dispatchBubblingEvent(EventHandlerManager.java:191) ~[jfxrt.jar:?]
	at com.sun.javafx.event.CompositeEventDispatcher.dispatchBubblingEvent(CompositeEventDispatcher.java:59) ~[jfxrt.jar:?]
	at com.sun.javafx.event.BasicEventDispatcher.dispatchEvent(BasicEventDispatcher.java:58) ~[jfxrt.jar:?]
	at com.sun.javafx.event.EventDispatchChainImpl.dispatchEvent(EventDispatchChainImpl.java:114) ~[jfxrt.jar:?]
	at com.sun.javafx.event.BasicEventDispatcher.dispatchEvent(BasicEventDispatcher.java:56) ~[jfxrt.jar:?]
	at com.sun.javafx.event.EventDispatchChainImpl.dispatchEvent(EventDispatchChainImpl.java:114) ~[jfxrt.jar:?]
	at com.sun.javafx.event.BasicEventDispatcher.dispatchEvent(BasicEventDispatcher.java:56) ~[jfxrt.jar:?]
	at com.sun.javafx.event.EventDispatchChainImpl.dispatchEvent(EventDispatchChainImpl.java:114) ~[jfxrt.jar:?]
	at com.sun.javafx.event.BasicEventDispatcher.dispatchEvent(BasicEventDispatcher.java:56) ~[jfxrt.jar:?]
	at com.sun.javafx.event.EventDispatchChainImpl.dispatchEvent(EventDispatchChainImpl.java:114) ~[jfxrt.jar:?]
	at com.sun.javafx.event.EventUtil.fireEventImpl(EventUtil.java:74) ~[jfxrt.jar:?]
	at com.sun.javafx.event.EventUtil.fireEvent(EventUtil.java:54) ~[jfxrt.jar:?]
	at javafx.event.Event.fireEvent(Event.java:198) ~[jfxrt.jar:?]
	at javafx.scene.Scene$MouseHandler.process(Scene.java:3757) ~[jfxrt.jar:?]
	at javafx.scene.Scene$MouseHandler.access$1500(Scene.java:3485) ~[jfxrt.jar:?]
	at javafx.scene.Scene.impl_processMouseEvent(Scene.java:1762) ~[jfxrt.jar:?]
	at javafx.scene.Scene$ScenePeerListener.mouseEvent(Scene.java:2494) ~[jfxrt.jar:?]
	at com.sun.javafx.tk.quantum.GlassViewEventHandler$MouseEventNotification.run(GlassViewEventHandler.java:394) ~[jfxrt.jar:?]
	at com.sun.javafx.tk.quantum.GlassViewEventHandler$MouseEventNotification.run(GlassViewEventHandler.java:295) ~[jfxrt.jar:?]
	at java.security.AccessController.doPrivileged(Native Method) ~[?:1.8.0_261]
	at com.sun.javafx.tk.quantum.GlassViewEventHandler.lambda$handleMouseEvent$2(GlassViewEventHandler.java:432) ~[jfxrt.jar:?]
	at com.sun.javafx.tk.quantum.QuantumToolkit.runWithoutRenderLock(QuantumToolkit.java:410) ~[jfxrt.jar:?]
	at com.sun.javafx.tk.quantum.GlassViewEventHandler.handleMouseEvent(GlassViewEventHandler.java:431) ~[jfxrt.jar:?]
	at com.sun.glass.ui.View.handleMouseEvent(View.java:555) ~[jfxrt.jar:?]
	at com.sun.glass.ui.View.notifyMouse(View.java:937) ~[jfxrt.jar:?]
	at com.sun.glass.ui.win.WinApplication._runLoop(Native Method) ~[jfxrt.jar:?]
	at com.sun.glass.ui.win.WinApplication.lambda$null$4(WinApplication.java:186) ~[jfxrt.jar:?]
	at java.lang.Thread.run(Thread.java:748) [?:1.8.0_261]
Caused by: java.lang.reflect.InvocationTargetException
	at sun.reflect.NativeMethodAccessorImpl.invoke0(Native Method) ~[?:1.8.0_261]
	at sun.reflect.NativeMethodAccessorImpl.invoke(NativeMethodAccessorImpl.java:62) ~[?:1.8.0_261]
	at sun.reflect.DelegatingMethodAccessorImpl.invoke(DelegatingMethodAccessorImpl.java:43) ~[?:1.8.0_261]
	at java.lang.reflect.Method.invoke(Method.java:498) ~[?:1.8.0_261]
	at sun.reflect.misc.Trampoline.invoke(MethodUtil.java:71) ~[?:1.8.0_261]
	at sun.reflect.GeneratedMethodAccessor2.invoke(Unknown Source) ~[?:?]
	at sun.reflect.DelegatingMethodAccessorImpl.invoke(DelegatingMethodAccessorImpl.java:43) ~[?:1.8.0_261]
	at java.lang.reflect.Method.invoke(Method.java:498) ~[?:1.8.0_261]
	at sun.reflect.misc.MethodUtil.invoke(MethodUtil.java:275) ~[?:1.8.0_261]
	at javafx.fxml.FXMLLoader$MethodHandler.invoke(FXMLLoader.java:1771) ~[jfxrt.jar:?]
	... 52 more
Caused by: java.lang.NumberFormatException: For input string: "dd"
	at java.lang.NumberFormatException.forInputString(NumberFormatException.java:65) ~[?:1.8.0_261]
	at java.lang.Integer.parseInt(Integer.java:580) ~[?:1.8.0_261]
	at java.lang.Integer.parseInt(Integer.java:615) ~[?:1.8.0_261]
	at com.CMD.ui.addpayment.AddPaymentController.handleAddRecord(AddPaymentController.java:127) ~[CMD_Team_Project/:?]
	at sun.reflect.NativeMethodAccessorImpl.invoke0(Native Method) ~[?:1.8.0_261]
	at sun.reflect.NativeMethodAccessorImpl.invoke(NativeMethodAccessorImpl.java:62) ~[?:1.8.0_261]
	at sun.reflect.DelegatingMethodAccessorImpl.invoke(DelegatingMethodAccessorImpl.java:43) ~[?:1.8.0_261]
	at java.lang.reflect.Method.invoke(Method.java:498) ~[?:1.8.0_261]
	at sun.reflect.misc.Trampoline.invoke(MethodUtil.java:71) ~[?:1.8.0_261]
	at sun.reflect.GeneratedMethodAccessor2.invoke(Unknown Source) ~[?:?]
	at sun.reflect.DelegatingMethodAccessorImpl.invoke(DelegatingMethodAccessorImpl.java:43) ~[?:1.8.0_261]
	at java.lang.reflect.Method.invoke(Method.java:498) ~[?:1.8.0_261]
	at sun.reflect.misc.MethodUtil.invoke(MethodUtil.java:275) ~[?:1.8.0_261]
	at javafx.fxml.FXMLLoader$MethodHandler.invoke(FXMLLoader.java:1771) ~[jfxrt.jar:?]
	... 52 more
2020-12-09 16:03:40.646 [main] INFO  com.CMD.ui.main.Main - CMD Team Collation App launched on 09-12-2020 04:03:40 PM
2020-12-09 16:03:46.992 [main] INFO  com.CMD.ui.main.Main - CMD Team Collation App launched on 09-12-2020 04:03:46 PM
2020-12-09 16:04:28.818 [main] INFO  com.CMD.ui.main.Main - CMD Team Collation App launched on 09-12-2020 04:04:28 PM
2020-12-09 16:07:15.313 [main] INFO  com.CMD.ui.main.Main - CMD Team Collation App launched on 09-12-2020 04:07:15 PM
2020-12-09 16:07:24.758 [main] INFO  com.CMD.ui.main.Main - CMD Team Collation App launched on 09-12-2020 04:07:24 PM
2020-12-09 16:07:34.672 [Thread-8] INFO  com.CMD.ui.main.Main - CMD Team Collation App is closing on 09-12-2020 04:07:15 PM. Used for 1607526454670 ms
2020-12-09 16:10:47.587 [main] INFO  com.CMD.ui.main.Main - CMD Team Collation App launched on 09-12-2020 04:10:47 PM
2020-12-09 16:14:27.278 [JavaFX Application Thread] INFO  com.CMD.database.DataBaseHandler - Mail server info loaded from DB
2020-12-09 16:14:41.116 [JavaFX Application Thread] INFO  com.CMD.exceptions.ExceptionUtil - SLF4J: Failed to load class "org.slf4j.impl.StaticLoggerBinder".
2020-12-09 16:14:41.117 [JavaFX Application Thread] INFO  com.CMD.exceptions.ExceptionUtil - SLF4J: Defaulting to no-operation (NOP) logger implementation
2020-12-09 16:14:41.117 [JavaFX Application Thread] INFO  com.CMD.exceptions.ExceptionUtil - SLF4J: See http://www.slf4j.org/codes.html#StaticLoggerBinder for further details.
2020-12-09 16:14:41.325 [JavaFX Application Thread] INFO  com.CMD.exceptions.ExceptionUtil - java.io.FileNotFoundException: C:\Users\Ebube\Desktop\cmd.pdf (The process cannot access the file because it is being used by another process)
2020-12-09 16:14:41.326 [JavaFX Application Thread] INFO  com.CMD.exceptions.ExceptionUtil - 	at java.io.FileOutputStream.open0(Native Method)
2020-12-09 16:14:41.327 [JavaFX Application Thread] INFO  com.CMD.exceptions.ExceptionUtil - 	at java.io.FileOutputStream.open(FileOutputStream.java:270)
2020-12-09 16:14:41.327 [JavaFX Application Thread] INFO  com.CMD.exceptions.ExceptionUtil - 	at java.io.FileOutputStream.<init>(FileOutputStream.java:213)
2020-12-09 16:14:41.328 [JavaFX Application Thread] INFO  com.CMD.exceptions.ExceptionUtil - 	at java.io.FileOutputStream.<init>(FileOutputStream.java:162)
2020-12-09 16:14:41.328 [JavaFX Application Thread] INFO  com.CMD.exceptions.ExceptionUtil - 	at org.apache.pdfbox.pdmodel.PDDocument.save(PDDocument.java:1328)
2020-12-09 16:14:41.328 [JavaFX Application Thread] INFO  com.CMD.exceptions.ExceptionUtil - 	at com.CMD.export.pdf.ListToPdf.doPrintToPdf(ListToPdf.java:69)
2020-12-09 16:14:41.329 [JavaFX Application Thread] INFO  com.CMD.exceptions.ExceptionUtil - 	at com.CMD.util.RequestAssistant.initPDFExport(RequestAssistant.java:49)
2020-12-09 16:14:41.329 [JavaFX Application Thread] INFO  com.CMD.exceptions.ExceptionUtil - 	at com.CMD.ui.settings.SettingsController.lambda$handleDatabaseExportAction$0(SettingsController.java:159)
2020-12-09 16:14:41.330 [JavaFX Application Thread] INFO  com.CMD.exceptions.ExceptionUtil - 	at com.sun.javafx.application.PlatformImpl.lambda$null$5(PlatformImpl.java:295)
2020-12-09 16:14:41.330 [JavaFX Application Thread] INFO  com.CMD.exceptions.ExceptionUtil - 	at java.security.AccessController.doPrivileged(Native Method)
2020-12-09 16:14:41.331 [JavaFX Application Thread] INFO  com.CMD.exceptions.ExceptionUtil - 	at com.sun.javafx.application.PlatformImpl.lambda$runLater$6(PlatformImpl.java:294)
2020-12-09 16:14:41.331 [JavaFX Application Thread] INFO  com.CMD.exceptions.ExceptionUtil - 	at com.sun.glass.ui.InvokeLaterDispatcher$Future.run(InvokeLaterDispatcher.java:95)
2020-12-09 16:14:41.332 [JavaFX Application Thread] INFO  com.CMD.exceptions.ExceptionUtil - 	at com.sun.glass.ui.win.WinApplication._runLoop(Native Method)
2020-12-09 16:14:41.332 [JavaFX Application Thread] INFO  com.CMD.exceptions.ExceptionUtil - 	at com.sun.glass.ui.win.WinApplication.lambda$null$4(WinApplication.java:186)
2020-12-09 16:14:41.332 [JavaFX Application Thread] INFO  com.CMD.exceptions.ExceptionUtil - 	at java.lang.Thread.run(Thread.java:748)
2020-12-09 16:21:49.752 [main] INFO  com.CMD.ui.main.Main - CMD Team Collation App launched on 09-12-2020 04:21:49 PM
2020-12-09 16:22:05.918 [JavaFX Application Thread] INFO  com.CMD.database.DataBaseHandler - Mail server info loaded from DB
2020-12-09 16:22:25.348 [JavaFX Application Thread] INFO  com.CMD.exceptions.ExceptionUtil - SLF4J: Failed to load class "org.slf4j.impl.StaticLoggerBinder".
2020-12-09 16:22:25.348 [JavaFX Application Thread] INFO  com.CMD.exceptions.ExceptionUtil - SLF4J: Defaulting to no-operation (NOP) logger implementation
2020-12-09 16:22:25.349 [JavaFX Application Thread] INFO  com.CMD.exceptions.ExceptionUtil - SLF4J: See http://www.slf4j.org/codes.html#StaticLoggerBinder for further details.
2020-12-09 16:22:25.546 [JavaFX Application Thread] ERROR com.CMD.ui.addpayment.AddPaymentController - C:\Users\Ebube\Desktop\cmd.pdf (The process cannot access the file because it is being used by another process)
2020-12-09 16:23:09.187 [Thread-8] INFO  com.CMD.ui.main.Main - CMD Team Collation App is closing on 09-12-2020 04:21:49 PM. Used for 1607527389182 ms
2020-12-09 16:23:46.249 [main] INFO  com.CMD.ui.main.Main - CMD Team Collation App launched on 09-12-2020 04:23:46 PM
2020-12-09 16:24:10.824 [JavaFX Application Thread] INFO  com.CMD.database.DataBaseHandler - Mail server info loaded from DB
2020-12-09 16:24:35.498 [JavaFX Application Thread] INFO  com.CMD.exceptions.ExceptionUtil - SLF4J: Failed to load class "org.slf4j.impl.StaticLoggerBinder".
2020-12-09 16:24:35.499 [JavaFX Application Thread] INFO  com.CMD.exceptions.ExceptionUtil - SLF4J: Defaulting to no-operation (NOP) logger implementation
2020-12-09 16:24:35.499 [JavaFX Application Thread] INFO  com.CMD.exceptions.ExceptionUtil - SLF4J: See http://www.slf4j.org/codes.html#StaticLoggerBinder for further details.
2020-12-09 16:24:35.743 [JavaFX Application Thread] ERROR com.CMD.export.pdf.ListToPdf - C:\Users\Ebube\Desktop\cmd.pdf (The process cannot access the file because it is being used by another process)
2020-12-09 16:59:39.156 [main] INFO  com.CMD.ui.main.Main - CMD Team Collation App launched on 09-12-2020 04:59:39 PM
2020-12-09 16:59:58.052 [JavaFX Application Thread] INFO  com.CMD.database.DataBaseHandler - Mail server info loaded from DB
2020-12-09 17:00:24.531 [JavaFX Application Thread] ERROR com.CMD.exceptions.DefaultExceptionHandler - Exception occurred {}
java.util.IllegalFormatConversionException: d != java.lang.String
	at java.util.Formatter$FormatSpecifier.failConversion(Formatter.java:4302) ~[?:1.8.0_261]
	at java.util.Formatter$FormatSpecifier.printInteger(Formatter.java:2793) ~[?:1.8.0_261]
	at java.util.Formatter$FormatSpecifier.print(Formatter.java:2747) ~[?:1.8.0_261]
	at java.util.Formatter.format(Formatter.java:2520) ~[?:1.8.0_261]
	at java.util.Formatter.format(Formatter.java:2455) ~[?:1.8.0_261]
	at java.lang.String.format(String.java:2940) ~[?:1.8.0_261]
	at com.CMD.export.pdf.ListToPdf.lambda$getDoubleList$0(ListToPdf.java:97) ~[CMD_Team_Project/:?]
	at java.util.ArrayList.forEach(ArrayList.java:1259) ~[?:1.8.0_261]
	at com.CMD.export.pdf.ListToPdf.getDoubleList(ListToPdf.java:91) ~[CMD_Team_Project/:?]
	at com.CMD.export.pdf.ListToPdf.doPrintToPdf(ListToPdf.java:39) ~[CMD_Team_Project/:?]
	at com.CMD.util.RequestAssistant.initPDFExport(RequestAssistant.java:49) ~[CMD_Team_Project/:?]
	at com.CMD.ui.settings.SettingsController.lambda$handleDatabaseExportAction$0(SettingsController.java:159) ~[CMD_Team_Project/:?]
	at com.sun.javafx.application.PlatformImpl.lambda$null$5(PlatformImpl.java:295) ~[jfxrt.jar:?]
	at java.security.AccessController.doPrivileged(Native Method) ~[?:1.8.0_261]
	at com.sun.javafx.application.PlatformImpl.lambda$runLater$6(PlatformImpl.java:294) ~[jfxrt.jar:?]
	at com.sun.glass.ui.InvokeLaterDispatcher$Future.run(InvokeLaterDispatcher.java:95) ~[jfxrt.jar:?]
	at com.sun.glass.ui.win.WinApplication._runLoop(Native Method) ~[jfxrt.jar:?]
	at com.sun.glass.ui.win.WinApplication.lambda$null$4(WinApplication.java:186) ~[jfxrt.jar:?]
	at java.lang.Thread.run(Thread.java:748) [?:1.8.0_261]
2020-12-09 17:03:12.156 [main] INFO  com.CMD.ui.main.Main - CMD Team Collation App launched on 09-12-2020 05:03:12 PM
2020-12-09 17:03:26.151 [JavaFX Application Thread] INFO  com.CMD.database.DataBaseHandler - Mail server info loaded from DB
2020-12-09 17:03:44.091 [JavaFX Application Thread] ERROR com.CMD.exceptions.DefaultExceptionHandler - Exception occurred {}
java.util.IllegalFormatConversionException: d != java.lang.String
	at java.util.Formatter$FormatSpecifier.failConversion(Formatter.java:4302) ~[?:1.8.0_261]
	at java.util.Formatter$FormatSpecifier.printInteger(Formatter.java:2793) ~[?:1.8.0_261]
	at java.util.Formatter$FormatSpecifier.print(Formatter.java:2747) ~[?:1.8.0_261]
	at java.util.Formatter.format(Formatter.java:2520) ~[?:1.8.0_261]
	at java.util.Formatter.format(Formatter.java:2455) ~[?:1.8.0_261]
	at java.lang.String.format(String.java:2940) ~[?:1.8.0_261]
	at com.CMD.export.pdf.ListToPdf.lambda$getDoubleList$0(ListToPdf.java:97) ~[CMD_Team_Project/:?]
	at java.util.ArrayList.forEach(ArrayList.java:1259) ~[?:1.8.0_261]
	at com.CMD.export.pdf.ListToPdf.getDoubleList(ListToPdf.java:91) ~[CMD_Team_Project/:?]
	at com.CMD.export.pdf.ListToPdf.doPrintToPdf(ListToPdf.java:39) ~[CMD_Team_Project/:?]
	at com.CMD.util.RequestAssistant.initPDFExport(RequestAssistant.java:49) ~[CMD_Team_Project/:?]
	at com.CMD.ui.settings.SettingsController.lambda$handleDatabaseExportAction$0(SettingsController.java:159) ~[CMD_Team_Project/:?]
	at com.sun.javafx.application.PlatformImpl.lambda$null$5(PlatformImpl.java:295) ~[jfxrt.jar:?]
	at java.security.AccessController.doPrivileged(Native Method) ~[?:1.8.0_261]
	at com.sun.javafx.application.PlatformImpl.lambda$runLater$6(PlatformImpl.java:294) ~[jfxrt.jar:?]
	at com.sun.glass.ui.InvokeLaterDispatcher$Future.run(InvokeLaterDispatcher.java:95) ~[jfxrt.jar:?]
	at com.sun.glass.ui.win.WinApplication._runLoop(Native Method) ~[jfxrt.jar:?]
	at com.sun.glass.ui.win.WinApplication.lambda$null$4(WinApplication.java:186) ~[jfxrt.jar:?]
	at java.lang.Thread.run(Thread.java:748) [?:1.8.0_261]
2020-12-09 17:06:45.201 [main] INFO  com.CMD.ui.main.Main - CMD Team Collation App launched on 09-12-2020 05:06:45 PM
2020-12-09 17:06:57.405 [JavaFX Application Thread] INFO  com.CMD.database.DataBaseHandler - Mail server info loaded from DB
2020-12-09 17:07:09.985 [JavaFX Application Thread] INFO  com.CMD.exceptions.ExceptionUtil - SLF4J: Failed to load class "org.slf4j.impl.StaticLoggerBinder".
2020-12-09 17:07:09.986 [JavaFX Application Thread] INFO  com.CMD.exceptions.ExceptionUtil - SLF4J: Defaulting to no-operation (NOP) logger implementation
2020-12-09 17:07:09.987 [JavaFX Application Thread] INFO  com.CMD.exceptions.ExceptionUtil - SLF4J: See http://www.slf4j.org/codes.html#StaticLoggerBinder for further details.
2020-12-09 17:07:10.039 [JavaFX Application Thread] ERROR com.CMD.exceptions.DefaultExceptionHandler - Exception occurred {}
java.lang.ArrayIndexOutOfBoundsException: 3
	at org.apache.commons.csv.CSVRecord.get(CSVRecord.java:81) ~[commons-csv-1.2.jar:1.2]
	at be.quodlibet.boxable.datatable.DataTable.addCsvToTable(DataTable.java:290) ~[boxable-1.6.jar:?]
	at be.quodlibet.boxable.datatable.DataTable.addListToTable(DataTable.java:204) ~[boxable-1.6.jar:?]
	at com.CMD.export.pdf.ListToPdf.doPrintToPdf(ListToPdf.java:72) ~[CMD_Team_Project/:?]
	at com.CMD.util.RequestAssistant.initPDFExport(RequestAssistant.java:49) ~[CMD_Team_Project/:?]
	at com.CMD.ui.settings.SettingsController.lambda$handleDatabaseExportAction$0(SettingsController.java:159) ~[CMD_Team_Project/:?]
	at com.sun.javafx.application.PlatformImpl.lambda$null$5(PlatformImpl.java:295) ~[jfxrt.jar:?]
	at java.security.AccessController.doPrivileged(Native Method) ~[?:1.8.0_261]
	at com.sun.javafx.application.PlatformImpl.lambda$runLater$6(PlatformImpl.java:294) ~[jfxrt.jar:?]
	at com.sun.glass.ui.InvokeLaterDispatcher$Future.run(InvokeLaterDispatcher.java:95) ~[jfxrt.jar:?]
	at com.sun.glass.ui.win.WinApplication._runLoop(Native Method) ~[jfxrt.jar:?]
	at com.sun.glass.ui.win.WinApplication.lambda$null$4(WinApplication.java:186) ~[jfxrt.jar:?]
	at java.lang.Thread.run(Thread.java:748) [?:1.8.0_261]
2020-12-09 17:11:08.568 [main] INFO  com.CMD.ui.main.Main - CMD Team Collation App launched on 09-12-2020 05:11:08 PM
2020-12-09 17:11:17.174 [JavaFX Application Thread] INFO  com.CMD.database.DataBaseHandler - Mail server info loaded from DB
2020-12-09 17:11:29.091 [JavaFX Application Thread] INFO  com.CMD.exceptions.ExceptionUtil - SLF4J: Failed to load class "org.slf4j.impl.StaticLoggerBinder".
2020-12-09 17:11:29.091 [JavaFX Application Thread] INFO  com.CMD.exceptions.ExceptionUtil - SLF4J: Defaulting to no-operation (NOP) logger implementation
2020-12-09 17:11:29.092 [JavaFX Application Thread] INFO  com.CMD.exceptions.ExceptionUtil - SLF4J: See http://www.slf4j.org/codes.html#StaticLoggerBinder for further details.
2020-12-09 17:11:29.133 [JavaFX Application Thread] ERROR com.CMD.exceptions.DefaultExceptionHandler - Exception occurred {}
java.lang.ArrayIndexOutOfBoundsException: 3
	at org.apache.commons.csv.CSVRecord.get(CSVRecord.java:81) ~[commons-csv-1.2.jar:1.2]
	at be.quodlibet.boxable.datatable.DataTable.addCsvToTable(DataTable.java:290) ~[boxable-1.6.jar:?]
	at be.quodlibet.boxable.datatable.DataTable.addListToTable(DataTable.java:204) ~[boxable-1.6.jar:?]
	at com.CMD.export.pdf.ListToPdf.doPrintToPdf(ListToPdf.java:72) ~[CMD_Team_Project/:?]
	at com.CMD.util.RequestAssistant.initPDFExport(RequestAssistant.java:49) ~[CMD_Team_Project/:?]
	at com.CMD.ui.settings.SettingsController.lambda$handleDatabaseExportAction$0(SettingsController.java:159) ~[CMD_Team_Project/:?]
	at com.sun.javafx.application.PlatformImpl.lambda$null$5(PlatformImpl.java:295) ~[jfxrt.jar:?]
	at java.security.AccessController.doPrivileged(Native Method) ~[?:1.8.0_261]
	at com.sun.javafx.application.PlatformImpl.lambda$runLater$6(PlatformImpl.java:294) ~[jfxrt.jar:?]
	at com.sun.glass.ui.InvokeLaterDispatcher$Future.run(InvokeLaterDispatcher.java:95) ~[jfxrt.jar:?]
	at com.sun.glass.ui.win.WinApplication._runLoop(Native Method) ~[jfxrt.jar:?]
	at com.sun.glass.ui.win.WinApplication.lambda$null$4(WinApplication.java:186) ~[jfxrt.jar:?]
	at java.lang.Thread.run(Thread.java:748) [?:1.8.0_261]
2020-12-09 17:12:54.055 [main] INFO  com.CMD.ui.main.Main - CMD Team Collation App launched on 09-12-2020 05:12:54 PM
2020-12-09 17:13:05.651 [JavaFX Application Thread] INFO  com.CMD.database.DataBaseHandler - Mail server info loaded from DB
2020-12-09 17:13:29.670 [JavaFX Application Thread] INFO  com.CMD.exceptions.ExceptionUtil - SLF4J: Failed to load class "org.slf4j.impl.StaticLoggerBinder".
2020-12-09 17:13:29.672 [JavaFX Application Thread] INFO  com.CMD.exceptions.ExceptionUtil - SLF4J: Defaulting to no-operation (NOP) logger implementation
2020-12-09 17:13:29.673 [JavaFX Application Thread] INFO  com.CMD.exceptions.ExceptionUtil - SLF4J: See http://www.slf4j.org/codes.html#StaticLoggerBinder for further details.
2020-12-09 17:13:29.844 [JavaFX Application Thread] ERROR com.CMD.exceptions.DefaultExceptionHandler - Exception occurred {}
java.lang.ArrayIndexOutOfBoundsException: 3
	at org.apache.commons.csv.CSVRecord.get(CSVRecord.java:81) ~[commons-csv-1.2.jar:1.2]
	at be.quodlibet.boxable.datatable.DataTable.addCsvToTable(DataTable.java:290) ~[boxable-1.6.jar:?]
	at be.quodlibet.boxable.datatable.DataTable.addListToTable(DataTable.java:204) ~[boxable-1.6.jar:?]
	at com.CMD.export.pdf.ListToPdf.doPrintToPdf(ListToPdf.java:72) ~[CMD_Team_Project/:?]
	at com.CMD.util.RequestAssistant.initPDFExport(RequestAssistant.java:49) ~[CMD_Team_Project/:?]
	at com.CMD.ui.settings.SettingsController.lambda$handleDatabaseExportAction$0(SettingsController.java:159) ~[CMD_Team_Project/:?]
	at com.sun.javafx.application.PlatformImpl.lambda$null$5(PlatformImpl.java:295) ~[jfxrt.jar:?]
	at java.security.AccessController.doPrivileged(Native Method) ~[?:1.8.0_261]
	at com.sun.javafx.application.PlatformImpl.lambda$runLater$6(PlatformImpl.java:294) ~[jfxrt.jar:?]
	at com.sun.glass.ui.InvokeLaterDispatcher$Future.run(InvokeLaterDispatcher.java:95) ~[jfxrt.jar:?]
	at com.sun.glass.ui.win.WinApplication._runLoop(Native Method) ~[jfxrt.jar:?]
	at com.sun.glass.ui.win.WinApplication.lambda$null$4(WinApplication.java:186) ~[jfxrt.jar:?]
	at java.lang.Thread.run(Thread.java:748) [?:1.8.0_261]
2020-12-09 17:13:58.850 [main] INFO  com.CMD.ui.main.Main - CMD Team Collation App launched on 09-12-2020 05:13:58 PM
2020-12-09 17:14:25.223 [JavaFX Application Thread] INFO  com.CMD.database.DataBaseHandler - Mail server info loaded from DB
2020-12-09 17:21:50.862 [JavaFX Application Thread] INFO  com.CMD.exceptions.ExceptionUtil - SLF4J: Failed to load class "org.slf4j.impl.StaticLoggerBinder".
2020-12-09 17:21:50.863 [JavaFX Application Thread] INFO  com.CMD.exceptions.ExceptionUtil - SLF4J: Defaulting to no-operation (NOP) logger implementation
2020-12-09 17:21:50.864 [JavaFX Application Thread] INFO  com.CMD.exceptions.ExceptionUtil - SLF4J: See http://www.slf4j.org/codes.html#StaticLoggerBinder for further details.
2020-12-09 17:25:48.968 [JavaFX Application Thread] ERROR com.CMD.exceptions.DefaultExceptionHandler - Exception occurred {}
java.lang.ArrayIndexOutOfBoundsException: 3
	at org.apache.commons.csv.CSVRecord.get(CSVRecord.java:81) ~[commons-csv-1.2.jar:1.2]
	at be.quodlibet.boxable.datatable.DataTable.addCsvToTable(DataTable.java:290) ~[boxable-1.6.jar:?]
	at be.quodlibet.boxable.datatable.DataTable.addListToTable(DataTable.java:204) ~[boxable-1.6.jar:?]
	at com.CMD.export.pdf.ListToPdf.doPrintToPdf(ListToPdf.java:72) ~[CMD_Team_Project/:?]
	at com.CMD.util.RequestAssistant.initPDFExport(RequestAssistant.java:49) ~[CMD_Team_Project/:?]
	at com.CMD.ui.settings.SettingsController.lambda$handleDatabaseExportAction$0(SettingsController.java:159) ~[CMD_Team_Project/:?]
	at com.sun.javafx.application.PlatformImpl.lambda$null$5(PlatformImpl.java:295) ~[jfxrt.jar:?]
	at java.security.AccessController.doPrivileged(Native Method) ~[?:1.8.0_261]
	at com.sun.javafx.application.PlatformImpl.lambda$runLater$6(PlatformImpl.java:294) ~[jfxrt.jar:?]
	at com.sun.glass.ui.InvokeLaterDispatcher$Future.run$$$capture(InvokeLaterDispatcher.java:95) ~[jfxrt.jar:?]
	at com.sun.glass.ui.InvokeLaterDispatcher$Future.run(InvokeLaterDispatcher.java) ~[jfxrt.jar:?]
	at com.sun.glass.ui.win.WinApplication._runLoop(Native Method) ~[jfxrt.jar:?]
	at com.sun.glass.ui.win.WinApplication.lambda$null$4(WinApplication.java:186) ~[jfxrt.jar:?]
	at java.lang.Thread.run(Thread.java:748) [?:1.8.0_261]
2020-12-09 17:25:49.192 [JavaFX Application Thread] INFO  com.CMD.exceptions.ExceptionUtil - java.util.concurrent.RejectedExecutionException: Task com.sun.javafx.tk.quantum.PaintRenderJob@419551ef rejected from com.sun.javafx.tk.quantum.QuantumRenderer@2220abff[Terminated, pool size = 0, active threads = 0, queued tasks = 0, completed tasks = 559]
2020-12-09 17:25:49.183 [Thread-2] ERROR com.CMD.exceptions.DefaultExceptionHandler - Exception occurred {}
java.lang.IncompatibleClassChangeError: null
2020-12-09 17:26:00.449 [main] INFO  com.CMD.ui.main.Main - CMD Team Collation App launched on 09-12-2020 05:26:00 PM
2020-12-09 17:26:08.806 [JavaFX Application Thread] INFO  com.CMD.database.DataBaseHandler - Mail server info loaded from DB
2020-12-09 17:26:24.235 [JavaFX Application Thread] INFO  com.CMD.exceptions.ExceptionUtil - SLF4J: Failed to load class "org.slf4j.impl.StaticLoggerBinder".
2020-12-09 17:26:24.236 [JavaFX Application Thread] INFO  com.CMD.exceptions.ExceptionUtil - SLF4J: Defaulting to no-operation (NOP) logger implementation
2020-12-09 17:26:24.237 [JavaFX Application Thread] INFO  com.CMD.exceptions.ExceptionUtil - SLF4J: See http://www.slf4j.org/codes.html#StaticLoggerBinder for further details.
2020-12-09 17:28:07.964 [main] INFO  com.CMD.ui.main.Main - CMD Team Collation App launched on 09-12-2020 05:28:07 PM
2020-12-09 17:28:20.191 [JavaFX Application Thread] INFO  com.CMD.database.DataBaseHandler - Mail server info loaded from DB
2020-12-09 17:28:35.636 [JavaFX Application Thread] INFO  com.CMD.exceptions.ExceptionUtil - SLF4J: Failed to load class "org.slf4j.impl.StaticLoggerBinder".
2020-12-09 17:28:35.637 [JavaFX Application Thread] INFO  com.CMD.exceptions.ExceptionUtil - SLF4J: Defaulting to no-operation (NOP) logger implementation
2020-12-09 17:28:35.637 [JavaFX Application Thread] INFO  com.CMD.exceptions.ExceptionUtil - SLF4J: See http://www.slf4j.org/codes.html#StaticLoggerBinder for further details.
2020-12-09 17:29:08.245 [main] INFO  com.CMD.ui.main.Main - CMD Team Collation App launched on 09-12-2020 05:29:08 PM
2020-12-09 17:29:19.470 [JavaFX Application Thread] INFO  com.CMD.database.DataBaseHandler - Mail server info loaded from DB
2020-12-09 17:29:47.218 [JavaFX Application Thread] INFO  com.CMD.exceptions.ExceptionUtil - SLF4J: Failed to load class "org.slf4j.impl.StaticLoggerBinder".
2020-12-09 17:29:47.219 [JavaFX Application Thread] INFO  com.CMD.exceptions.ExceptionUtil - SLF4J: Defaulting to no-operation (NOP) logger implementation
2020-12-09 17:29:47.219 [JavaFX Application Thread] INFO  com.CMD.exceptions.ExceptionUtil - SLF4J: See http://www.slf4j.org/codes.html#StaticLoggerBinder for further details.
