2020-12-08 03:43:09.088 [main] INFO  com.CMD.ui.main.Main - CMD Team Collation App launched on 08-12-2020 03:43:09 AM
2020-12-08 03:43:36.612 [JavaFX Application Thread] INFO  com.CMD.database.DataBaseHandler - Mail server info loaded from DB
2020-12-08 03:43:55.487 [JavaFX Application Thread] INFO  com.CMD.exceptions.ExceptionUtil - SLF4J: Failed to load class "org.slf4j.impl.StaticLoggerBinder".
2020-12-08 03:43:55.488 [JavaFX Application Thread] INFO  com.CMD.exceptions.ExceptionUtil - SLF4J: Defaulting to no-operation (NOP) logger implementation
2020-12-08 03:43:55.488 [JavaFX Application Thread] INFO  com.CMD.exceptions.ExceptionUtil - SLF4J: See http://www.slf4j.org/codes.html#StaticLoggerBinder for further details.
2020-12-08 03:43:55.820 [JavaFX Application Thread] ERROR com.CMD.exceptions.DefaultExceptionHandler - Exception occurred {}
java.lang.RuntimeException: java.lang.reflect.InvocationTargetException
	at javafx.fxml.FXMLLoader$MethodHandler.invoke(FXMLLoader.java:1774) ~[jfxrt.jar:?]
	at javafx.fxml.FXMLLoader$ControllerMethodEventHandler.handle(FXMLLoader.java:1657) ~[jfxrt.jar:?]
	at com.sun.javafx.event.CompositeEventHandler.dispatchBubblingEvent(CompositeEventHandler.java:86) ~[jfxrt.jar:?]
	at com.sun.javafx.event.EventHandlerManager.dispatchBubblingEvent(EventHandlerManager.java:238) ~[jfxrt.jar:?]
	at com.sun.javafx.event.EventHandlerManager.dispatchBubblingEvent(EventHandlerManager.java:191) ~[jfxrt.jar:?]
	at com.sun.javafx.event.CompositeEventDispatcher.dispatchBubblingEvent(CompositeEventDispatcher.java:59) ~[jfxrt.jar:?]
	at com.sun.javafx.event.BasicEventDispatcher.dispatchEvent(BasicEventDispatcher.java:58) ~[jfxrt.jar:?]
	at com.sun.javafx.event.EventDispatchChainImpl.dispatchEvent(EventDispatchChainImpl.java:114) ~[jfxrt.jar:?]
	at com.sun.javafx.event.BasicEventDispatcher.dispatchEvent(BasicEventDispatcher.java:56) ~[jfxrt.jar:?]
	at com.sun.javafx.event.EventDispatchChainImpl.dispatchEvent(EventDispatchChainImpl.java:114) ~[jfxrt.jar:?]
	at com.sun.javafx.event.BasicEventDispatcher.dispatchEvent(BasicEventDispatcher.java:56) ~[jfxrt.jar:?]
	at com.sun.javafx.event.EventDispatchChainImpl.dispatchEvent(EventDispatchChainImpl.java:114) ~[jfxrt.jar:?]
	at com.sun.javafx.event.BasicEventDispatcher.dispatchEvent(BasicEventDispatcher.java:56) ~[jfxrt.jar:?]
	at com.sun.javafx.event.EventDispatchChainImpl.dispatchEvent(EventDispatchChainImpl.java:114) ~[jfxrt.jar:?]
	at com.sun.javafx.event.BasicEventDispatcher.dispatchEvent(BasicEventDispatcher.java:56) ~[jfxrt.jar:?]
	at com.sun.javafx.event.EventDispatchChainImpl.dispatchEvent(EventDispatchChainImpl.java:114) ~[jfxrt.jar:?]
	at com.sun.javafx.event.EventUtil.fireEventImpl(EventUtil.java:74) ~[jfxrt.jar:?]
	at com.sun.javafx.event.EventUtil.fireEvent(EventUtil.java:49) ~[jfxrt.jar:?]
	at javafx.event.Event.fireEvent(Event.java:198) ~[jfxrt.jar:?]
	at javafx.scene.Node.fireEvent(Node.java:8411) ~[jfxrt.jar:?]
	at javafx.scene.control.Button.fire(Button.java:185) ~[jfxrt.jar:?]
	at com.sun.javafx.scene.control.behavior.ButtonBehavior.mouseReleased(ButtonBehavior.java:182) ~[jfxrt.jar:?]
	at com.sun.javafx.scene.control.skin.BehaviorSkinBase$1.handle(BehaviorSkinBase.java:96) ~[jfxrt.jar:?]
	at com.sun.javafx.scene.control.skin.BehaviorSkinBase$1.handle(BehaviorSkinBase.java:89) ~[jfxrt.jar:?]
	at com.sun.javafx.event.CompositeEventHandler$NormalEventHandlerRecord.handleBubblingEvent(CompositeEventHandler.java:218) ~[jfxrt.jar:?]
	at com.sun.javafx.event.CompositeEventHandler.dispatchBubblingEvent(CompositeEventHandler.java:80) ~[jfxrt.jar:?]
	at com.sun.javafx.event.EventHandlerManager.dispatchBubblingEvent(EventHandlerManager.java:238) ~[jfxrt.jar:?]
	at com.sun.javafx.event.EventHandlerManager.dispatchBubblingEvent(EventHandlerManager.java:191) ~[jfxrt.jar:?]
	at com.sun.javafx.event.CompositeEventDispatcher.dispatchBubblingEvent(CompositeEventDispatcher.java:59) ~[jfxrt.jar:?]
	at com.sun.javafx.event.BasicEventDispatcher.dispatchEvent(BasicEventDispatcher.java:58) ~[jfxrt.jar:?]
	at com.sun.javafx.event.EventDispatchChainImpl.dispatchEvent(EventDispatchChainImpl.java:114) ~[jfxrt.jar:?]
	at com.sun.javafx.event.BasicEventDispatcher.dispatchEvent(BasicEventDispatcher.java:56) ~[jfxrt.jar:?]
	at com.sun.javafx.event.EventDispatchChainImpl.dispatchEvent(EventDispatchChainImpl.java:114) ~[jfxrt.jar:?]
	at com.sun.javafx.event.BasicEventDispatcher.dispatchEvent(BasicEventDispatcher.java:56) ~[jfxrt.jar:?]
	at com.sun.javafx.event.EventDispatchChainImpl.dispatchEvent(EventDispatchChainImpl.java:114) ~[jfxrt.jar:?]
	at com.sun.javafx.event.BasicEventDispatcher.dispatchEvent(BasicEventDispatcher.java:56) ~[jfxrt.jar:?]
	at com.sun.javafx.event.EventDispatchChainImpl.dispatchEvent(EventDispatchChainImpl.java:114) ~[jfxrt.jar:?]
	at com.sun.javafx.event.BasicEventDispatcher.dispatchEvent(BasicEventDispatcher.java:56) ~[jfxrt.jar:?]
	at com.sun.javafx.event.EventDispatchChainImpl.dispatchEvent(EventDispatchChainImpl.java:114) ~[jfxrt.jar:?]
	at com.sun.javafx.event.EventUtil.fireEventImpl(EventUtil.java:74) ~[jfxrt.jar:?]
	at com.sun.javafx.event.EventUtil.fireEvent(EventUtil.java:54) ~[jfxrt.jar:?]
	at javafx.event.Event.fireEvent(Event.java:198) ~[jfxrt.jar:?]
	at javafx.scene.Scene$MouseHandler.process(Scene.java:3757) ~[jfxrt.jar:?]
	at javafx.scene.Scene$MouseHandler.access$1500(Scene.java:3485) ~[jfxrt.jar:?]
	at javafx.scene.Scene.impl_processMouseEvent(Scene.java:1762) ~[jfxrt.jar:?]
	at javafx.scene.Scene$ScenePeerListener.mouseEvent(Scene.java:2494) ~[jfxrt.jar:?]
	at com.sun.javafx.tk.quantum.GlassViewEventHandler$MouseEventNotification.run(GlassViewEventHandler.java:394) ~[jfxrt.jar:?]
	at com.sun.javafx.tk.quantum.GlassViewEventHandler$MouseEventNotification.run(GlassViewEventHandler.java:295) ~[jfxrt.jar:?]
	at java.security.AccessController.doPrivileged(Native Method) ~[?:1.8.0_261]
	at com.sun.javafx.tk.quantum.GlassViewEventHandler.lambda$handleMouseEvent$2(GlassViewEventHandler.java:432) ~[jfxrt.jar:?]
	at com.sun.javafx.tk.quantum.QuantumToolkit.runWithoutRenderLock(QuantumToolkit.java:410) ~[jfxrt.jar:?]
	at com.sun.javafx.tk.quantum.GlassViewEventHandler.handleMouseEvent(GlassViewEventHandler.java:431) ~[jfxrt.jar:?]
	at com.sun.glass.ui.View.handleMouseEvent(View.java:555) ~[jfxrt.jar:?]
	at com.sun.glass.ui.View.notifyMouse(View.java:937) ~[jfxrt.jar:?]
	at com.sun.glass.ui.win.WinApplication._runLoop(Native Method) ~[jfxrt.jar:?]
	at com.sun.glass.ui.win.WinApplication.lambda$null$4(WinApplication.java:186) ~[jfxrt.jar:?]
	at java.lang.Thread.run(Thread.java:748) [?:1.8.0_261]
Caused by: java.lang.reflect.InvocationTargetException
	at sun.reflect.NativeMethodAccessorImpl.invoke0(Native Method) ~[?:1.8.0_261]
	at sun.reflect.NativeMethodAccessorImpl.invoke(NativeMethodAccessorImpl.java:62) ~[?:1.8.0_261]
	at sun.reflect.DelegatingMethodAccessorImpl.invoke(DelegatingMethodAccessorImpl.java:43) ~[?:1.8.0_261]
	at java.lang.reflect.Method.invoke(Method.java:498) ~[?:1.8.0_261]
	at sun.reflect.misc.Trampoline.invoke(MethodUtil.java:71) ~[?:1.8.0_261]
	at sun.reflect.GeneratedMethodAccessor2.invoke(Unknown Source) ~[?:?]
	at sun.reflect.DelegatingMethodAccessorImpl.invoke(DelegatingMethodAccessorImpl.java:43) ~[?:1.8.0_261]
	at java.lang.reflect.Method.invoke(Method.java:498) ~[?:1.8.0_261]
	at sun.reflect.misc.MethodUtil.invoke(MethodUtil.java:275) ~[?:1.8.0_261]
	at javafx.fxml.FXMLLoader$MethodHandler.invoke(FXMLLoader.java:1771) ~[jfxrt.jar:?]
	... 56 more
Caused by: java.lang.NullPointerException
	at com.CMD.alert.AlertMaker.showMaterialDialog(AlertMaker.java:104) ~[CMD_Team_Project/:?]
	at com.CMD.util.RequestAssistant.initPDFExport(RequestAssistant.java:59) ~[CMD_Team_Project/:?]
	at com.CMD.ui.settings.SettingsController.handleDatabaseExportAction(SettingsController.java:152) ~[CMD_Team_Project/:?]
	at sun.reflect.NativeMethodAccessorImpl.invoke0(Native Method) ~[?:1.8.0_261]
	at sun.reflect.NativeMethodAccessorImpl.invoke(NativeMethodAccessorImpl.java:62) ~[?:1.8.0_261]
	at sun.reflect.DelegatingMethodAccessorImpl.invoke(DelegatingMethodAccessorImpl.java:43) ~[?:1.8.0_261]
	at java.lang.reflect.Method.invoke(Method.java:498) ~[?:1.8.0_261]
	at sun.reflect.misc.Trampoline.invoke(MethodUtil.java:71) ~[?:1.8.0_261]
	at sun.reflect.GeneratedMethodAccessor2.invoke(Unknown Source) ~[?:?]
	at sun.reflect.DelegatingMethodAccessorImpl.invoke(DelegatingMethodAccessorImpl.java:43) ~[?:1.8.0_261]
	at java.lang.reflect.Method.invoke(Method.java:498) ~[?:1.8.0_261]
	at sun.reflect.misc.MethodUtil.invoke(MethodUtil.java:275) ~[?:1.8.0_261]
	at javafx.fxml.FXMLLoader$MethodHandler.invoke(FXMLLoader.java:1771) ~[jfxrt.jar:?]
	... 56 more
2020-12-08 03:47:51.313 [JavaFX Application Thread] ERROR com.CMD.exceptions.DefaultExceptionHandler - Exception occurred {}
java.lang.NullPointerException: null
	at com.CMD.alert.AlertMaker.lambda$showMaterialDialog$2(AlertMaker.java:102) ~[CMD_Team_Project/:?]
	at com.sun.javafx.event.CompositeEventHandler.dispatchBubblingEvent(CompositeEventHandler.java:86) ~[jfxrt.jar:?]
	at com.sun.javafx.event.EventHandlerManager.dispatchBubblingEvent(EventHandlerManager.java:238) ~[jfxrt.jar:?]
	at com.sun.javafx.event.EventHandlerManager.dispatchBubblingEvent(EventHandlerManager.java:191) ~[jfxrt.jar:?]
	at com.sun.javafx.event.CompositeEventDispatcher.dispatchBubblingEvent(CompositeEventDispatcher.java:59) ~[jfxrt.jar:?]
	at com.sun.javafx.event.BasicEventDispatcher.dispatchEvent(BasicEventDispatcher.java:58) ~[jfxrt.jar:?]
	at com.sun.javafx.event.EventDispatchChainImpl.dispatchEvent(EventDispatchChainImpl.java:114) ~[jfxrt.jar:?]
	at com.sun.javafx.event.BasicEventDispatcher.dispatchEvent(BasicEventDispatcher.java:56) ~[jfxrt.jar:?]
	at com.sun.javafx.event.EventDispatchChainImpl.dispatchEvent(EventDispatchChainImpl.java:114) ~[jfxrt.jar:?]
	at com.sun.javafx.event.BasicEventDispatcher.dispatchEvent(BasicEventDispatcher.java:56) ~[jfxrt.jar:?]
	at com.sun.javafx.event.EventDispatchChainImpl.dispatchEvent(EventDispatchChainImpl.java:114) ~[jfxrt.jar:?]
	at com.sun.javafx.event.BasicEventDispatcher.dispatchEvent(BasicEventDispatcher.java:56) ~[jfxrt.jar:?]
	at com.sun.javafx.event.EventDispatchChainImpl.dispatchEvent(EventDispatchChainImpl.java:114) ~[jfxrt.jar:?]
	at com.sun.javafx.event.EventUtil.fireEventImpl(EventUtil.java:74) ~[jfxrt.jar:?]
	at com.sun.javafx.event.EventUtil.fireEvent(EventUtil.java:54) ~[jfxrt.jar:?]
	at javafx.event.Event.fireEvent(Event.java:198) ~[jfxrt.jar:?]
	at com.jfoenix.controls.JFXDialog.closeDialog(JFXDialog.java:344) ~[jfoenix-8.0.10.jar:8.0.10]
	at com.jfoenix.controls.JFXDialog.lambda$close$4(JFXDialog.java:332) ~[jfoenix-8.0.10.jar:8.0.10]
	at com.jfoenix.controls.JFXDialog$$Lambda$6.handle(Unknown Source) ~[jfoenix-8.0.10.jar:8.0.10]
	at javafx.animation.Animation.impl_finished(Animation.java:1132) ~[jfxrt.jar:?]
	at javafx.animation.AnimationAccessorImpl.finished(AnimationAccessorImpl.java:49) ~[jfxrt.jar:?]
	at com.sun.scenario.animation.shared.SingleLoopClipEnvelope.timePulse(SingleLoopClipEnvelope.java:103) ~[jfxrt.jar:?]
	at javafx.animation.Animation.impl_timePulse(Animation.java:1102) ~[jfxrt.jar:?]
	at javafx.animation.Animation$1.lambda$timePulse$0(Animation.java:186) ~[jfxrt.jar:?]
	at java.security.AccessController.doPrivileged(Native Method) ~[?:1.8.0_261]
	at javafx.animation.Animation$1.timePulse(Animation.java:185) ~[jfxrt.jar:?]
	at com.sun.scenario.animation.AbstractMasterTimer.timePulseImpl(AbstractMasterTimer.java:344) ~[jfxrt.jar:?]
	at com.sun.scenario.animation.AbstractMasterTimer$MainLoop.run(AbstractMasterTimer.java:267) ~[jfxrt.jar:?]
	at com.sun.javafx.tk.quantum.QuantumToolkit.pulse(QuantumToolkit.java:557) ~[jfxrt.jar:?]
	at com.sun.javafx.tk.quantum.QuantumToolkit.pulse(QuantumToolkit.java:541) ~[jfxrt.jar:?]
	at com.sun.javafx.tk.quantum.QuantumToolkit.pulseFromQueue(QuantumToolkit.java:534) ~[jfxrt.jar:?]
	at com.sun.javafx.tk.quantum.QuantumToolkit.lambda$runToolkit$11(QuantumToolkit.java:340) ~[jfxrt.jar:?]
	at com.sun.glass.ui.InvokeLaterDispatcher$Future.run(InvokeLaterDispatcher.java:95) ~[jfxrt.jar:?]
	at com.sun.glass.ui.win.WinApplication._runLoop(Native Method) ~[jfxrt.jar:?]
	at com.sun.glass.ui.win.WinApplication.lambda$null$4(WinApplication.java:186) ~[jfxrt.jar:?]
	at java.lang.Thread.run(Thread.java:748) [?:1.8.0_261]
2020-12-08 03:56:23.808 [main] INFO  com.CMD.ui.main.Main - CMD Team Collation App launched on 08-12-2020 03:56:23 AM
2020-12-08 03:58:50.047 [main] INFO  com.CMD.ui.main.Main - CMD Team Collation App launched on 08-12-2020 03:58:50 AM
2020-12-08 03:59:04.538 [JavaFX Application Thread] INFO  com.CMD.database.DataBaseHandler - Mail server info loaded from DB
2020-12-08 03:59:23.156 [JavaFX Application Thread] INFO  com.CMD.exceptions.ExceptionUtil - SLF4J: Failed to load class "org.slf4j.impl.StaticLoggerBinder".
2020-12-08 03:59:23.156 [JavaFX Application Thread] INFO  com.CMD.exceptions.ExceptionUtil - SLF4J: Defaulting to no-operation (NOP) logger implementation
2020-12-08 03:59:23.157 [JavaFX Application Thread] INFO  com.CMD.exceptions.ExceptionUtil - SLF4J: See http://www.slf4j.org/codes.html#StaticLoggerBinder for further details.
2020-12-08 03:59:23.510 [JavaFX Application Thread] ERROR com.CMD.exceptions.DefaultExceptionHandler - Exception occurred {}
java.lang.RuntimeException: java.lang.reflect.InvocationTargetException
	at javafx.fxml.FXMLLoader$MethodHandler.invoke(FXMLLoader.java:1774) ~[jfxrt.jar:?]
	at javafx.fxml.FXMLLoader$ControllerMethodEventHandler.handle(FXMLLoader.java:1657) ~[jfxrt.jar:?]
	at com.sun.javafx.event.CompositeEventHandler.dispatchBubblingEvent(CompositeEventHandler.java:86) ~[jfxrt.jar:?]
	at com.sun.javafx.event.EventHandlerManager.dispatchBubblingEvent(EventHandlerManager.java:238) ~[jfxrt.jar:?]
	at com.sun.javafx.event.EventHandlerManager.dispatchBubblingEvent(EventHandlerManager.java:191) ~[jfxrt.jar:?]
	at com.sun.javafx.event.CompositeEventDispatcher.dispatchBubblingEvent(CompositeEventDispatcher.java:59) ~[jfxrt.jar:?]
	at com.sun.javafx.event.BasicEventDispatcher.dispatchEvent(BasicEventDispatcher.java:58) ~[jfxrt.jar:?]
	at com.sun.javafx.event.EventDispatchChainImpl.dispatchEvent(EventDispatchChainImpl.java:114) ~[jfxrt.jar:?]
	at com.sun.javafx.event.BasicEventDispatcher.dispatchEvent(BasicEventDispatcher.java:56) ~[jfxrt.jar:?]
	at com.sun.javafx.event.EventDispatchChainImpl.dispatchEvent(EventDispatchChainImpl.java:114) ~[jfxrt.jar:?]
	at com.sun.javafx.event.BasicEventDispatcher.dispatchEvent(BasicEventDispatcher.java:56) ~[jfxrt.jar:?]
	at com.sun.javafx.event.EventDispatchChainImpl.dispatchEvent(EventDispatchChainImpl.java:114) ~[jfxrt.jar:?]
	at com.sun.javafx.event.BasicEventDispatcher.dispatchEvent(BasicEventDispatcher.java:56) ~[jfxrt.jar:?]
	at com.sun.javafx.event.EventDispatchChainImpl.dispatchEvent(EventDispatchChainImpl.java:114) ~[jfxrt.jar:?]
	at com.sun.javafx.event.BasicEventDispatcher.dispatchEvent(BasicEventDispatcher.java:56) ~[jfxrt.jar:?]
	at com.sun.javafx.event.EventDispatchChainImpl.dispatchEvent(EventDispatchChainImpl.java:114) ~[jfxrt.jar:?]
	at com.sun.javafx.event.EventUtil.fireEventImpl(EventUtil.java:74) ~[jfxrt.jar:?]
	at com.sun.javafx.event.EventUtil.fireEvent(EventUtil.java:49) ~[jfxrt.jar:?]
	at javafx.event.Event.fireEvent(Event.java:198) ~[jfxrt.jar:?]
	at javafx.scene.Node.fireEvent(Node.java:8411) ~[jfxrt.jar:?]
	at javafx.scene.control.Button.fire(Button.java:185) ~[jfxrt.jar:?]
	at com.sun.javafx.scene.control.behavior.ButtonBehavior.mouseReleased(ButtonBehavior.java:182) ~[jfxrt.jar:?]
	at com.sun.javafx.scene.control.skin.BehaviorSkinBase$1.handle(BehaviorSkinBase.java:96) ~[jfxrt.jar:?]
	at com.sun.javafx.scene.control.skin.BehaviorSkinBase$1.handle(BehaviorSkinBase.java:89) ~[jfxrt.jar:?]
	at com.sun.javafx.event.CompositeEventHandler$NormalEventHandlerRecord.handleBubblingEvent(CompositeEventHandler.java:218) ~[jfxrt.jar:?]
	at com.sun.javafx.event.CompositeEventHandler.dispatchBubblingEvent(CompositeEventHandler.java:80) ~[jfxrt.jar:?]
	at com.sun.javafx.event.EventHandlerManager.dispatchBubblingEvent(EventHandlerManager.java:238) ~[jfxrt.jar:?]
	at com.sun.javafx.event.EventHandlerManager.dispatchBubblingEvent(EventHandlerManager.java:191) ~[jfxrt.jar:?]
	at com.sun.javafx.event.CompositeEventDispatcher.dispatchBubblingEvent(CompositeEventDispatcher.java:59) ~[jfxrt.jar:?]
	at com.sun.javafx.event.BasicEventDispatcher.dispatchEvent(BasicEventDispatcher.java:58) ~[jfxrt.jar:?]
	at com.sun.javafx.event.EventDispatchChainImpl.dispatchEvent(EventDispatchChainImpl.java:114) ~[jfxrt.jar:?]
	at com.sun.javafx.event.BasicEventDispatcher.dispatchEvent(BasicEventDispatcher.java:56) ~[jfxrt.jar:?]
	at com.sun.javafx.event.EventDispatchChainImpl.dispatchEvent(EventDispatchChainImpl.java:114) ~[jfxrt.jar:?]
	at com.sun.javafx.event.BasicEventDispatcher.dispatchEvent(BasicEventDispatcher.java:56) ~[jfxrt.jar:?]
	at com.sun.javafx.event.EventDispatchChainImpl.dispatchEvent(EventDispatchChainImpl.java:114) ~[jfxrt.jar:?]
	at com.sun.javafx.event.BasicEventDispatcher.dispatchEvent(BasicEventDispatcher.java:56) ~[jfxrt.jar:?]
	at com.sun.javafx.event.EventDispatchChainImpl.dispatchEvent(EventDispatchChainImpl.java:114) ~[jfxrt.jar:?]
	at com.sun.javafx.event.BasicEventDispatcher.dispatchEvent(BasicEventDispatcher.java:56) ~[jfxrt.jar:?]
	at com.sun.javafx.event.EventDispatchChainImpl.dispatchEvent(EventDispatchChainImpl.java:114) ~[jfxrt.jar:?]
	at com.sun.javafx.event.EventUtil.fireEventImpl(EventUtil.java:74) ~[jfxrt.jar:?]
	at com.sun.javafx.event.EventUtil.fireEvent(EventUtil.java:54) ~[jfxrt.jar:?]
	at javafx.event.Event.fireEvent(Event.java:198) ~[jfxrt.jar:?]
	at javafx.scene.Scene$MouseHandler.process(Scene.java:3757) ~[jfxrt.jar:?]
	at javafx.scene.Scene$MouseHandler.access$1500(Scene.java:3485) ~[jfxrt.jar:?]
	at javafx.scene.Scene.impl_processMouseEvent(Scene.java:1762) ~[jfxrt.jar:?]
	at javafx.scene.Scene$ScenePeerListener.mouseEvent(Scene.java:2494) ~[jfxrt.jar:?]
	at com.sun.javafx.tk.quantum.GlassViewEventHandler$MouseEventNotification.run(GlassViewEventHandler.java:394) ~[jfxrt.jar:?]
	at com.sun.javafx.tk.quantum.GlassViewEventHandler$MouseEventNotification.run(GlassViewEventHandler.java:295) ~[jfxrt.jar:?]
	at java.security.AccessController.doPrivileged(Native Method) ~[?:1.8.0_261]
	at com.sun.javafx.tk.quantum.GlassViewEventHandler.lambda$handleMouseEvent$2(GlassViewEventHandler.java:432) ~[jfxrt.jar:?]
	at com.sun.javafx.tk.quantum.QuantumToolkit.runWithoutRenderLock(QuantumToolkit.java:410) ~[jfxrt.jar:?]
	at com.sun.javafx.tk.quantum.GlassViewEventHandler.handleMouseEvent(GlassViewEventHandler.java:431) ~[jfxrt.jar:?]
	at com.sun.glass.ui.View.handleMouseEvent(View.java:555) ~[jfxrt.jar:?]
	at com.sun.glass.ui.View.notifyMouse(View.java:937) ~[jfxrt.jar:?]
	at com.sun.glass.ui.win.WinApplication._runLoop(Native Method) ~[jfxrt.jar:?]
	at com.sun.glass.ui.win.WinApplication.lambda$null$4(WinApplication.java:186) ~[jfxrt.jar:?]
	at java.lang.Thread.run(Thread.java:748) [?:1.8.0_261]
Caused by: java.lang.reflect.InvocationTargetException
	at sun.reflect.NativeMethodAccessorImpl.invoke0(Native Method) ~[?:1.8.0_261]
	at sun.reflect.NativeMethodAccessorImpl.invoke(NativeMethodAccessorImpl.java:62) ~[?:1.8.0_261]
	at sun.reflect.DelegatingMethodAccessorImpl.invoke(DelegatingMethodAccessorImpl.java:43) ~[?:1.8.0_261]
	at java.lang.reflect.Method.invoke(Method.java:498) ~[?:1.8.0_261]
	at sun.reflect.misc.Trampoline.invoke(MethodUtil.java:71) ~[?:1.8.0_261]
	at sun.reflect.GeneratedMethodAccessor2.invoke(Unknown Source) ~[?:?]
	at sun.reflect.DelegatingMethodAccessorImpl.invoke(DelegatingMethodAccessorImpl.java:43) ~[?:1.8.0_261]
	at java.lang.reflect.Method.invoke(Method.java:498) ~[?:1.8.0_261]
	at sun.reflect.misc.MethodUtil.invoke(MethodUtil.java:275) ~[?:1.8.0_261]
	at javafx.fxml.FXMLLoader$MethodHandler.invoke(FXMLLoader.java:1771) ~[jfxrt.jar:?]
	... 56 more
Caused by: java.lang.NullPointerException
	at com.CMD.alert.AlertMaker.showMaterialDialog(AlertMaker.java:106) ~[CMD_Team_Project/:?]
	at com.CMD.util.RequestAssistant.initPDFExport(RequestAssistant.java:59) ~[CMD_Team_Project/:?]
	at com.CMD.ui.settings.SettingsController.handleDatabaseExportAction(SettingsController.java:152) ~[CMD_Team_Project/:?]
	at sun.reflect.NativeMethodAccessorImpl.invoke0(Native Method) ~[?:1.8.0_261]
	at sun.reflect.NativeMethodAccessorImpl.invoke(NativeMethodAccessorImpl.java:62) ~[?:1.8.0_261]
	at sun.reflect.DelegatingMethodAccessorImpl.invoke(DelegatingMethodAccessorImpl.java:43) ~[?:1.8.0_261]
	at java.lang.reflect.Method.invoke(Method.java:498) ~[?:1.8.0_261]
	at sun.reflect.misc.Trampoline.invoke(MethodUtil.java:71) ~[?:1.8.0_261]
	at sun.reflect.GeneratedMethodAccessor2.invoke(Unknown Source) ~[?:?]
	at sun.reflect.DelegatingMethodAccessorImpl.invoke(DelegatingMethodAccessorImpl.java:43) ~[?:1.8.0_261]
	at java.lang.reflect.Method.invoke(Method.java:498) ~[?:1.8.0_261]
	at sun.reflect.misc.MethodUtil.invoke(MethodUtil.java:275) ~[?:1.8.0_261]
	at javafx.fxml.FXMLLoader$MethodHandler.invoke(FXMLLoader.java:1771) ~[jfxrt.jar:?]
	... 56 more
2020-12-08 04:01:32.845 [main] INFO  com.CMD.ui.main.Main - CMD Team Collation App launched on 08-12-2020 04:01:32 AM
2020-12-08 04:03:58.568 [JavaFX Application Thread] INFO  com.CMD.database.DataBaseHandler - Mail server info loaded from DB
2020-12-08 04:04:23.486 [JavaFX Application Thread] INFO  com.CMD.exceptions.ExceptionUtil - SLF4J: Failed to load class "org.slf4j.impl.StaticLoggerBinder".
2020-12-08 04:04:23.486 [JavaFX Application Thread] INFO  com.CMD.exceptions.ExceptionUtil - SLF4J: Defaulting to no-operation (NOP) logger implementation
2020-12-08 04:04:23.487 [JavaFX Application Thread] INFO  com.CMD.exceptions.ExceptionUtil - SLF4J: See http://www.slf4j.org/codes.html#StaticLoggerBinder for further details.
2020-12-08 04:18:01.598 [main] INFO  com.CMD.ui.main.Main - CMD Team Collation App launched on 08-12-2020 04:18:01 AM
2020-12-08 04:18:24.848 [JavaFX Application Thread] INFO  com.CMD.database.DataBaseHandler - Mail server info loaded from DB
2020-12-08 04:19:17.654 [JavaFX Application Thread] INFO  com.CMD.exceptions.ExceptionUtil - SLF4J: Failed to load class "org.slf4j.impl.StaticLoggerBinder".
2020-12-08 04:19:17.654 [JavaFX Application Thread] INFO  com.CMD.exceptions.ExceptionUtil - SLF4J: Defaulting to no-operation (NOP) logger implementation
2020-12-08 04:19:17.655 [JavaFX Application Thread] INFO  com.CMD.exceptions.ExceptionUtil - SLF4J: See http://www.slf4j.org/codes.html#StaticLoggerBinder for further details.
2020-12-08 04:45:55.801 [main] INFO  com.CMD.ui.main.Main - CMD Team Collation App launched on 08-12-2020 04:45:55 AM
2020-12-08 04:46:31.756 [JavaFX Application Thread] INFO  com.CMD.database.DataBaseHandler - Mail server info loaded from DB
2020-12-08 04:47:08.184 [JavaFX Application Thread] INFO  com.CMD.exceptions.ExceptionUtil - SLF4J: Failed to load class "org.slf4j.impl.StaticLoggerBinder".
2020-12-08 04:47:08.184 [JavaFX Application Thread] INFO  com.CMD.exceptions.ExceptionUtil - SLF4J: Defaulting to no-operation (NOP) logger implementation
2020-12-08 04:47:08.185 [JavaFX Application Thread] INFO  com.CMD.exceptions.ExceptionUtil - SLF4J: See http://www.slf4j.org/codes.html#StaticLoggerBinder for further details.
2020-12-08 04:50:02.017 [main] INFO  com.CMD.ui.main.Main - CMD Team Collation App launched on 08-12-2020 04:50:02 AM
2020-12-08 04:51:56.774 [JavaFX Application Thread] INFO  com.CMD.database.DataBaseHandler - Mail server info loaded from DB
2020-12-08 04:52:22.717 [JavaFX Application Thread] INFO  com.CMD.exceptions.ExceptionUtil - SLF4J: Failed to load class "org.slf4j.impl.StaticLoggerBinder".
2020-12-08 04:52:22.717 [JavaFX Application Thread] INFO  com.CMD.exceptions.ExceptionUtil - SLF4J: Defaulting to no-operation (NOP) logger implementation
2020-12-08 04:52:22.718 [JavaFX Application Thread] INFO  com.CMD.exceptions.ExceptionUtil - SLF4J: See http://www.slf4j.org/codes.html#StaticLoggerBinder for further details.
2020-12-08 04:54:11.552 [Thread-10] INFO  com.CMD.ui.main.Main - CMD Team Collation App is closing on 08-12-2020 04:50:02 AM. Used for 1607399651549 ms
2020-12-08 12:07:16.680 [main] INFO  com.CMD.ui.main.Main - CMD Team Collation App launched on 08-12-2020 12:07:16 PM
2020-12-08 12:08:08.948 [JavaFX Application Thread] INFO  com.CMD.database.DataBaseHandler - Mail server info loaded from DB
2020-12-08 12:09:01.560 [JavaFX Application Thread] INFO  com.CMD.exceptions.ExceptionUtil - SLF4J: Failed to load class "org.slf4j.impl.StaticLoggerBinder".
2020-12-08 12:09:01.561 [JavaFX Application Thread] INFO  com.CMD.exceptions.ExceptionUtil - SLF4J: Defaulting to no-operation (NOP) logger implementation
2020-12-08 12:09:01.561 [JavaFX Application Thread] INFO  com.CMD.exceptions.ExceptionUtil - SLF4J: See http://www.slf4j.org/codes.html#StaticLoggerBinder for further details.
