2020-12-19 19:44:10.735 [main] INFO  com.CMD.ui.main.Main - CMD Team Collation App launched on 19-12-2020 07:44:10 PM
2020-12-19 19:44:32.869 [Thread-7] INFO  com.CMD.ui.main.Main - CMD Team Collation App is closing on 19-12-2020 07:44:10 PM. Used for 1608403472869 ms
2020-12-19 19:45:01.522 [main] INFO  com.CMD.ui.main.Main - CMD Team Collation App launched on 19-12-2020 07:45:01 PM
2020-12-19 19:45:16.133 [JavaFX Application Thread] INFO  com.CMD.ui.login.LoginController - User successfully logged in admin
2020-12-19 19:45:16.575 [JavaFX Application Thread] ERROR com.CMD.exceptions.DefaultExceptionHandler - Exception occurred {}
java.lang.IllegalArgumentException: Image must be non-null
	at com.sun.prism.paint.ImagePattern.<init>(ImagePattern.java:44) ~[jfxrt.jar:?]
	at com.sun.javafx.tk.quantum.QuantumToolkit.createImagePatternPaint(QuantumToolkit.java:905) ~[jfxrt.jar:?]
	at com.sun.javafx.tk.Toolkit.getPaint(Toolkit.java:657) ~[jfxrt.jar:?]
	at javafx.scene.paint.ImagePattern.acc_getPlatformPaint(ImagePattern.java:291) ~[jfxrt.jar:?]
	at javafx.scene.paint.Paint$1.getPlatformPaint(Paint.java:51) ~[jfxrt.jar:?]
	at javafx.scene.shape.Shape.updatePGShape(Shape.java:916) ~[jfxrt.jar:?]
	at javafx.scene.shape.Shape.impl_updatePeer(Shape.java:965) ~[jfxrt.jar:?]
	at javafx.scene.shape.Circle.impl_updatePeer(Circle.java:333) ~[jfxrt.jar:?]
	at javafx.scene.Node.impl_syncPeer(Node.java:503) ~[jfxrt.jar:?]
	at javafx.scene.Scene$ScenePulseListener.synchronizeSceneNodes(Scene.java:2290) ~[jfxrt.jar:?]
	at javafx.scene.Scene$ScenePulseListener.pulse(Scene.java:2419) ~[jfxrt.jar:?]
	at com.sun.javafx.tk.Toolkit.lambda$runPulse$2(Toolkit.java:398) ~[jfxrt.jar:?]
	at java.security.AccessController.doPrivileged(Native Method) ~[?:1.8.0_272]
	at com.sun.javafx.tk.Toolkit.runPulse(Toolkit.java:397) ~[jfxrt.jar:?]
	at com.sun.javafx.tk.Toolkit.firePulse(Toolkit.java:424) ~[jfxrt.jar:?]
	at com.sun.javafx.tk.quantum.QuantumToolkit.pulse(QuantumToolkit.java:518) ~[jfxrt.jar:?]
	at com.sun.javafx.tk.quantum.QuantumToolkit.pulse(QuantumToolkit.java:498) ~[jfxrt.jar:?]
	at com.sun.javafx.tk.quantum.QuantumToolkit.pulseFromQueue(QuantumToolkit.java:491) ~[jfxrt.jar:?]
	at com.sun.javafx.tk.quantum.QuantumToolkit.lambda$runToolkit$11(QuantumToolkit.java:319) ~[jfxrt.jar:?]
	at com.sun.glass.ui.InvokeLaterDispatcher$Future.run(InvokeLaterDispatcher.java:95) ~[jfxrt.jar:?]
	at com.sun.glass.ui.win.WinApplication._runLoop(Native Method) ~[jfxrt.jar:?]
	at com.sun.glass.ui.win.WinApplication.lambda$null$3(WinApplication.java:177) ~[jfxrt.jar:?]
	at java.lang.Thread.run(Thread.java:748) [?:1.8.0_272]
2020-12-19 19:45:16.643 [JavaFX Application Thread] ERROR com.CMD.exceptions.DefaultExceptionHandler - Exception occurred {}
java.lang.NullPointerException: null
	at javafx.scene.Scene$ScenePulseListener.synchronizeSceneNodes(Scene.java:2289) ~[jfxrt.jar:?]
	at javafx.scene.Scene$ScenePulseListener.pulse(Scene.java:2419) ~[jfxrt.jar:?]
	at com.sun.javafx.tk.Toolkit.lambda$runPulse$2(Toolkit.java:398) ~[jfxrt.jar:?]
	at java.security.AccessController.doPrivileged(Native Method) ~[?:1.8.0_272]
	at com.sun.javafx.tk.Toolkit.runPulse(Toolkit.java:397) ~[jfxrt.jar:?]
	at com.sun.javafx.tk.Toolkit.firePulse(Toolkit.java:424) ~[jfxrt.jar:?]
	at com.sun.javafx.tk.quantum.QuantumToolkit.pulse(QuantumToolkit.java:518) ~[jfxrt.jar:?]
	at com.sun.javafx.tk.quantum.QuantumToolkit.pulse(QuantumToolkit.java:498) ~[jfxrt.jar:?]
	at com.sun.javafx.tk.quantum.QuantumToolkit.pulseFromQueue(QuantumToolkit.java:491) ~[jfxrt.jar:?]
	at com.sun.javafx.tk.quantum.QuantumToolkit.lambda$runToolkit$11(QuantumToolkit.java:319) ~[jfxrt.jar:?]
	at com.sun.glass.ui.InvokeLaterDispatcher$Future.run(InvokeLaterDispatcher.java:95) ~[jfxrt.jar:?]
	at com.sun.glass.ui.win.WinApplication._runLoop(Native Method) ~[jfxrt.jar:?]
	at com.sun.glass.ui.win.WinApplication.lambda$null$3(WinApplication.java:177) ~[jfxrt.jar:?]
	at java.lang.Thread.run(Thread.java:748) [?:1.8.0_272]
2020-12-19 19:45:16.653 [JavaFX Application Thread] ERROR com.CMD.exceptions.DefaultExceptionHandler - Exception occurred {}
java.lang.NullPointerException: null
	at javafx.scene.Scene$ScenePulseListener.synchronizeSceneNodes(Scene.java:2289) ~[jfxrt.jar:?]
	at javafx.scene.Scene$ScenePulseListener.pulse(Scene.java:2419) ~[jfxrt.jar:?]
	at com.sun.javafx.tk.Toolkit.lambda$runPulse$2(Toolkit.java:398) ~[jfxrt.jar:?]
	at java.security.AccessController.doPrivileged(Native Method) ~[?:1.8.0_272]
	at com.sun.javafx.tk.Toolkit.runPulse(Toolkit.java:397) ~[jfxrt.jar:?]
	at com.sun.javafx.tk.Toolkit.firePulse(Toolkit.java:424) ~[jfxrt.jar:?]
	at com.sun.javafx.tk.quantum.QuantumToolkit.pulse(QuantumToolkit.java:518) ~[jfxrt.jar:?]
	at com.sun.javafx.tk.quantum.QuantumToolkit.pulse(QuantumToolkit.java:498) ~[jfxrt.jar:?]
	at com.sun.javafx.tk.quantum.QuantumToolkit.pulseFromQueue(QuantumToolkit.java:491) ~[jfxrt.jar:?]
	at com.sun.javafx.tk.quantum.QuantumToolkit.lambda$runToolkit$11(QuantumToolkit.java:319) ~[jfxrt.jar:?]
	at com.sun.glass.ui.InvokeLaterDispatcher$Future.run(InvokeLaterDispatcher.java:95) ~[jfxrt.jar:?]
	at com.sun.glass.ui.win.WinApplication._runLoop(Native Method) ~[jfxrt.jar:?]
	at com.sun.glass.ui.win.WinApplication.lambda$null$3(WinApplication.java:177) ~[jfxrt.jar:?]
	at java.lang.Thread.run(Thread.java:748) [?:1.8.0_272]
2020-12-19 19:45:16.669 [JavaFX Application Thread] ERROR com.CMD.exceptions.DefaultExceptionHandler - Exception occurred {}
java.lang.NullPointerException: null
	at javafx.scene.Scene$ScenePulseListener.synchronizeSceneNodes(Scene.java:2289) ~[jfxrt.jar:?]
	at javafx.scene.Scene$ScenePulseListener.pulse(Scene.java:2419) ~[jfxrt.jar:?]
	at com.sun.javafx.tk.Toolkit.lambda$runPulse$2(Toolkit.java:398) ~[jfxrt.jar:?]
	at java.security.AccessController.doPrivileged(Native Method) ~[?:1.8.0_272]
	at com.sun.javafx.tk.Toolkit.runPulse(Toolkit.java:397) ~[jfxrt.jar:?]
	at com.sun.javafx.tk.Toolkit.firePulse(Toolkit.java:424) ~[jfxrt.jar:?]
	at com.sun.javafx.tk.quantum.QuantumToolkit.pulse(QuantumToolkit.java:518) ~[jfxrt.jar:?]
	at com.sun.javafx.tk.quantum.QuantumToolkit.pulse(QuantumToolkit.java:498) ~[jfxrt.jar:?]
	at com.sun.javafx.tk.quantum.QuantumToolkit.pulseFromQueue(QuantumToolkit.java:491) ~[jfxrt.jar:?]
	at com.sun.javafx.tk.quantum.QuantumToolkit.lambda$runToolkit$11(QuantumToolkit.java:319) ~[jfxrt.jar:?]
	at com.sun.glass.ui.InvokeLaterDispatcher$Future.run(InvokeLaterDispatcher.java:95) ~[jfxrt.jar:?]
	at com.sun.glass.ui.win.WinApplication._runLoop(Native Method) ~[jfxrt.jar:?]
	at com.sun.glass.ui.win.WinApplication.lambda$null$3(WinApplication.java:177) ~[jfxrt.jar:?]
	at java.lang.Thread.run(Thread.java:748) [?:1.8.0_272]
2020-12-19 19:45:16.686 [JavaFX Application Thread] ERROR com.CMD.exceptions.DefaultExceptionHandler - Exception occurred {}
java.lang.NullPointerException: null
	at javafx.scene.Scene$ScenePulseListener.synchronizeSceneNodes(Scene.java:2289) ~[jfxrt.jar:?]
	at javafx.scene.Scene$ScenePulseListener.pulse(Scene.java:2419) ~[jfxrt.jar:?]
	at com.sun.javafx.tk.Toolkit.lambda$runPulse$2(Toolkit.java:398) ~[jfxrt.jar:?]
	at java.security.AccessController.doPrivileged(Native Method) ~[?:1.8.0_272]
	at com.sun.javafx.tk.Toolkit.runPulse(Toolkit.java:397) ~[jfxrt.jar:?]
	at com.sun.javafx.tk.Toolkit.firePulse(Toolkit.java:424) ~[jfxrt.jar:?]
	at com.sun.javafx.tk.quantum.QuantumToolkit.pulse(QuantumToolkit.java:518) ~[jfxrt.jar:?]
	at com.sun.javafx.tk.quantum.QuantumToolkit.pulse(QuantumToolkit.java:498) ~[jfxrt.jar:?]
	at com.sun.javafx.tk.quantum.QuantumToolkit.pulseFromQueue(QuantumToolkit.java:491) ~[jfxrt.jar:?]
	at com.sun.javafx.tk.quantum.QuantumToolkit.lambda$runToolkit$11(QuantumToolkit.java:319) ~[jfxrt.jar:?]
	at com.sun.glass.ui.InvokeLaterDispatcher$Future.run(InvokeLaterDispatcher.java:95) ~[jfxrt.jar:?]
	at com.sun.glass.ui.win.WinApplication._runLoop(Native Method) ~[jfxrt.jar:?]
	at com.sun.glass.ui.win.WinApplication.lambda$null$3(WinApplication.java:177) ~[jfxrt.jar:?]
	at java.lang.Thread.run(Thread.java:748) [?:1.8.0_272]
2020-12-19 19:45:16.701 [JavaFX Application Thread] ERROR com.CMD.exceptions.DefaultExceptionHandler - Exception occurred {}
java.lang.NullPointerException: null
	at javafx.scene.Scene$ScenePulseListener.synchronizeSceneNodes(Scene.java:2289) ~[jfxrt.jar:?]
	at javafx.scene.Scene$ScenePulseListener.pulse(Scene.java:2419) ~[jfxrt.jar:?]
	at com.sun.javafx.tk.Toolkit.lambda$runPulse$2(Toolkit.java:398) ~[jfxrt.jar:?]
	at java.security.AccessController.doPrivileged(Native Method) ~[?:1.8.0_272]
	at com.sun.javafx.tk.Toolkit.runPulse(Toolkit.java:397) ~[jfxrt.jar:?]
	at com.sun.javafx.tk.Toolkit.firePulse(Toolkit.java:424) ~[jfxrt.jar:?]
	at com.sun.javafx.tk.quantum.QuantumToolkit.pulse(QuantumToolkit.java:518) ~[jfxrt.jar:?]
	at com.sun.javafx.tk.quantum.QuantumToolkit.pulse(QuantumToolkit.java:498) ~[jfxrt.jar:?]
	at com.sun.javafx.tk.quantum.QuantumToolkit.pulseFromQueue(QuantumToolkit.java:491) ~[jfxrt.jar:?]
	at com.sun.javafx.tk.quantum.QuantumToolkit.lambda$runToolkit$11(QuantumToolkit.java:319) ~[jfxrt.jar:?]
	at com.sun.glass.ui.InvokeLaterDispatcher$Future.run(InvokeLaterDispatcher.java:95) ~[jfxrt.jar:?]
	at com.sun.glass.ui.win.WinApplication._runLoop(Native Method) ~[jfxrt.jar:?]
	at com.sun.glass.ui.win.WinApplication.lambda$null$3(WinApplication.java:177) ~[jfxrt.jar:?]
	at java.lang.Thread.run(Thread.java:748) [?:1.8.0_272]
2020-12-19 19:45:16.718 [JavaFX Application Thread] ERROR com.CMD.exceptions.DefaultExceptionHandler - Exception occurred {}
java.lang.NullPointerException: null
	at javafx.scene.Scene$ScenePulseListener.synchronizeSceneNodes(Scene.java:2289) ~[jfxrt.jar:?]
	at javafx.scene.Scene$ScenePulseListener.pulse(Scene.java:2419) ~[jfxrt.jar:?]
	at com.sun.javafx.tk.Toolkit.lambda$runPulse$2(Toolkit.java:398) ~[jfxrt.jar:?]
	at java.security.AccessController.doPrivileged(Native Method) ~[?:1.8.0_272]
	at com.sun.javafx.tk.Toolkit.runPulse(Toolkit.java:397) ~[jfxrt.jar:?]
	at com.sun.javafx.tk.Toolkit.firePulse(Toolkit.java:424) ~[jfxrt.jar:?]
	at com.sun.javafx.tk.quantum.QuantumToolkit.pulse(QuantumToolkit.java:518) ~[jfxrt.jar:?]
	at com.sun.javafx.tk.quantum.QuantumToolkit.pulse(QuantumToolkit.java:498) ~[jfxrt.jar:?]
	at com.sun.javafx.tk.quantum.QuantumToolkit.pulseFromQueue(QuantumToolkit.java:491) ~[jfxrt.jar:?]
	at com.sun.javafx.tk.quantum.QuantumToolkit.lambda$runToolkit$11(QuantumToolkit.java:319) ~[jfxrt.jar:?]
	at com.sun.glass.ui.InvokeLaterDispatcher$Future.run(InvokeLaterDispatcher.java:95) ~[jfxrt.jar:?]
	at com.sun.glass.ui.win.WinApplication._runLoop(Native Method) ~[jfxrt.jar:?]
	at com.sun.glass.ui.win.WinApplication.lambda$null$3(WinApplication.java:177) ~[jfxrt.jar:?]
	at java.lang.Thread.run(Thread.java:748) [?:1.8.0_272]
2020-12-19 19:45:16.734 [JavaFX Application Thread] ERROR com.CMD.exceptions.DefaultExceptionHandler - Exception occurred {}
java.lang.NullPointerException: null
	at javafx.scene.Scene$ScenePulseListener.synchronizeSceneNodes(Scene.java:2289) ~[jfxrt.jar:?]
	at javafx.scene.Scene$ScenePulseListener.pulse(Scene.java:2419) ~[jfxrt.jar:?]
	at com.sun.javafx.tk.Toolkit.lambda$runPulse$2(Toolkit.java:398) ~[jfxrt.jar:?]
	at java.security.AccessController.doPrivileged(Native Method) ~[?:1.8.0_272]
	at com.sun.javafx.tk.Toolkit.runPulse(Toolkit.java:397) ~[jfxrt.jar:?]
	at com.sun.javafx.tk.Toolkit.firePulse(Toolkit.java:424) ~[jfxrt.jar:?]
	at com.sun.javafx.tk.quantum.QuantumToolkit.pulse(QuantumToolkit.java:518) ~[jfxrt.jar:?]
	at com.sun.javafx.tk.quantum.QuantumToolkit.pulse(QuantumToolkit.java:498) ~[jfxrt.jar:?]
	at com.sun.javafx.tk.quantum.QuantumToolkit.pulseFromQueue(QuantumToolkit.java:491) ~[jfxrt.jar:?]
	at com.sun.javafx.tk.quantum.QuantumToolkit.lambda$runToolkit$11(QuantumToolkit.java:319) ~[jfxrt.jar:?]
	at com.sun.glass.ui.InvokeLaterDispatcher$Future.run(InvokeLaterDispatcher.java:95) ~[jfxrt.jar:?]
	at com.sun.glass.ui.win.WinApplication._runLoop(Native Method) ~[jfxrt.jar:?]
	at com.sun.glass.ui.win.WinApplication.lambda$null$3(WinApplication.java:177) ~[jfxrt.jar:?]
	at java.lang.Thread.run(Thread.java:748) [?:1.8.0_272]
2020-12-19 19:45:16.750 [JavaFX Application Thread] ERROR com.CMD.exceptions.DefaultExceptionHandler - Exception occurred {}
java.lang.NullPointerException: null
	at javafx.scene.Scene$ScenePulseListener.synchronizeSceneNodes(Scene.java:2289) ~[jfxrt.jar:?]
	at javafx.scene.Scene$ScenePulseListener.pulse(Scene.java:2419) ~[jfxrt.jar:?]
	at com.sun.javafx.tk.Toolkit.lambda$runPulse$2(Toolkit.java:398) ~[jfxrt.jar:?]
	at java.security.AccessController.doPrivileged(Native Method) ~[?:1.8.0_272]
	at com.sun.javafx.tk.Toolkit.runPulse(Toolkit.java:397) ~[jfxrt.jar:?]
	at com.sun.javafx.tk.Toolkit.firePulse(Toolkit.java:424) ~[jfxrt.jar:?]
	at com.sun.javafx.tk.quantum.QuantumToolkit.pulse(QuantumToolkit.java:518) ~[jfxrt.jar:?]
	at com.sun.javafx.tk.quantum.QuantumToolkit.pulse(QuantumToolkit.java:498) ~[jfxrt.jar:?]
	at com.sun.javafx.tk.quantum.QuantumToolkit.pulseFromQueue(QuantumToolkit.java:491) ~[jfxrt.jar:?]
	at com.sun.javafx.tk.quantum.QuantumToolkit.lambda$runToolkit$11(QuantumToolkit.java:319) ~[jfxrt.jar:?]
	at com.sun.glass.ui.InvokeLaterDispatcher$Future.run(InvokeLaterDispatcher.java:95) ~[jfxrt.jar:?]
	at com.sun.glass.ui.win.WinApplication._runLoop(Native Method) ~[jfxrt.jar:?]
	at com.sun.glass.ui.win.WinApplication.lambda$null$3(WinApplication.java:177) ~[jfxrt.jar:?]
	at java.lang.Thread.run(Thread.java:748) [?:1.8.0_272]
2020-12-19 19:45:16.765 [JavaFX Application Thread] ERROR com.CMD.exceptions.DefaultExceptionHandler - Exception occurred {}
java.lang.NullPointerException: null
	at javafx.scene.Scene$ScenePulseListener.synchronizeSceneNodes(Scene.java:2289) ~[jfxrt.jar:?]
	at javafx.scene.Scene$ScenePulseListener.pulse(Scene.java:2419) ~[jfxrt.jar:?]
	at com.sun.javafx.tk.Toolkit.lambda$runPulse$2(Toolkit.java:398) ~[jfxrt.jar:?]
	at java.security.AccessController.doPrivileged(Native Method) ~[?:1.8.0_272]
	at com.sun.javafx.tk.Toolkit.runPulse(Toolkit.java:397) ~[jfxrt.jar:?]
	at com.sun.javafx.tk.Toolkit.firePulse(Toolkit.java:424) ~[jfxrt.jar:?]
	at com.sun.javafx.tk.quantum.QuantumToolkit.pulse(QuantumToolkit.java:518) ~[jfxrt.jar:?]
	at com.sun.javafx.tk.quantum.QuantumToolkit.pulse(QuantumToolkit.java:498) ~[jfxrt.jar:?]
	at com.sun.javafx.tk.quantum.QuantumToolkit.pulseFromQueue(QuantumToolkit.java:491) ~[jfxrt.jar:?]
	at com.sun.javafx.tk.quantum.QuantumToolkit.lambda$runToolkit$11(QuantumToolkit.java:319) ~[jfxrt.jar:?]
	at com.sun.glass.ui.InvokeLaterDispatcher$Future.run(InvokeLaterDispatcher.java:95) ~[jfxrt.jar:?]
	at com.sun.glass.ui.win.WinApplication._runLoop(Native Method) ~[jfxrt.jar:?]
	at com.sun.glass.ui.win.WinApplication.lambda$null$3(WinApplication.java:177) ~[jfxrt.jar:?]
	at java.lang.Thread.run(Thread.java:748) [?:1.8.0_272]
2020-12-19 19:45:16.781 [JavaFX Application Thread] ERROR com.CMD.exceptions.DefaultExceptionHandler - Exception occurred {}
java.lang.NullPointerException: null
	at javafx.scene.Scene$ScenePulseListener.synchronizeSceneNodes(Scene.java:2289) ~[jfxrt.jar:?]
	at javafx.scene.Scene$ScenePulseListener.pulse(Scene.java:2419) ~[jfxrt.jar:?]
	at com.sun.javafx.tk.Toolkit.lambda$runPulse$2(Toolkit.java:398) ~[jfxrt.jar:?]
	at java.security.AccessController.doPrivileged(Native Method) ~[?:1.8.0_272]
	at com.sun.javafx.tk.Toolkit.runPulse(Toolkit.java:397) ~[jfxrt.jar:?]
	at com.sun.javafx.tk.Toolkit.firePulse(Toolkit.java:424) ~[jfxrt.jar:?]
	at com.sun.javafx.tk.quantum.QuantumToolkit.pulse(QuantumToolkit.java:518) ~[jfxrt.jar:?]
	at com.sun.javafx.tk.quantum.QuantumToolkit.pulse(QuantumToolkit.java:498) ~[jfxrt.jar:?]
	at com.sun.javafx.tk.quantum.QuantumToolkit.pulseFromQueue(QuantumToolkit.java:491) ~[jfxrt.jar:?]
	at com.sun.javafx.tk.quantum.QuantumToolkit.lambda$runToolkit$11(QuantumToolkit.java:319) ~[jfxrt.jar:?]
	at com.sun.glass.ui.InvokeLaterDispatcher$Future.run(InvokeLaterDispatcher.java:95) ~[jfxrt.jar:?]
	at com.sun.glass.ui.win.WinApplication._runLoop(Native Method) ~[jfxrt.jar:?]
	at com.sun.glass.ui.win.WinApplication.lambda$null$3(WinApplication.java:177) ~[jfxrt.jar:?]
	at java.lang.Thread.run(Thread.java:748) [?:1.8.0_272]
2020-12-19 19:45:16.797 [JavaFX Application Thread] ERROR com.CMD.exceptions.DefaultExceptionHandler - Exception occurred {}
java.lang.NullPointerException: null
	at javafx.scene.Scene$ScenePulseListener.synchronizeSceneNodes(Scene.java:2289) ~[jfxrt.jar:?]
	at javafx.scene.Scene$ScenePulseListener.pulse(Scene.java:2419) ~[jfxrt.jar:?]
	at com.sun.javafx.tk.Toolkit.lambda$runPulse$2(Toolkit.java:398) ~[jfxrt.jar:?]
	at java.security.AccessController.doPrivileged(Native Method) ~[?:1.8.0_272]
	at com.sun.javafx.tk.Toolkit.runPulse(Toolkit.java:397) ~[jfxrt.jar:?]
	at com.sun.javafx.tk.Toolkit.firePulse(Toolkit.java:424) ~[jfxrt.jar:?]
	at com.sun.javafx.tk.quantum.QuantumToolkit.pulse(QuantumToolkit.java:518) ~[jfxrt.jar:?]
	at com.sun.javafx.tk.quantum.QuantumToolkit.pulse(QuantumToolkit.java:498) ~[jfxrt.jar:?]
	at com.sun.javafx.tk.quantum.QuantumToolkit.pulseFromQueue(QuantumToolkit.java:491) ~[jfxrt.jar:?]
	at com.sun.javafx.tk.quantum.QuantumToolkit.lambda$runToolkit$11(QuantumToolkit.java:319) ~[jfxrt.jar:?]
	at com.sun.glass.ui.InvokeLaterDispatcher$Future.run(InvokeLaterDispatcher.java:95) ~[jfxrt.jar:?]
	at com.sun.glass.ui.win.WinApplication._runLoop(Native Method) ~[jfxrt.jar:?]
	at com.sun.glass.ui.win.WinApplication.lambda$null$3(WinApplication.java:177) ~[jfxrt.jar:?]
	at java.lang.Thread.run(Thread.java:748) [?:1.8.0_272]
2020-12-19 19:45:16.813 [JavaFX Application Thread] ERROR com.CMD.exceptions.DefaultExceptionHandler - Exception occurred {}
java.lang.NullPointerException: null
	at javafx.scene.Scene$ScenePulseListener.synchronizeSceneNodes(Scene.java:2289) ~[jfxrt.jar:?]
	at javafx.scene.Scene$ScenePulseListener.pulse(Scene.java:2419) ~[jfxrt.jar:?]
	at com.sun.javafx.tk.Toolkit.lambda$runPulse$2(Toolkit.java:398) ~[jfxrt.jar:?]
	at java.security.AccessController.doPrivileged(Native Method) ~[?:1.8.0_272]
	at com.sun.javafx.tk.Toolkit.runPulse(Toolkit.java:397) ~[jfxrt.jar:?]
	at com.sun.javafx.tk.Toolkit.firePulse(Toolkit.java:424) ~[jfxrt.jar:?]
	at com.sun.javafx.tk.quantum.QuantumToolkit.pulse(QuantumToolkit.java:518) ~[jfxrt.jar:?]
	at com.sun.javafx.tk.quantum.QuantumToolkit.pulse(QuantumToolkit.java:498) ~[jfxrt.jar:?]
	at com.sun.javafx.tk.quantum.QuantumToolkit.pulseFromQueue(QuantumToolkit.java:491) ~[jfxrt.jar:?]
	at com.sun.javafx.tk.quantum.QuantumToolkit.lambda$runToolkit$11(QuantumToolkit.java:319) ~[jfxrt.jar:?]
	at com.sun.glass.ui.InvokeLaterDispatcher$Future.run(InvokeLaterDispatcher.java:95) ~[jfxrt.jar:?]
	at com.sun.glass.ui.win.WinApplication._runLoop(Native Method) ~[jfxrt.jar:?]
	at com.sun.glass.ui.win.WinApplication.lambda$null$3(WinApplication.java:177) ~[jfxrt.jar:?]
	at java.lang.Thread.run(Thread.java:748) [?:1.8.0_272]
2020-12-19 19:45:16.829 [JavaFX Application Thread] ERROR com.CMD.exceptions.DefaultExceptionHandler - Exception occurred {}
java.lang.NullPointerException: null
	at javafx.scene.Scene$ScenePulseListener.synchronizeSceneNodes(Scene.java:2289) ~[jfxrt.jar:?]
	at javafx.scene.Scene$ScenePulseListener.pulse(Scene.java:2419) ~[jfxrt.jar:?]
	at com.sun.javafx.tk.Toolkit.lambda$runPulse$2(Toolkit.java:398) ~[jfxrt.jar:?]
	at java.security.AccessController.doPrivileged(Native Method) ~[?:1.8.0_272]
	at com.sun.javafx.tk.Toolkit.runPulse(Toolkit.java:397) ~[jfxrt.jar:?]
	at com.sun.javafx.tk.Toolkit.firePulse(Toolkit.java:424) ~[jfxrt.jar:?]
	at com.sun.javafx.tk.quantum.QuantumToolkit.pulse(QuantumToolkit.java:518) ~[jfxrt.jar:?]
	at com.sun.javafx.tk.quantum.QuantumToolkit.pulse(QuantumToolkit.java:498) ~[jfxrt.jar:?]
	at com.sun.javafx.tk.quantum.QuantumToolkit.pulseFromQueue(QuantumToolkit.java:491) ~[jfxrt.jar:?]
	at com.sun.javafx.tk.quantum.QuantumToolkit.lambda$runToolkit$11(QuantumToolkit.java:319) ~[jfxrt.jar:?]
	at com.sun.glass.ui.InvokeLaterDispatcher$Future.run(InvokeLaterDispatcher.java:95) ~[jfxrt.jar:?]
	at com.sun.glass.ui.win.WinApplication._runLoop(Native Method) ~[jfxrt.jar:?]
	at com.sun.glass.ui.win.WinApplication.lambda$null$3(WinApplication.java:177) ~[jfxrt.jar:?]
	at java.lang.Thread.run(Thread.java:748) [?:1.8.0_272]
2020-12-19 19:45:16.845 [JavaFX Application Thread] ERROR com.CMD.exceptions.DefaultExceptionHandler - Exception occurred {}
java.lang.NullPointerException: null
	at javafx.scene.Scene$ScenePulseListener.synchronizeSceneNodes(Scene.java:2289) ~[jfxrt.jar:?]
	at javafx.scene.Scene$ScenePulseListener.pulse(Scene.java:2419) ~[jfxrt.jar:?]
	at com.sun.javafx.tk.Toolkit.lambda$runPulse$2(Toolkit.java:398) ~[jfxrt.jar:?]
	at java.security.AccessController.doPrivileged(Native Method) ~[?:1.8.0_272]
	at com.sun.javafx.tk.Toolkit.runPulse(Toolkit.java:397) ~[jfxrt.jar:?]
	at com.sun.javafx.tk.Toolkit.firePulse(Toolkit.java:424) ~[jfxrt.jar:?]
	at com.sun.javafx.tk.quantum.QuantumToolkit.pulse(QuantumToolkit.java:518) ~[jfxrt.jar:?]
	at com.sun.javafx.tk.quantum.QuantumToolkit.pulse(QuantumToolkit.java:498) ~[jfxrt.jar:?]
	at com.sun.javafx.tk.quantum.QuantumToolkit.pulseFromQueue(QuantumToolkit.java:491) ~[jfxrt.jar:?]
	at com.sun.javafx.tk.quantum.QuantumToolkit.lambda$runToolkit$11(QuantumToolkit.java:319) ~[jfxrt.jar:?]
	at com.sun.glass.ui.InvokeLaterDispatcher$Future.run(InvokeLaterDispatcher.java:95) ~[jfxrt.jar:?]
	at com.sun.glass.ui.win.WinApplication._runLoop(Native Method) ~[jfxrt.jar:?]
	at com.sun.glass.ui.win.WinApplication.lambda$null$3(WinApplication.java:177) ~[jfxrt.jar:?]
	at java.lang.Thread.run(Thread.java:748) [?:1.8.0_272]
2020-12-19 19:45:16.861 [JavaFX Application Thread] ERROR com.CMD.exceptions.DefaultExceptionHandler - Exception occurred {}
java.lang.NullPointerException: null
	at javafx.scene.Scene$ScenePulseListener.synchronizeSceneNodes(Scene.java:2289) ~[jfxrt.jar:?]
	at javafx.scene.Scene$ScenePulseListener.pulse(Scene.java:2419) ~[jfxrt.jar:?]
	at com.sun.javafx.tk.Toolkit.lambda$runPulse$2(Toolkit.java:398) ~[jfxrt.jar:?]
	at java.security.AccessController.doPrivileged(Native Method) ~[?:1.8.0_272]
	at com.sun.javafx.tk.Toolkit.runPulse(Toolkit.java:397) ~[jfxrt.jar:?]
	at com.sun.javafx.tk.Toolkit.firePulse(Toolkit.java:424) ~[jfxrt.jar:?]
	at com.sun.javafx.tk.quantum.QuantumToolkit.pulse(QuantumToolkit.java:518) ~[jfxrt.jar:?]
	at com.sun.javafx.tk.quantum.QuantumToolkit.pulse(QuantumToolkit.java:498) ~[jfxrt.jar:?]
	at com.sun.javafx.tk.quantum.QuantumToolkit.pulseFromQueue(QuantumToolkit.java:491) ~[jfxrt.jar:?]
	at com.sun.javafx.tk.quantum.QuantumToolkit.lambda$runToolkit$11(QuantumToolkit.java:319) ~[jfxrt.jar:?]
	at com.sun.glass.ui.InvokeLaterDispatcher$Future.run(InvokeLaterDispatcher.java:95) ~[jfxrt.jar:?]
	at com.sun.glass.ui.win.WinApplication._runLoop(Native Method) ~[jfxrt.jar:?]
	at com.sun.glass.ui.win.WinApplication.lambda$null$3(WinApplication.java:177) ~[jfxrt.jar:?]
	at java.lang.Thread.run(Thread.java:748) [?:1.8.0_272]
2020-12-19 19:45:16.877 [JavaFX Application Thread] ERROR com.CMD.exceptions.DefaultExceptionHandler - Exception occurred {}
java.lang.NullPointerException: null
	at javafx.scene.Scene$ScenePulseListener.synchronizeSceneNodes(Scene.java:2289) ~[jfxrt.jar:?]
	at javafx.scene.Scene$ScenePulseListener.pulse(Scene.java:2419) ~[jfxrt.jar:?]
	at com.sun.javafx.tk.Toolkit.lambda$runPulse$2(Toolkit.java:398) ~[jfxrt.jar:?]
	at java.security.AccessController.doPrivileged(Native Method) ~[?:1.8.0_272]
	at com.sun.javafx.tk.Toolkit.runPulse(Toolkit.java:397) ~[jfxrt.jar:?]
	at com.sun.javafx.tk.Toolkit.firePulse(Toolkit.java:424) ~[jfxrt.jar:?]
	at com.sun.javafx.tk.quantum.QuantumToolkit.pulse(QuantumToolkit.java:518) ~[jfxrt.jar:?]
	at com.sun.javafx.tk.quantum.QuantumToolkit.pulse(QuantumToolkit.java:498) ~[jfxrt.jar:?]
	at com.sun.javafx.tk.quantum.QuantumToolkit.pulseFromQueue(QuantumToolkit.java:491) ~[jfxrt.jar:?]
	at com.sun.javafx.tk.quantum.QuantumToolkit.lambda$runToolkit$11(QuantumToolkit.java:319) ~[jfxrt.jar:?]
	at com.sun.glass.ui.InvokeLaterDispatcher$Future.run(InvokeLaterDispatcher.java:95) ~[jfxrt.jar:?]
	at com.sun.glass.ui.win.WinApplication._runLoop(Native Method) ~[jfxrt.jar:?]
	at com.sun.glass.ui.win.WinApplication.lambda$null$3(WinApplication.java:177) ~[jfxrt.jar:?]
	at java.lang.Thread.run(Thread.java:748) [?:1.8.0_272]
2020-12-19 19:45:16.893 [JavaFX Application Thread] ERROR com.CMD.exceptions.DefaultExceptionHandler - Exception occurred {}
java.lang.NullPointerException: null
	at javafx.scene.Scene$ScenePulseListener.synchronizeSceneNodes(Scene.java:2289) ~[jfxrt.jar:?]
	at javafx.scene.Scene$ScenePulseListener.pulse(Scene.java:2419) ~[jfxrt.jar:?]
	at com.sun.javafx.tk.Toolkit.lambda$runPulse$2(Toolkit.java:398) ~[jfxrt.jar:?]
	at java.security.AccessController.doPrivileged(Native Method) ~[?:1.8.0_272]
	at com.sun.javafx.tk.Toolkit.runPulse(Toolkit.java:397) ~[jfxrt.jar:?]
	at com.sun.javafx.tk.Toolkit.firePulse(Toolkit.java:424) ~[jfxrt.jar:?]
	at com.sun.javafx.tk.quantum.QuantumToolkit.pulse(QuantumToolkit.java:518) ~[jfxrt.jar:?]
	at com.sun.javafx.tk.quantum.QuantumToolkit.pulse(QuantumToolkit.java:498) ~[jfxrt.jar:?]
	at com.sun.javafx.tk.quantum.QuantumToolkit.pulseFromQueue(QuantumToolkit.java:491) ~[jfxrt.jar:?]
	at com.sun.javafx.tk.quantum.QuantumToolkit.lambda$runToolkit$11(QuantumToolkit.java:319) ~[jfxrt.jar:?]
	at com.sun.glass.ui.InvokeLaterDispatcher$Future.run(InvokeLaterDispatcher.java:95) ~[jfxrt.jar:?]
	at com.sun.glass.ui.win.WinApplication._runLoop(Native Method) ~[jfxrt.jar:?]
	at com.sun.glass.ui.win.WinApplication.lambda$null$3(WinApplication.java:177) ~[jfxrt.jar:?]
	at java.lang.Thread.run(Thread.java:748) [?:1.8.0_272]
2020-12-19 19:45:16.910 [JavaFX Application Thread] ERROR com.CMD.exceptions.DefaultExceptionHandler - Exception occurred {}
java.lang.NullPointerException: null
	at javafx.scene.Scene$ScenePulseListener.synchronizeSceneNodes(Scene.java:2289) ~[jfxrt.jar:?]
	at javafx.scene.Scene$ScenePulseListener.pulse(Scene.java:2419) ~[jfxrt.jar:?]
	at com.sun.javafx.tk.Toolkit.lambda$runPulse$2(Toolkit.java:398) ~[jfxrt.jar:?]
	at java.security.AccessController.doPrivileged(Native Method) ~[?:1.8.0_272]
	at com.sun.javafx.tk.Toolkit.runPulse(Toolkit.java:397) ~[jfxrt.jar:?]
	at com.sun.javafx.tk.Toolkit.firePulse(Toolkit.java:424) ~[jfxrt.jar:?]
	at com.sun.javafx.tk.quantum.QuantumToolkit.pulse(QuantumToolkit.java:518) ~[jfxrt.jar:?]
	at com.sun.javafx.tk.quantum.QuantumToolkit.pulse(QuantumToolkit.java:498) ~[jfxrt.jar:?]
	at com.sun.javafx.tk.quantum.QuantumToolkit.pulseFromQueue(QuantumToolkit.java:491) ~[jfxrt.jar:?]
	at com.sun.javafx.tk.quantum.QuantumToolkit.lambda$runToolkit$11(QuantumToolkit.java:319) ~[jfxrt.jar:?]
	at com.sun.glass.ui.InvokeLaterDispatcher$Future.run(InvokeLaterDispatcher.java:95) ~[jfxrt.jar:?]
	at com.sun.glass.ui.win.WinApplication._runLoop(Native Method) ~[jfxrt.jar:?]
	at com.sun.glass.ui.win.WinApplication.lambda$null$3(WinApplication.java:177) ~[jfxrt.jar:?]
	at java.lang.Thread.run(Thread.java:748) [?:1.8.0_272]
2020-12-19 19:45:16.926 [JavaFX Application Thread] ERROR com.CMD.exceptions.DefaultExceptionHandler - Exception occurred {}
java.lang.NullPointerException: null
	at javafx.scene.Scene$ScenePulseListener.synchronizeSceneNodes(Scene.java:2289) ~[jfxrt.jar:?]
	at javafx.scene.Scene$ScenePulseListener.pulse(Scene.java:2419) ~[jfxrt.jar:?]
	at com.sun.javafx.tk.Toolkit.lambda$runPulse$2(Toolkit.java:398) ~[jfxrt.jar:?]
	at java.security.AccessController.doPrivileged(Native Method) ~[?:1.8.0_272]
	at com.sun.javafx.tk.Toolkit.runPulse(Toolkit.java:397) ~[jfxrt.jar:?]
	at com.sun.javafx.tk.Toolkit.firePulse(Toolkit.java:424) ~[jfxrt.jar:?]
	at com.sun.javafx.tk.quantum.QuantumToolkit.pulse(QuantumToolkit.java:518) ~[jfxrt.jar:?]
	at com.sun.javafx.tk.quantum.QuantumToolkit.pulse(QuantumToolkit.java:498) ~[jfxrt.jar:?]
	at com.sun.javafx.tk.quantum.QuantumToolkit.pulseFromQueue(QuantumToolkit.java:491) ~[jfxrt.jar:?]
	at com.sun.javafx.tk.quantum.QuantumToolkit.lambda$runToolkit$11(QuantumToolkit.java:319) ~[jfxrt.jar:?]
	at com.sun.glass.ui.InvokeLaterDispatcher$Future.run(InvokeLaterDispatcher.java:95) ~[jfxrt.jar:?]
	at com.sun.glass.ui.win.WinApplication._runLoop(Native Method) ~[jfxrt.jar:?]
	at com.sun.glass.ui.win.WinApplication.lambda$null$3(WinApplication.java:177) ~[jfxrt.jar:?]
	at java.lang.Thread.run(Thread.java:748) [?:1.8.0_272]
2020-12-19 19:45:16.942 [JavaFX Application Thread] ERROR com.CMD.exceptions.DefaultExceptionHandler - Exception occurred {}
java.lang.NullPointerException: null
	at javafx.scene.Scene$ScenePulseListener.synchronizeSceneNodes(Scene.java:2289) ~[jfxrt.jar:?]
	at javafx.scene.Scene$ScenePulseListener.pulse(Scene.java:2419) ~[jfxrt.jar:?]
	at com.sun.javafx.tk.Toolkit.lambda$runPulse$2(Toolkit.java:398) ~[jfxrt.jar:?]
	at java.security.AccessController.doPrivileged(Native Method) ~[?:1.8.0_272]
	at com.sun.javafx.tk.Toolkit.runPulse(Toolkit.java:397) ~[jfxrt.jar:?]
	at com.sun.javafx.tk.Toolkit.firePulse(Toolkit.java:424) ~[jfxrt.jar:?]
	at com.sun.javafx.tk.quantum.QuantumToolkit.pulse(QuantumToolkit.java:518) ~[jfxrt.jar:?]
	at com.sun.javafx.tk.quantum.QuantumToolkit.pulse(QuantumToolkit.java:498) ~[jfxrt.jar:?]
	at com.sun.javafx.tk.quantum.QuantumToolkit.pulseFromQueue(QuantumToolkit.java:491) ~[jfxrt.jar:?]
	at com.sun.javafx.tk.quantum.QuantumToolkit.lambda$runToolkit$11(QuantumToolkit.java:319) ~[jfxrt.jar:?]
	at com.sun.glass.ui.InvokeLaterDispatcher$Future.run(InvokeLaterDispatcher.java:95) ~[jfxrt.jar:?]
	at com.sun.glass.ui.win.WinApplication._runLoop(Native Method) ~[jfxrt.jar:?]
	at com.sun.glass.ui.win.WinApplication.lambda$null$3(WinApplication.java:177) ~[jfxrt.jar:?]
	at java.lang.Thread.run(Thread.java:748) [?:1.8.0_272]
2020-12-19 19:45:16.958 [JavaFX Application Thread] ERROR com.CMD.exceptions.DefaultExceptionHandler - Exception occurred {}
java.lang.NullPointerException: null
	at javafx.scene.Scene$ScenePulseListener.synchronizeSceneNodes(Scene.java:2289) ~[jfxrt.jar:?]
	at javafx.scene.Scene$ScenePulseListener.pulse(Scene.java:2419) ~[jfxrt.jar:?]
	at com.sun.javafx.tk.Toolkit.lambda$runPulse$2(Toolkit.java:398) ~[jfxrt.jar:?]
	at java.security.AccessController.doPrivileged(Native Method) ~[?:1.8.0_272]
	at com.sun.javafx.tk.Toolkit.runPulse(Toolkit.java:397) ~[jfxrt.jar:?]
	at com.sun.javafx.tk.Toolkit.firePulse(Toolkit.java:424) ~[jfxrt.jar:?]
	at com.sun.javafx.tk.quantum.QuantumToolkit.pulse(QuantumToolkit.java:518) ~[jfxrt.jar:?]
	at com.sun.javafx.tk.quantum.QuantumToolkit.pulse(QuantumToolkit.java:498) ~[jfxrt.jar:?]
	at com.sun.javafx.tk.quantum.QuantumToolkit.pulseFromQueue(QuantumToolkit.java:491) ~[jfxrt.jar:?]
	at com.sun.javafx.tk.quantum.QuantumToolkit.lambda$runToolkit$11(QuantumToolkit.java:319) ~[jfxrt.jar:?]
	at com.sun.glass.ui.InvokeLaterDispatcher$Future.run(InvokeLaterDispatcher.java:95) ~[jfxrt.jar:?]
	at com.sun.glass.ui.win.WinApplication._runLoop(Native Method) ~[jfxrt.jar:?]
	at com.sun.glass.ui.win.WinApplication.lambda$null$3(WinApplication.java:177) ~[jfxrt.jar:?]
	at java.lang.Thread.run(Thread.java:748) [?:1.8.0_272]
2020-12-19 19:45:17.325 [JavaFX Application Thread] ERROR com.CMD.exceptions.DefaultExceptionHandler - Exception occurred {}
java.lang.NullPointerException: null
	at javafx.scene.Scene$ScenePulseListener.synchronizeSceneNodes(Scene.java:2289) ~[jfxrt.jar:?]
	at javafx.scene.Scene$ScenePulseListener.pulse(Scene.java:2419) ~[jfxrt.jar:?]
	at com.sun.javafx.tk.Toolkit.lambda$runPulse$2(Toolkit.java:398) ~[jfxrt.jar:?]
	at java.security.AccessController.doPrivileged(Native Method) ~[?:1.8.0_272]
	at com.sun.javafx.tk.Toolkit.runPulse(Toolkit.java:397) ~[jfxrt.jar:?]
	at com.sun.javafx.tk.Toolkit.firePulse(Toolkit.java:424) ~[jfxrt.jar:?]
	at com.sun.javafx.tk.quantum.QuantumToolkit.pulse(QuantumToolkit.java:518) ~[jfxrt.jar:?]
	at com.sun.javafx.tk.quantum.QuantumToolkit.pulse(QuantumToolkit.java:498) ~[jfxrt.jar:?]
	at com.sun.javafx.tk.quantum.QuantumToolkit.pulseFromQueue(QuantumToolkit.java:491) ~[jfxrt.jar:?]
	at com.sun.javafx.tk.quantum.QuantumToolkit.lambda$runToolkit$11(QuantumToolkit.java:319) ~[jfxrt.jar:?]
	at com.sun.glass.ui.InvokeLaterDispatcher$Future.run(InvokeLaterDispatcher.java:95) ~[jfxrt.jar:?]
	at com.sun.glass.ui.win.WinApplication._runLoop(Native Method) ~[jfxrt.jar:?]
	at com.sun.glass.ui.win.WinApplication.lambda$null$3(WinApplication.java:177) ~[jfxrt.jar:?]
	at java.lang.Thread.run(Thread.java:748) [?:1.8.0_272]
2020-12-19 19:45:17.373 [JavaFX Application Thread] ERROR com.CMD.exceptions.DefaultExceptionHandler - Exception occurred {}
java.lang.NullPointerException: null
	at javafx.scene.Scene$ScenePulseListener.synchronizeSceneNodes(Scene.java:2289) ~[jfxrt.jar:?]
	at javafx.scene.Scene$ScenePulseListener.pulse(Scene.java:2419) ~[jfxrt.jar:?]
	at com.sun.javafx.tk.Toolkit.lambda$runPulse$2(Toolkit.java:398) ~[jfxrt.jar:?]
	at java.security.AccessController.doPrivileged(Native Method) ~[?:1.8.0_272]
	at com.sun.javafx.tk.Toolkit.runPulse(Toolkit.java:397) ~[jfxrt.jar:?]
	at com.sun.javafx.tk.Toolkit.firePulse(Toolkit.java:424) ~[jfxrt.jar:?]
	at com.sun.javafx.tk.quantum.QuantumToolkit.pulse(QuantumToolkit.java:518) ~[jfxrt.jar:?]
	at com.sun.javafx.tk.quantum.QuantumToolkit.pulse(QuantumToolkit.java:498) ~[jfxrt.jar:?]
	at com.sun.javafx.tk.quantum.QuantumToolkit.pulseFromQueue(QuantumToolkit.java:491) ~[jfxrt.jar:?]
	at com.sun.javafx.tk.quantum.QuantumToolkit.lambda$runToolkit$11(QuantumToolkit.java:319) ~[jfxrt.jar:?]
	at com.sun.glass.ui.InvokeLaterDispatcher$Future.run(InvokeLaterDispatcher.java:95) ~[jfxrt.jar:?]
	at com.sun.glass.ui.win.WinApplication._runLoop(Native Method) ~[jfxrt.jar:?]
	at com.sun.glass.ui.win.WinApplication.lambda$null$3(WinApplication.java:177) ~[jfxrt.jar:?]
	at java.lang.Thread.run(Thread.java:748) [?:1.8.0_272]
2020-12-19 19:45:17.458 [JavaFX Application Thread] ERROR com.CMD.exceptions.DefaultExceptionHandler - Exception occurred {}
java.lang.NullPointerException: null
	at javafx.scene.Scene$ScenePulseListener.synchronizeSceneNodes(Scene.java:2289) ~[jfxrt.jar:?]
	at javafx.scene.Scene$ScenePulseListener.pulse(Scene.java:2419) ~[jfxrt.jar:?]
	at com.sun.javafx.tk.Toolkit.lambda$runPulse$2(Toolkit.java:398) ~[jfxrt.jar:?]
	at java.security.AccessController.doPrivileged(Native Method) ~[?:1.8.0_272]
	at com.sun.javafx.tk.Toolkit.runPulse(Toolkit.java:397) ~[jfxrt.jar:?]
	at com.sun.javafx.tk.Toolkit.firePulse(Toolkit.java:424) ~[jfxrt.jar:?]
	at com.sun.javafx.tk.quantum.QuantumToolkit.pulse(QuantumToolkit.java:518) ~[jfxrt.jar:?]
	at com.sun.javafx.tk.quantum.QuantumToolkit.pulse(QuantumToolkit.java:498) ~[jfxrt.jar:?]
	at com.sun.javafx.tk.quantum.QuantumToolkit.pulseFromQueue(QuantumToolkit.java:491) ~[jfxrt.jar:?]
	at com.sun.javafx.tk.quantum.QuantumToolkit.lambda$runToolkit$11(QuantumToolkit.java:319) ~[jfxrt.jar:?]
	at com.sun.glass.ui.InvokeLaterDispatcher$Future.run(InvokeLaterDispatcher.java:95) ~[jfxrt.jar:?]
	at com.sun.glass.ui.win.WinApplication._runLoop(Native Method) ~[jfxrt.jar:?]
	at com.sun.glass.ui.win.WinApplication.lambda$null$3(WinApplication.java:177) ~[jfxrt.jar:?]
	at java.lang.Thread.run(Thread.java:748) [?:1.8.0_272]
2020-12-19 19:45:17.470 [JavaFX Application Thread] ERROR com.CMD.exceptions.DefaultExceptionHandler - Exception occurred {}
java.lang.NullPointerException: null
	at javafx.scene.Scene$ScenePulseListener.synchronizeSceneNodes(Scene.java:2289) ~[jfxrt.jar:?]
	at javafx.scene.Scene$ScenePulseListener.pulse(Scene.java:2419) ~[jfxrt.jar:?]
	at com.sun.javafx.tk.Toolkit.lambda$runPulse$2(Toolkit.java:398) ~[jfxrt.jar:?]
	at java.security.AccessController.doPrivileged(Native Method) ~[?:1.8.0_272]
	at com.sun.javafx.tk.Toolkit.runPulse(Toolkit.java:397) ~[jfxrt.jar:?]
	at com.sun.javafx.tk.Toolkit.firePulse(Toolkit.java:424) ~[jfxrt.jar:?]
	at com.sun.javafx.tk.quantum.QuantumToolkit.pulse(QuantumToolkit.java:518) ~[jfxrt.jar:?]
	at com.sun.javafx.tk.quantum.QuantumToolkit.pulse(QuantumToolkit.java:498) ~[jfxrt.jar:?]
	at com.sun.javafx.tk.quantum.QuantumToolkit.pulseFromQueue(QuantumToolkit.java:491) ~[jfxrt.jar:?]
	at com.sun.javafx.tk.quantum.QuantumToolkit.lambda$runToolkit$11(QuantumToolkit.java:319) ~[jfxrt.jar:?]
	at com.sun.glass.ui.InvokeLaterDispatcher$Future.run(InvokeLaterDispatcher.java:95) ~[jfxrt.jar:?]
	at com.sun.glass.ui.win.WinApplication._runLoop(Native Method) ~[jfxrt.jar:?]
	at com.sun.glass.ui.win.WinApplication.lambda$null$3(WinApplication.java:177) ~[jfxrt.jar:?]
	at java.lang.Thread.run(Thread.java:748) [?:1.8.0_272]
2020-12-19 19:45:17.485 [JavaFX Application Thread] ERROR com.CMD.exceptions.DefaultExceptionHandler - Exception occurred {}
java.lang.NullPointerException: null
	at javafx.scene.Scene$ScenePulseListener.synchronizeSceneNodes(Scene.java:2289) ~[jfxrt.jar:?]
	at javafx.scene.Scene$ScenePulseListener.pulse(Scene.java:2419) ~[jfxrt.jar:?]
	at com.sun.javafx.tk.Toolkit.lambda$runPulse$2(Toolkit.java:398) ~[jfxrt.jar:?]
	at java.security.AccessController.doPrivileged(Native Method) ~[?:1.8.0_272]
	at com.sun.javafx.tk.Toolkit.runPulse(Toolkit.java:397) ~[jfxrt.jar:?]
	at com.sun.javafx.tk.Toolkit.firePulse(Toolkit.java:424) ~[jfxrt.jar:?]
	at com.sun.javafx.tk.quantum.QuantumToolkit.pulse(QuantumToolkit.java:518) ~[jfxrt.jar:?]
	at com.sun.javafx.tk.quantum.QuantumToolkit.pulse(QuantumToolkit.java:498) ~[jfxrt.jar:?]
	at com.sun.javafx.tk.quantum.QuantumToolkit.pulseFromQueue(QuantumToolkit.java:491) ~[jfxrt.jar:?]
	at com.sun.javafx.tk.quantum.QuantumToolkit.lambda$runToolkit$11(QuantumToolkit.java:319) ~[jfxrt.jar:?]
	at com.sun.glass.ui.InvokeLaterDispatcher$Future.run(InvokeLaterDispatcher.java:95) ~[jfxrt.jar:?]
	at com.sun.glass.ui.win.WinApplication._runLoop(Native Method) ~[jfxrt.jar:?]
	at com.sun.glass.ui.win.WinApplication.lambda$null$3(WinApplication.java:177) ~[jfxrt.jar:?]
	at java.lang.Thread.run(Thread.java:748) [?:1.8.0_272]
2020-12-19 19:45:17.853 [JavaFX Application Thread] ERROR com.CMD.exceptions.DefaultExceptionHandler - Exception occurred {}
java.lang.NullPointerException: null
	at javafx.scene.Scene$ScenePulseListener.synchronizeSceneNodes(Scene.java:2289) ~[jfxrt.jar:?]
	at javafx.scene.Scene$ScenePulseListener.pulse(Scene.java:2419) ~[jfxrt.jar:?]
	at com.sun.javafx.tk.Toolkit.lambda$runPulse$2(Toolkit.java:398) ~[jfxrt.jar:?]
	at java.security.AccessController.doPrivileged(Native Method) ~[?:1.8.0_272]
	at com.sun.javafx.tk.Toolkit.runPulse(Toolkit.java:397) ~[jfxrt.jar:?]
	at com.sun.javafx.tk.Toolkit.firePulse(Toolkit.java:424) ~[jfxrt.jar:?]
	at com.sun.javafx.tk.quantum.QuantumToolkit.pulse(QuantumToolkit.java:518) ~[jfxrt.jar:?]
	at com.sun.javafx.tk.quantum.QuantumToolkit.pulse(QuantumToolkit.java:498) ~[jfxrt.jar:?]
	at com.sun.javafx.tk.quantum.QuantumToolkit.pulseFromQueue(QuantumToolkit.java:491) ~[jfxrt.jar:?]
	at com.sun.javafx.tk.quantum.QuantumToolkit.lambda$runToolkit$11(QuantumToolkit.java:319) ~[jfxrt.jar:?]
	at com.sun.glass.ui.InvokeLaterDispatcher$Future.run(InvokeLaterDispatcher.java:95) ~[jfxrt.jar:?]
	at com.sun.glass.ui.win.WinApplication._runLoop(Native Method) ~[jfxrt.jar:?]
	at com.sun.glass.ui.win.WinApplication.lambda$null$3(WinApplication.java:177) ~[jfxrt.jar:?]
	at java.lang.Thread.run(Thread.java:748) [?:1.8.0_272]
2020-12-19 19:45:17.869 [JavaFX Application Thread] ERROR com.CMD.exceptions.DefaultExceptionHandler - Exception occurred {}
java.lang.NullPointerException: null
	at javafx.scene.Scene$ScenePulseListener.synchronizeSceneNodes(Scene.java:2289) ~[jfxrt.jar:?]
	at javafx.scene.Scene$ScenePulseListener.pulse(Scene.java:2419) ~[jfxrt.jar:?]
	at com.sun.javafx.tk.Toolkit.lambda$runPulse$2(Toolkit.java:398) ~[jfxrt.jar:?]
	at java.security.AccessController.doPrivileged(Native Method) ~[?:1.8.0_272]
	at com.sun.javafx.tk.Toolkit.runPulse(Toolkit.java:397) ~[jfxrt.jar:?]
	at com.sun.javafx.tk.Toolkit.firePulse(Toolkit.java:424) ~[jfxrt.jar:?]
	at com.sun.javafx.tk.quantum.QuantumToolkit.pulse(QuantumToolkit.java:518) ~[jfxrt.jar:?]
	at com.sun.javafx.tk.quantum.QuantumToolkit.pulse(QuantumToolkit.java:498) ~[jfxrt.jar:?]
	at com.sun.javafx.tk.quantum.QuantumToolkit.pulseFromQueue(QuantumToolkit.java:491) ~[jfxrt.jar:?]
	at com.sun.javafx.tk.quantum.QuantumToolkit.lambda$runToolkit$11(QuantumToolkit.java:319) ~[jfxrt.jar:?]
	at com.sun.glass.ui.InvokeLaterDispatcher$Future.run(InvokeLaterDispatcher.java:95) ~[jfxrt.jar:?]
	at com.sun.glass.ui.win.WinApplication._runLoop(Native Method) ~[jfxrt.jar:?]
	at com.sun.glass.ui.win.WinApplication.lambda$null$3(WinApplication.java:177) ~[jfxrt.jar:?]
	at java.lang.Thread.run(Thread.java:748) [?:1.8.0_272]
2020-12-19 19:45:18.093 [JavaFX Application Thread] ERROR com.CMD.exceptions.DefaultExceptionHandler - Exception occurred {}
java.lang.NullPointerException: null
	at javafx.scene.Scene$ScenePulseListener.synchronizeSceneNodes(Scene.java:2289) ~[jfxrt.jar:?]
	at javafx.scene.Scene$ScenePulseListener.pulse(Scene.java:2419) ~[jfxrt.jar:?]
	at com.sun.javafx.tk.Toolkit.lambda$runPulse$2(Toolkit.java:398) ~[jfxrt.jar:?]
	at java.security.AccessController.doPrivileged(Native Method) ~[?:1.8.0_272]
	at com.sun.javafx.tk.Toolkit.runPulse(Toolkit.java:397) ~[jfxrt.jar:?]
	at com.sun.javafx.tk.Toolkit.firePulse(Toolkit.java:424) ~[jfxrt.jar:?]
	at com.sun.javafx.tk.quantum.QuantumToolkit.pulse(QuantumToolkit.java:518) ~[jfxrt.jar:?]
	at com.sun.javafx.tk.quantum.QuantumToolkit.pulse(QuantumToolkit.java:498) ~[jfxrt.jar:?]
	at com.sun.javafx.tk.quantum.QuantumToolkit.pulseFromQueue(QuantumToolkit.java:491) ~[jfxrt.jar:?]
	at com.sun.javafx.tk.quantum.QuantumToolkit.lambda$runToolkit$11(QuantumToolkit.java:319) ~[jfxrt.jar:?]
	at com.sun.glass.ui.InvokeLaterDispatcher$Future.run(InvokeLaterDispatcher.java:95) ~[jfxrt.jar:?]
	at com.sun.glass.ui.win.WinApplication._runLoop(Native Method) ~[jfxrt.jar:?]
	at com.sun.glass.ui.win.WinApplication.lambda$null$3(WinApplication.java:177) ~[jfxrt.jar:?]
	at java.lang.Thread.run(Thread.java:748) [?:1.8.0_272]
2020-12-19 19:45:18.109 [JavaFX Application Thread] ERROR com.CMD.exceptions.DefaultExceptionHandler - Exception occurred {}
java.lang.NullPointerException: null
	at javafx.scene.Scene$ScenePulseListener.synchronizeSceneNodes(Scene.java:2289) ~[jfxrt.jar:?]
	at javafx.scene.Scene$ScenePulseListener.pulse(Scene.java:2419) ~[jfxrt.jar:?]
	at com.sun.javafx.tk.Toolkit.lambda$runPulse$2(Toolkit.java:398) ~[jfxrt.jar:?]
	at java.security.AccessController.doPrivileged(Native Method) ~[?:1.8.0_272]
	at com.sun.javafx.tk.Toolkit.runPulse(Toolkit.java:397) ~[jfxrt.jar:?]
	at com.sun.javafx.tk.Toolkit.firePulse(Toolkit.java:424) ~[jfxrt.jar:?]
	at com.sun.javafx.tk.quantum.QuantumToolkit.pulse(QuantumToolkit.java:518) ~[jfxrt.jar:?]
	at com.sun.javafx.tk.quantum.QuantumToolkit.pulse(QuantumToolkit.java:498) ~[jfxrt.jar:?]
	at com.sun.javafx.tk.quantum.QuantumToolkit.pulseFromQueue(QuantumToolkit.java:491) ~[jfxrt.jar:?]
	at com.sun.javafx.tk.quantum.QuantumToolkit.lambda$runToolkit$11(QuantumToolkit.java:319) ~[jfxrt.jar:?]
	at com.sun.glass.ui.InvokeLaterDispatcher$Future.run(InvokeLaterDispatcher.java:95) ~[jfxrt.jar:?]
	at com.sun.glass.ui.win.WinApplication._runLoop(Native Method) ~[jfxrt.jar:?]
	at com.sun.glass.ui.win.WinApplication.lambda$null$3(WinApplication.java:177) ~[jfxrt.jar:?]
	at java.lang.Thread.run(Thread.java:748) [?:1.8.0_272]
2020-12-19 19:45:18.125 [JavaFX Application Thread] ERROR com.CMD.exceptions.DefaultExceptionHandler - Exception occurred {}
java.lang.NullPointerException: null
	at javafx.scene.Scene$ScenePulseListener.synchronizeSceneNodes(Scene.java:2289) ~[jfxrt.jar:?]
	at javafx.scene.Scene$ScenePulseListener.pulse(Scene.java:2419) ~[jfxrt.jar:?]
	at com.sun.javafx.tk.Toolkit.lambda$runPulse$2(Toolkit.java:398) ~[jfxrt.jar:?]
	at java.security.AccessController.doPrivileged(Native Method) ~[?:1.8.0_272]
	at com.sun.javafx.tk.Toolkit.runPulse(Toolkit.java:397) ~[jfxrt.jar:?]
	at com.sun.javafx.tk.Toolkit.firePulse(Toolkit.java:424) ~[jfxrt.jar:?]
	at com.sun.javafx.tk.quantum.QuantumToolkit.pulse(QuantumToolkit.java:518) ~[jfxrt.jar:?]
	at com.sun.javafx.tk.quantum.QuantumToolkit.pulse(QuantumToolkit.java:498) ~[jfxrt.jar:?]
	at com.sun.javafx.tk.quantum.QuantumToolkit.pulseFromQueue(QuantumToolkit.java:491) ~[jfxrt.jar:?]
	at com.sun.javafx.tk.quantum.QuantumToolkit.lambda$runToolkit$11(QuantumToolkit.java:319) ~[jfxrt.jar:?]
	at com.sun.glass.ui.InvokeLaterDispatcher$Future.run(InvokeLaterDispatcher.java:95) ~[jfxrt.jar:?]
	at com.sun.glass.ui.win.WinApplication._runLoop(Native Method) ~[jfxrt.jar:?]
	at com.sun.glass.ui.win.WinApplication.lambda$null$3(WinApplication.java:177) ~[jfxrt.jar:?]
	at java.lang.Thread.run(Thread.java:748) [?:1.8.0_272]
2020-12-19 19:45:18.141 [JavaFX Application Thread] ERROR com.CMD.exceptions.DefaultExceptionHandler - Exception occurred {}
java.lang.NullPointerException: null
	at javafx.scene.Scene$ScenePulseListener.synchronizeSceneNodes(Scene.java:2289) ~[jfxrt.jar:?]
	at javafx.scene.Scene$ScenePulseListener.pulse(Scene.java:2419) ~[jfxrt.jar:?]
	at com.sun.javafx.tk.Toolkit.lambda$runPulse$2(Toolkit.java:398) ~[jfxrt.jar:?]
	at java.security.AccessController.doPrivileged(Native Method) ~[?:1.8.0_272]
	at com.sun.javafx.tk.Toolkit.runPulse(Toolkit.java:397) ~[jfxrt.jar:?]
	at com.sun.javafx.tk.Toolkit.firePulse(Toolkit.java:424) ~[jfxrt.jar:?]
	at com.sun.javafx.tk.quantum.QuantumToolkit.pulse(QuantumToolkit.java:518) ~[jfxrt.jar:?]
	at com.sun.javafx.tk.quantum.QuantumToolkit.pulse(QuantumToolkit.java:498) ~[jfxrt.jar:?]
	at com.sun.javafx.tk.quantum.QuantumToolkit.pulseFromQueue(QuantumToolkit.java:491) ~[jfxrt.jar:?]
	at com.sun.javafx.tk.quantum.QuantumToolkit.lambda$runToolkit$11(QuantumToolkit.java:319) ~[jfxrt.jar:?]
	at com.sun.glass.ui.InvokeLaterDispatcher$Future.run(InvokeLaterDispatcher.java:95) ~[jfxrt.jar:?]
	at com.sun.glass.ui.win.WinApplication._runLoop(Native Method) ~[jfxrt.jar:?]
	at com.sun.glass.ui.win.WinApplication.lambda$null$3(WinApplication.java:177) ~[jfxrt.jar:?]
	at java.lang.Thread.run(Thread.java:748) [?:1.8.0_272]
2020-12-19 19:45:18.157 [JavaFX Application Thread] ERROR com.CMD.exceptions.DefaultExceptionHandler - Exception occurred {}
java.lang.NullPointerException: null
	at javafx.scene.Scene$ScenePulseListener.synchronizeSceneNodes(Scene.java:2289) ~[jfxrt.jar:?]
	at javafx.scene.Scene$ScenePulseListener.pulse(Scene.java:2419) ~[jfxrt.jar:?]
	at com.sun.javafx.tk.Toolkit.lambda$runPulse$2(Toolkit.java:398) ~[jfxrt.jar:?]
	at java.security.AccessController.doPrivileged(Native Method) ~[?:1.8.0_272]
	at com.sun.javafx.tk.Toolkit.runPulse(Toolkit.java:397) ~[jfxrt.jar:?]
	at com.sun.javafx.tk.Toolkit.firePulse(Toolkit.java:424) ~[jfxrt.jar:?]
	at com.sun.javafx.tk.quantum.QuantumToolkit.pulse(QuantumToolkit.java:518) ~[jfxrt.jar:?]
	at com.sun.javafx.tk.quantum.QuantumToolkit.pulse(QuantumToolkit.java:498) ~[jfxrt.jar:?]
	at com.sun.javafx.tk.quantum.QuantumToolkit.pulseFromQueue(QuantumToolkit.java:491) ~[jfxrt.jar:?]
	at com.sun.javafx.tk.quantum.QuantumToolkit.lambda$runToolkit$11(QuantumToolkit.java:319) ~[jfxrt.jar:?]
	at com.sun.glass.ui.InvokeLaterDispatcher$Future.run(InvokeLaterDispatcher.java:95) ~[jfxrt.jar:?]
	at com.sun.glass.ui.win.WinApplication._runLoop(Native Method) ~[jfxrt.jar:?]
	at com.sun.glass.ui.win.WinApplication.lambda$null$3(WinApplication.java:177) ~[jfxrt.jar:?]
	at java.lang.Thread.run(Thread.java:748) [?:1.8.0_272]
2020-12-19 19:45:18.174 [JavaFX Application Thread] ERROR com.CMD.exceptions.DefaultExceptionHandler - Exception occurred {}
java.lang.NullPointerException: null
	at javafx.scene.Scene$ScenePulseListener.synchronizeSceneNodes(Scene.java:2289) ~[jfxrt.jar:?]
	at javafx.scene.Scene$ScenePulseListener.pulse(Scene.java:2419) ~[jfxrt.jar:?]
	at com.sun.javafx.tk.Toolkit.lambda$runPulse$2(Toolkit.java:398) ~[jfxrt.jar:?]
	at java.security.AccessController.doPrivileged(Native Method) ~[?:1.8.0_272]
	at com.sun.javafx.tk.Toolkit.runPulse(Toolkit.java:397) ~[jfxrt.jar:?]
	at com.sun.javafx.tk.Toolkit.firePulse(Toolkit.java:424) ~[jfxrt.jar:?]
	at com.sun.javafx.tk.quantum.QuantumToolkit.pulse(QuantumToolkit.java:518) ~[jfxrt.jar:?]
	at com.sun.javafx.tk.quantum.QuantumToolkit.pulse(QuantumToolkit.java:498) ~[jfxrt.jar:?]
	at com.sun.javafx.tk.quantum.QuantumToolkit.pulseFromQueue(QuantumToolkit.java:491) ~[jfxrt.jar:?]
	at com.sun.javafx.tk.quantum.QuantumToolkit.lambda$runToolkit$11(QuantumToolkit.java:319) ~[jfxrt.jar:?]
	at com.sun.glass.ui.InvokeLaterDispatcher$Future.run(InvokeLaterDispatcher.java:95) ~[jfxrt.jar:?]
	at com.sun.glass.ui.win.WinApplication._runLoop(Native Method) ~[jfxrt.jar:?]
	at com.sun.glass.ui.win.WinApplication.lambda$null$3(WinApplication.java:177) ~[jfxrt.jar:?]
	at java.lang.Thread.run(Thread.java:748) [?:1.8.0_272]
2020-12-19 19:45:18.282 [JavaFX Application Thread] ERROR com.CMD.exceptions.DefaultExceptionHandler - Exception occurred {}
java.lang.NullPointerException: null
	at javafx.scene.Scene$ScenePulseListener.synchronizeSceneNodes(Scene.java:2289) ~[jfxrt.jar:?]
	at javafx.scene.Scene$ScenePulseListener.pulse(Scene.java:2419) ~[jfxrt.jar:?]
	at com.sun.javafx.tk.Toolkit.lambda$runPulse$2(Toolkit.java:398) ~[jfxrt.jar:?]
	at java.security.AccessController.doPrivileged(Native Method) ~[?:1.8.0_272]
	at com.sun.javafx.tk.Toolkit.runPulse(Toolkit.java:397) ~[jfxrt.jar:?]
	at com.sun.javafx.tk.Toolkit.firePulse(Toolkit.java:424) ~[jfxrt.jar:?]
	at com.sun.javafx.tk.quantum.QuantumToolkit.pulse(QuantumToolkit.java:518) ~[jfxrt.jar:?]
	at com.sun.javafx.tk.quantum.QuantumToolkit.pulse(QuantumToolkit.java:498) ~[jfxrt.jar:?]
	at com.sun.javafx.tk.quantum.QuantumToolkit.pulseFromQueue(QuantumToolkit.java:491) ~[jfxrt.jar:?]
	at com.sun.javafx.tk.quantum.QuantumToolkit.lambda$runToolkit$11(QuantumToolkit.java:319) ~[jfxrt.jar:?]
	at com.sun.glass.ui.InvokeLaterDispatcher$Future.run(InvokeLaterDispatcher.java:95) ~[jfxrt.jar:?]
	at com.sun.glass.ui.win.WinApplication._runLoop(Native Method) ~[jfxrt.jar:?]
	at com.sun.glass.ui.win.WinApplication.lambda$null$3(WinApplication.java:177) ~[jfxrt.jar:?]
	at java.lang.Thread.run(Thread.java:748) [?:1.8.0_272]
2020-12-19 19:45:18.285 [JavaFX Application Thread] ERROR com.CMD.exceptions.DefaultExceptionHandler - Exception occurred {}
java.lang.NullPointerException: null
	at javafx.scene.Scene$ScenePulseListener.synchronizeSceneNodes(Scene.java:2289) ~[jfxrt.jar:?]
	at javafx.scene.Scene$ScenePulseListener.pulse(Scene.java:2419) ~[jfxrt.jar:?]
	at com.sun.javafx.tk.Toolkit.lambda$runPulse$2(Toolkit.java:398) ~[jfxrt.jar:?]
	at java.security.AccessController.doPrivileged(Native Method) ~[?:1.8.0_272]
	at com.sun.javafx.tk.Toolkit.runPulse(Toolkit.java:397) ~[jfxrt.jar:?]
	at com.sun.javafx.tk.Toolkit.firePulse(Toolkit.java:424) ~[jfxrt.jar:?]
	at com.sun.javafx.tk.quantum.QuantumToolkit.pulse(QuantumToolkit.java:518) ~[jfxrt.jar:?]
	at com.sun.javafx.tk.quantum.QuantumToolkit.pulse(QuantumToolkit.java:498) ~[jfxrt.jar:?]
	at com.sun.javafx.tk.quantum.QuantumToolkit.pulseFromQueue(QuantumToolkit.java:491) ~[jfxrt.jar:?]
	at com.sun.javafx.tk.quantum.QuantumToolkit.lambda$runToolkit$11(QuantumToolkit.java:319) ~[jfxrt.jar:?]
	at com.sun.glass.ui.InvokeLaterDispatcher$Future.run(InvokeLaterDispatcher.java:95) ~[jfxrt.jar:?]
	at com.sun.glass.ui.win.WinApplication._runLoop(Native Method) ~[jfxrt.jar:?]
	at com.sun.glass.ui.win.WinApplication.lambda$null$3(WinApplication.java:177) ~[jfxrt.jar:?]
	at java.lang.Thread.run(Thread.java:748) [?:1.8.0_272]
2020-12-19 19:45:18.301 [JavaFX Application Thread] ERROR com.CMD.exceptions.DefaultExceptionHandler - Exception occurred {}
java.lang.NullPointerException: null
	at javafx.scene.Scene$ScenePulseListener.synchronizeSceneNodes(Scene.java:2289) ~[jfxrt.jar:?]
	at javafx.scene.Scene$ScenePulseListener.pulse(Scene.java:2419) ~[jfxrt.jar:?]
	at com.sun.javafx.tk.Toolkit.lambda$runPulse$2(Toolkit.java:398) ~[jfxrt.jar:?]
	at java.security.AccessController.doPrivileged(Native Method) ~[?:1.8.0_272]
	at com.sun.javafx.tk.Toolkit.runPulse(Toolkit.java:397) ~[jfxrt.jar:?]
	at com.sun.javafx.tk.Toolkit.firePulse(Toolkit.java:424) ~[jfxrt.jar:?]
	at com.sun.javafx.tk.quantum.QuantumToolkit.pulse(QuantumToolkit.java:518) ~[jfxrt.jar:?]
	at com.sun.javafx.tk.quantum.QuantumToolkit.pulse(QuantumToolkit.java:498) ~[jfxrt.jar:?]
	at com.sun.javafx.tk.quantum.QuantumToolkit.pulseFromQueue(QuantumToolkit.java:491) ~[jfxrt.jar:?]
	at com.sun.javafx.tk.quantum.QuantumToolkit.lambda$runToolkit$11(QuantumToolkit.java:319) ~[jfxrt.jar:?]
	at com.sun.glass.ui.InvokeLaterDispatcher$Future.run(InvokeLaterDispatcher.java:95) ~[jfxrt.jar:?]
	at com.sun.glass.ui.win.WinApplication._runLoop(Native Method) ~[jfxrt.jar:?]
	at com.sun.glass.ui.win.WinApplication.lambda$null$3(WinApplication.java:177) ~[jfxrt.jar:?]
	at java.lang.Thread.run(Thread.java:748) [?:1.8.0_272]
2020-12-19 19:45:18.318 [JavaFX Application Thread] ERROR com.CMD.exceptions.DefaultExceptionHandler - Exception occurred {}
java.lang.NullPointerException: null
	at javafx.scene.Scene$ScenePulseListener.synchronizeSceneNodes(Scene.java:2289) ~[jfxrt.jar:?]
	at javafx.scene.Scene$ScenePulseListener.pulse(Scene.java:2419) ~[jfxrt.jar:?]
	at com.sun.javafx.tk.Toolkit.lambda$runPulse$2(Toolkit.java:398) ~[jfxrt.jar:?]
	at java.security.AccessController.doPrivileged(Native Method) ~[?:1.8.0_272]
	at com.sun.javafx.tk.Toolkit.runPulse(Toolkit.java:397) ~[jfxrt.jar:?]
	at com.sun.javafx.tk.Toolkit.firePulse(Toolkit.java:424) ~[jfxrt.jar:?]
	at com.sun.javafx.tk.quantum.QuantumToolkit.pulse(QuantumToolkit.java:518) ~[jfxrt.jar:?]
	at com.sun.javafx.tk.quantum.QuantumToolkit.pulse(QuantumToolkit.java:498) ~[jfxrt.jar:?]
	at com.sun.javafx.tk.quantum.QuantumToolkit.pulseFromQueue(QuantumToolkit.java:491) ~[jfxrt.jar:?]
	at com.sun.javafx.tk.quantum.QuantumToolkit.lambda$runToolkit$11(QuantumToolkit.java:319) ~[jfxrt.jar:?]
	at com.sun.glass.ui.InvokeLaterDispatcher$Future.run(InvokeLaterDispatcher.java:95) ~[jfxrt.jar:?]
	at com.sun.glass.ui.win.WinApplication._runLoop(Native Method) ~[jfxrt.jar:?]
	at com.sun.glass.ui.win.WinApplication.lambda$null$3(WinApplication.java:177) ~[jfxrt.jar:?]
	at java.lang.Thread.run(Thread.java:748) [?:1.8.0_272]
2020-12-19 19:45:18.333 [JavaFX Application Thread] ERROR com.CMD.exceptions.DefaultExceptionHandler - Exception occurred {}
java.lang.NullPointerException: null
	at javafx.scene.Scene$ScenePulseListener.synchronizeSceneNodes(Scene.java:2289) ~[jfxrt.jar:?]
	at javafx.scene.Scene$ScenePulseListener.pulse(Scene.java:2419) ~[jfxrt.jar:?]
	at com.sun.javafx.tk.Toolkit.lambda$runPulse$2(Toolkit.java:398) ~[jfxrt.jar:?]
	at java.security.AccessController.doPrivileged(Native Method) ~[?:1.8.0_272]
	at com.sun.javafx.tk.Toolkit.runPulse(Toolkit.java:397) ~[jfxrt.jar:?]
	at com.sun.javafx.tk.Toolkit.firePulse(Toolkit.java:424) ~[jfxrt.jar:?]
	at com.sun.javafx.tk.quantum.QuantumToolkit.pulse(QuantumToolkit.java:518) ~[jfxrt.jar:?]
	at com.sun.javafx.tk.quantum.QuantumToolkit.pulse(QuantumToolkit.java:498) ~[jfxrt.jar:?]
	at com.sun.javafx.tk.quantum.QuantumToolkit.pulseFromQueue(QuantumToolkit.java:491) ~[jfxrt.jar:?]
	at com.sun.javafx.tk.quantum.QuantumToolkit.lambda$runToolkit$11(QuantumToolkit.java:319) ~[jfxrt.jar:?]
	at com.sun.glass.ui.InvokeLaterDispatcher$Future.run(InvokeLaterDispatcher.java:95) ~[jfxrt.jar:?]
	at com.sun.glass.ui.win.WinApplication._runLoop(Native Method) ~[jfxrt.jar:?]
	at com.sun.glass.ui.win.WinApplication.lambda$null$3(WinApplication.java:177) ~[jfxrt.jar:?]
	at java.lang.Thread.run(Thread.java:748) [?:1.8.0_272]
2020-12-19 19:45:18.349 [JavaFX Application Thread] ERROR com.CMD.exceptions.DefaultExceptionHandler - Exception occurred {}
java.lang.NullPointerException: null
	at javafx.scene.Scene$ScenePulseListener.synchronizeSceneNodes(Scene.java:2289) ~[jfxrt.jar:?]
	at javafx.scene.Scene$ScenePulseListener.pulse(Scene.java:2419) ~[jfxrt.jar:?]
	at com.sun.javafx.tk.Toolkit.lambda$runPulse$2(Toolkit.java:398) ~[jfxrt.jar:?]
	at java.security.AccessController.doPrivileged(Native Method) ~[?:1.8.0_272]
	at com.sun.javafx.tk.Toolkit.runPulse(Toolkit.java:397) ~[jfxrt.jar:?]
	at com.sun.javafx.tk.Toolkit.firePulse(Toolkit.java:424) ~[jfxrt.jar:?]
	at com.sun.javafx.tk.quantum.QuantumToolkit.pulse(QuantumToolkit.java:518) ~[jfxrt.jar:?]
	at com.sun.javafx.tk.quantum.QuantumToolkit.pulse(QuantumToolkit.java:498) ~[jfxrt.jar:?]
	at com.sun.javafx.tk.quantum.QuantumToolkit.pulseFromQueue(QuantumToolkit.java:491) ~[jfxrt.jar:?]
	at com.sun.javafx.tk.quantum.QuantumToolkit.lambda$runToolkit$11(QuantumToolkit.java:319) ~[jfxrt.jar:?]
	at com.sun.glass.ui.InvokeLaterDispatcher$Future.run(InvokeLaterDispatcher.java:95) ~[jfxrt.jar:?]
	at com.sun.glass.ui.win.WinApplication._runLoop(Native Method) ~[jfxrt.jar:?]
	at com.sun.glass.ui.win.WinApplication.lambda$null$3(WinApplication.java:177) ~[jfxrt.jar:?]
	at java.lang.Thread.run(Thread.java:748) [?:1.8.0_272]
2020-12-19 19:45:18.365 [JavaFX Application Thread] ERROR com.CMD.exceptions.DefaultExceptionHandler - Exception occurred {}
java.lang.NullPointerException: null
	at javafx.scene.Scene$ScenePulseListener.synchronizeSceneNodes(Scene.java:2289) ~[jfxrt.jar:?]
	at javafx.scene.Scene$ScenePulseListener.pulse(Scene.java:2419) ~[jfxrt.jar:?]
	at com.sun.javafx.tk.Toolkit.lambda$runPulse$2(Toolkit.java:398) ~[jfxrt.jar:?]
	at java.security.AccessController.doPrivileged(Native Method) ~[?:1.8.0_272]
	at com.sun.javafx.tk.Toolkit.runPulse(Toolkit.java:397) ~[jfxrt.jar:?]
	at com.sun.javafx.tk.Toolkit.firePulse(Toolkit.java:424) ~[jfxrt.jar:?]
	at com.sun.javafx.tk.quantum.QuantumToolkit.pulse(QuantumToolkit.java:518) ~[jfxrt.jar:?]
	at com.sun.javafx.tk.quantum.QuantumToolkit.pulse(QuantumToolkit.java:498) ~[jfxrt.jar:?]
	at com.sun.javafx.tk.quantum.QuantumToolkit.pulseFromQueue(QuantumToolkit.java:491) ~[jfxrt.jar:?]
	at com.sun.javafx.tk.quantum.QuantumToolkit.lambda$runToolkit$11(QuantumToolkit.java:319) ~[jfxrt.jar:?]
	at com.sun.glass.ui.InvokeLaterDispatcher$Future.run(InvokeLaterDispatcher.java:95) ~[jfxrt.jar:?]
	at com.sun.glass.ui.win.WinApplication._runLoop(Native Method) ~[jfxrt.jar:?]
	at com.sun.glass.ui.win.WinApplication.lambda$null$3(WinApplication.java:177) ~[jfxrt.jar:?]
	at java.lang.Thread.run(Thread.java:748) [?:1.8.0_272]
2020-12-19 19:45:18.381 [JavaFX Application Thread] ERROR com.CMD.exceptions.DefaultExceptionHandler - Exception occurred {}
java.lang.NullPointerException: null
	at javafx.scene.Scene$ScenePulseListener.synchronizeSceneNodes(Scene.java:2289) ~[jfxrt.jar:?]
	at javafx.scene.Scene$ScenePulseListener.pulse(Scene.java:2419) ~[jfxrt.jar:?]
	at com.sun.javafx.tk.Toolkit.lambda$runPulse$2(Toolkit.java:398) ~[jfxrt.jar:?]
	at java.security.AccessController.doPrivileged(Native Method) ~[?:1.8.0_272]
	at com.sun.javafx.tk.Toolkit.runPulse(Toolkit.java:397) ~[jfxrt.jar:?]
	at com.sun.javafx.tk.Toolkit.firePulse(Toolkit.java:424) ~[jfxrt.jar:?]
	at com.sun.javafx.tk.quantum.QuantumToolkit.pulse(QuantumToolkit.java:518) ~[jfxrt.jar:?]
	at com.sun.javafx.tk.quantum.QuantumToolkit.pulse(QuantumToolkit.java:498) ~[jfxrt.jar:?]
	at com.sun.javafx.tk.quantum.QuantumToolkit.pulseFromQueue(QuantumToolkit.java:491) ~[jfxrt.jar:?]
	at com.sun.javafx.tk.quantum.QuantumToolkit.lambda$runToolkit$11(QuantumToolkit.java:319) ~[jfxrt.jar:?]
	at com.sun.glass.ui.InvokeLaterDispatcher$Future.run(InvokeLaterDispatcher.java:95) ~[jfxrt.jar:?]
	at com.sun.glass.ui.win.WinApplication._runLoop(Native Method) ~[jfxrt.jar:?]
	at com.sun.glass.ui.win.WinApplication.lambda$null$3(WinApplication.java:177) ~[jfxrt.jar:?]
	at java.lang.Thread.run(Thread.java:748) [?:1.8.0_272]
2020-12-19 19:45:18.397 [JavaFX Application Thread] ERROR com.CMD.exceptions.DefaultExceptionHandler - Exception occurred {}
java.lang.NullPointerException: null
	at javafx.scene.Scene$ScenePulseListener.synchronizeSceneNodes(Scene.java:2289) ~[jfxrt.jar:?]
	at javafx.scene.Scene$ScenePulseListener.pulse(Scene.java:2419) ~[jfxrt.jar:?]
	at com.sun.javafx.tk.Toolkit.lambda$runPulse$2(Toolkit.java:398) ~[jfxrt.jar:?]
	at java.security.AccessController.doPrivileged(Native Method) ~[?:1.8.0_272]
	at com.sun.javafx.tk.Toolkit.runPulse(Toolkit.java:397) ~[jfxrt.jar:?]
	at com.sun.javafx.tk.Toolkit.firePulse(Toolkit.java:424) ~[jfxrt.jar:?]
	at com.sun.javafx.tk.quantum.QuantumToolkit.pulse(QuantumToolkit.java:518) ~[jfxrt.jar:?]
	at com.sun.javafx.tk.quantum.QuantumToolkit.pulse(QuantumToolkit.java:498) ~[jfxrt.jar:?]
	at com.sun.javafx.tk.quantum.QuantumToolkit.pulseFromQueue(QuantumToolkit.java:491) ~[jfxrt.jar:?]
	at com.sun.javafx.tk.quantum.QuantumToolkit.lambda$runToolkit$11(QuantumToolkit.java:319) ~[jfxrt.jar:?]
	at com.sun.glass.ui.InvokeLaterDispatcher$Future.run(InvokeLaterDispatcher.java:95) ~[jfxrt.jar:?]
	at com.sun.glass.ui.win.WinApplication._runLoop(Native Method) ~[jfxrt.jar:?]
	at com.sun.glass.ui.win.WinApplication.lambda$null$3(WinApplication.java:177) ~[jfxrt.jar:?]
	at java.lang.Thread.run(Thread.java:748) [?:1.8.0_272]
2020-12-19 19:45:18.413 [JavaFX Application Thread] ERROR com.CMD.exceptions.DefaultExceptionHandler - Exception occurred {}
java.lang.NullPointerException: null
	at javafx.scene.Scene$ScenePulseListener.synchronizeSceneNodes(Scene.java:2289) ~[jfxrt.jar:?]
	at javafx.scene.Scene$ScenePulseListener.pulse(Scene.java:2419) ~[jfxrt.jar:?]
	at com.sun.javafx.tk.Toolkit.lambda$runPulse$2(Toolkit.java:398) ~[jfxrt.jar:?]
	at java.security.AccessController.doPrivileged(Native Method) ~[?:1.8.0_272]
	at com.sun.javafx.tk.Toolkit.runPulse(Toolkit.java:397) ~[jfxrt.jar:?]
	at com.sun.javafx.tk.Toolkit.firePulse(Toolkit.java:424) ~[jfxrt.jar:?]
	at com.sun.javafx.tk.quantum.QuantumToolkit.pulse(QuantumToolkit.java:518) ~[jfxrt.jar:?]
	at com.sun.javafx.tk.quantum.QuantumToolkit.pulse(QuantumToolkit.java:498) ~[jfxrt.jar:?]
	at com.sun.javafx.tk.quantum.QuantumToolkit.pulseFromQueue(QuantumToolkit.java:491) ~[jfxrt.jar:?]
	at com.sun.javafx.tk.quantum.QuantumToolkit.lambda$runToolkit$11(QuantumToolkit.java:319) ~[jfxrt.jar:?]
	at com.sun.glass.ui.InvokeLaterDispatcher$Future.run(InvokeLaterDispatcher.java:95) ~[jfxrt.jar:?]
	at com.sun.glass.ui.win.WinApplication._runLoop(Native Method) ~[jfxrt.jar:?]
	at com.sun.glass.ui.win.WinApplication.lambda$null$3(WinApplication.java:177) ~[jfxrt.jar:?]
	at java.lang.Thread.run(Thread.java:748) [?:1.8.0_272]
2020-12-19 19:45:18.429 [JavaFX Application Thread] ERROR com.CMD.exceptions.DefaultExceptionHandler - Exception occurred {}
java.lang.NullPointerException: null
	at javafx.scene.Scene$ScenePulseListener.synchronizeSceneNodes(Scene.java:2289) ~[jfxrt.jar:?]
	at javafx.scene.Scene$ScenePulseListener.pulse(Scene.java:2419) ~[jfxrt.jar:?]
	at com.sun.javafx.tk.Toolkit.lambda$runPulse$2(Toolkit.java:398) ~[jfxrt.jar:?]
	at java.security.AccessController.doPrivileged(Native Method) ~[?:1.8.0_272]
	at com.sun.javafx.tk.Toolkit.runPulse(Toolkit.java:397) ~[jfxrt.jar:?]
	at com.sun.javafx.tk.Toolkit.firePulse(Toolkit.java:424) ~[jfxrt.jar:?]
	at com.sun.javafx.tk.quantum.QuantumToolkit.pulse(QuantumToolkit.java:518) ~[jfxrt.jar:?]
	at com.sun.javafx.tk.quantum.QuantumToolkit.pulse(QuantumToolkit.java:498) ~[jfxrt.jar:?]
	at com.sun.javafx.tk.quantum.QuantumToolkit.pulseFromQueue(QuantumToolkit.java:491) ~[jfxrt.jar:?]
	at com.sun.javafx.tk.quantum.QuantumToolkit.lambda$runToolkit$11(QuantumToolkit.java:319) ~[jfxrt.jar:?]
	at com.sun.glass.ui.InvokeLaterDispatcher$Future.run(InvokeLaterDispatcher.java:95) ~[jfxrt.jar:?]
	at com.sun.glass.ui.win.WinApplication._runLoop(Native Method) ~[jfxrt.jar:?]
	at com.sun.glass.ui.win.WinApplication.lambda$null$3(WinApplication.java:177) ~[jfxrt.jar:?]
	at java.lang.Thread.run(Thread.java:748) [?:1.8.0_272]
2020-12-19 19:45:18.446 [JavaFX Application Thread] ERROR com.CMD.exceptions.DefaultExceptionHandler - Exception occurred {}
java.lang.NullPointerException: null
	at javafx.scene.Scene$ScenePulseListener.synchronizeSceneNodes(Scene.java:2289) ~[jfxrt.jar:?]
	at javafx.scene.Scene$ScenePulseListener.pulse(Scene.java:2419) ~[jfxrt.jar:?]
	at com.sun.javafx.tk.Toolkit.lambda$runPulse$2(Toolkit.java:398) ~[jfxrt.jar:?]
	at java.security.AccessController.doPrivileged(Native Method) ~[?:1.8.0_272]
	at com.sun.javafx.tk.Toolkit.runPulse(Toolkit.java:397) ~[jfxrt.jar:?]
	at com.sun.javafx.tk.Toolkit.firePulse(Toolkit.java:424) ~[jfxrt.jar:?]
	at com.sun.javafx.tk.quantum.QuantumToolkit.pulse(QuantumToolkit.java:518) ~[jfxrt.jar:?]
	at com.sun.javafx.tk.quantum.QuantumToolkit.pulse(QuantumToolkit.java:498) ~[jfxrt.jar:?]
	at com.sun.javafx.tk.quantum.QuantumToolkit.pulseFromQueue(QuantumToolkit.java:491) ~[jfxrt.jar:?]
	at com.sun.javafx.tk.quantum.QuantumToolkit.lambda$runToolkit$11(QuantumToolkit.java:319) ~[jfxrt.jar:?]
	at com.sun.glass.ui.InvokeLaterDispatcher$Future.run(InvokeLaterDispatcher.java:95) ~[jfxrt.jar:?]
	at com.sun.glass.ui.win.WinApplication._runLoop(Native Method) ~[jfxrt.jar:?]
	at com.sun.glass.ui.win.WinApplication.lambda$null$3(WinApplication.java:177) ~[jfxrt.jar:?]
	at java.lang.Thread.run(Thread.java:748) [?:1.8.0_272]
2020-12-19 19:45:18.461 [JavaFX Application Thread] ERROR com.CMD.exceptions.DefaultExceptionHandler - Exception occurred {}
java.lang.NullPointerException: null
	at javafx.scene.Scene$ScenePulseListener.synchronizeSceneNodes(Scene.java:2289) ~[jfxrt.jar:?]
	at javafx.scene.Scene$ScenePulseListener.pulse(Scene.java:2419) ~[jfxrt.jar:?]
	at com.sun.javafx.tk.Toolkit.lambda$runPulse$2(Toolkit.java:398) ~[jfxrt.jar:?]
	at java.security.AccessController.doPrivileged(Native Method) ~[?:1.8.0_272]
	at com.sun.javafx.tk.Toolkit.runPulse(Toolkit.java:397) ~[jfxrt.jar:?]
	at com.sun.javafx.tk.Toolkit.firePulse(Toolkit.java:424) ~[jfxrt.jar:?]
	at com.sun.javafx.tk.quantum.QuantumToolkit.pulse(QuantumToolkit.java:518) ~[jfxrt.jar:?]
	at com.sun.javafx.tk.quantum.QuantumToolkit.pulse(QuantumToolkit.java:498) ~[jfxrt.jar:?]
	at com.sun.javafx.tk.quantum.QuantumToolkit.pulseFromQueue(QuantumToolkit.java:491) ~[jfxrt.jar:?]
	at com.sun.javafx.tk.quantum.QuantumToolkit.lambda$runToolkit$11(QuantumToolkit.java:319) ~[jfxrt.jar:?]
	at com.sun.glass.ui.InvokeLaterDispatcher$Future.run(InvokeLaterDispatcher.java:95) ~[jfxrt.jar:?]
	at com.sun.glass.ui.win.WinApplication._runLoop(Native Method) ~[jfxrt.jar:?]
	at com.sun.glass.ui.win.WinApplication.lambda$null$3(WinApplication.java:177) ~[jfxrt.jar:?]
	at java.lang.Thread.run(Thread.java:748) [?:1.8.0_272]
2020-12-19 19:45:18.477 [JavaFX Application Thread] ERROR com.CMD.exceptions.DefaultExceptionHandler - Exception occurred {}
java.lang.NullPointerException: null
	at javafx.scene.Scene$ScenePulseListener.synchronizeSceneNodes(Scene.java:2289) ~[jfxrt.jar:?]
	at javafx.scene.Scene$ScenePulseListener.pulse(Scene.java:2419) ~[jfxrt.jar:?]
	at com.sun.javafx.tk.Toolkit.lambda$runPulse$2(Toolkit.java:398) ~[jfxrt.jar:?]
	at java.security.AccessController.doPrivileged(Native Method) ~[?:1.8.0_272]
	at com.sun.javafx.tk.Toolkit.runPulse(Toolkit.java:397) ~[jfxrt.jar:?]
	at com.sun.javafx.tk.Toolkit.firePulse(Toolkit.java:424) ~[jfxrt.jar:?]
	at com.sun.javafx.tk.quantum.QuantumToolkit.pulse(QuantumToolkit.java:518) ~[jfxrt.jar:?]
	at com.sun.javafx.tk.quantum.QuantumToolkit.pulse(QuantumToolkit.java:498) ~[jfxrt.jar:?]
	at com.sun.javafx.tk.quantum.QuantumToolkit.pulseFromQueue(QuantumToolkit.java:491) ~[jfxrt.jar:?]
	at com.sun.javafx.tk.quantum.QuantumToolkit.lambda$runToolkit$11(QuantumToolkit.java:319) ~[jfxrt.jar:?]
	at com.sun.glass.ui.InvokeLaterDispatcher$Future.run(InvokeLaterDispatcher.java:95) ~[jfxrt.jar:?]
	at com.sun.glass.ui.win.WinApplication._runLoop(Native Method) ~[jfxrt.jar:?]
	at com.sun.glass.ui.win.WinApplication.lambda$null$3(WinApplication.java:177) ~[jfxrt.jar:?]
	at java.lang.Thread.run(Thread.java:748) [?:1.8.0_272]
2020-12-19 19:45:18.493 [JavaFX Application Thread] ERROR com.CMD.exceptions.DefaultExceptionHandler - Exception occurred {}
java.lang.NullPointerException: null
	at javafx.scene.Scene$ScenePulseListener.synchronizeSceneNodes(Scene.java:2289) ~[jfxrt.jar:?]
	at javafx.scene.Scene$ScenePulseListener.pulse(Scene.java:2419) ~[jfxrt.jar:?]
	at com.sun.javafx.tk.Toolkit.lambda$runPulse$2(Toolkit.java:398) ~[jfxrt.jar:?]
	at java.security.AccessController.doPrivileged(Native Method) ~[?:1.8.0_272]
	at com.sun.javafx.tk.Toolkit.runPulse(Toolkit.java:397) ~[jfxrt.jar:?]
	at com.sun.javafx.tk.Toolkit.firePulse(Toolkit.java:424) ~[jfxrt.jar:?]
	at com.sun.javafx.tk.quantum.QuantumToolkit.pulse(QuantumToolkit.java:518) ~[jfxrt.jar:?]
	at com.sun.javafx.tk.quantum.QuantumToolkit.pulse(QuantumToolkit.java:498) ~[jfxrt.jar:?]
	at com.sun.javafx.tk.quantum.QuantumToolkit.pulseFromQueue(QuantumToolkit.java:491) ~[jfxrt.jar:?]
	at com.sun.javafx.tk.quantum.QuantumToolkit.lambda$runToolkit$11(QuantumToolkit.java:319) ~[jfxrt.jar:?]
	at com.sun.glass.ui.InvokeLaterDispatcher$Future.run(InvokeLaterDispatcher.java:95) ~[jfxrt.jar:?]
	at com.sun.glass.ui.win.WinApplication._runLoop(Native Method) ~[jfxrt.jar:?]
	at com.sun.glass.ui.win.WinApplication.lambda$null$3(WinApplication.java:177) ~[jfxrt.jar:?]
	at java.lang.Thread.run(Thread.java:748) [?:1.8.0_272]
2020-12-19 19:45:18.509 [JavaFX Application Thread] ERROR com.CMD.exceptions.DefaultExceptionHandler - Exception occurred {}
java.lang.NullPointerException: null
	at javafx.scene.Scene$ScenePulseListener.synchronizeSceneNodes(Scene.java:2289) ~[jfxrt.jar:?]
	at javafx.scene.Scene$ScenePulseListener.pulse(Scene.java:2419) ~[jfxrt.jar:?]
	at com.sun.javafx.tk.Toolkit.lambda$runPulse$2(Toolkit.java:398) ~[jfxrt.jar:?]
	at java.security.AccessController.doPrivileged(Native Method) ~[?:1.8.0_272]
	at com.sun.javafx.tk.Toolkit.runPulse(Toolkit.java:397) ~[jfxrt.jar:?]
	at com.sun.javafx.tk.Toolkit.firePulse(Toolkit.java:424) ~[jfxrt.jar:?]
	at com.sun.javafx.tk.quantum.QuantumToolkit.pulse(QuantumToolkit.java:518) ~[jfxrt.jar:?]
	at com.sun.javafx.tk.quantum.QuantumToolkit.pulse(QuantumToolkit.java:498) ~[jfxrt.jar:?]
	at com.sun.javafx.tk.quantum.QuantumToolkit.pulseFromQueue(QuantumToolkit.java:491) ~[jfxrt.jar:?]
	at com.sun.javafx.tk.quantum.QuantumToolkit.lambda$runToolkit$11(QuantumToolkit.java:319) ~[jfxrt.jar:?]
	at com.sun.glass.ui.InvokeLaterDispatcher$Future.run(InvokeLaterDispatcher.java:95) ~[jfxrt.jar:?]
	at com.sun.glass.ui.win.WinApplication._runLoop(Native Method) ~[jfxrt.jar:?]
	at com.sun.glass.ui.win.WinApplication.lambda$null$3(WinApplication.java:177) ~[jfxrt.jar:?]
	at java.lang.Thread.run(Thread.java:748) [?:1.8.0_272]
2020-12-19 19:45:18.527 [JavaFX Application Thread] ERROR com.CMD.exceptions.DefaultExceptionHandler - Exception occurred {}
java.lang.NullPointerException: null
	at javafx.scene.Scene$ScenePulseListener.synchronizeSceneNodes(Scene.java:2289) ~[jfxrt.jar:?]
	at javafx.scene.Scene$ScenePulseListener.pulse(Scene.java:2419) ~[jfxrt.jar:?]
	at com.sun.javafx.tk.Toolkit.lambda$runPulse$2(Toolkit.java:398) ~[jfxrt.jar:?]
	at java.security.AccessController.doPrivileged(Native Method) ~[?:1.8.0_272]
	at com.sun.javafx.tk.Toolkit.runPulse(Toolkit.java:397) ~[jfxrt.jar:?]
	at com.sun.javafx.tk.Toolkit.firePulse(Toolkit.java:424) ~[jfxrt.jar:?]
	at com.sun.javafx.tk.quantum.QuantumToolkit.pulse(QuantumToolkit.java:518) ~[jfxrt.jar:?]
	at com.sun.javafx.tk.quantum.QuantumToolkit.pulse(QuantumToolkit.java:498) ~[jfxrt.jar:?]
	at com.sun.javafx.tk.quantum.QuantumToolkit.pulseFromQueue(QuantumToolkit.java:491) ~[jfxrt.jar:?]
	at com.sun.javafx.tk.quantum.QuantumToolkit.lambda$runToolkit$11(QuantumToolkit.java:319) ~[jfxrt.jar:?]
	at com.sun.glass.ui.InvokeLaterDispatcher$Future.run(InvokeLaterDispatcher.java:95) ~[jfxrt.jar:?]
	at com.sun.glass.ui.win.WinApplication._runLoop(Native Method) ~[jfxrt.jar:?]
	at com.sun.glass.ui.win.WinApplication.lambda$null$3(WinApplication.java:177) ~[jfxrt.jar:?]
	at java.lang.Thread.run(Thread.java:748) [?:1.8.0_272]
2020-12-19 19:45:18.542 [JavaFX Application Thread] ERROR com.CMD.exceptions.DefaultExceptionHandler - Exception occurred {}
java.lang.NullPointerException: null
	at javafx.scene.Scene$ScenePulseListener.synchronizeSceneNodes(Scene.java:2289) ~[jfxrt.jar:?]
	at javafx.scene.Scene$ScenePulseListener.pulse(Scene.java:2419) ~[jfxrt.jar:?]
	at com.sun.javafx.tk.Toolkit.lambda$runPulse$2(Toolkit.java:398) ~[jfxrt.jar:?]
	at java.security.AccessController.doPrivileged(Native Method) ~[?:1.8.0_272]
	at com.sun.javafx.tk.Toolkit.runPulse(Toolkit.java:397) ~[jfxrt.jar:?]
	at com.sun.javafx.tk.Toolkit.firePulse(Toolkit.java:424) ~[jfxrt.jar:?]
	at com.sun.javafx.tk.quantum.QuantumToolkit.pulse(QuantumToolkit.java:518) ~[jfxrt.jar:?]
	at com.sun.javafx.tk.quantum.QuantumToolkit.pulse(QuantumToolkit.java:498) ~[jfxrt.jar:?]
	at com.sun.javafx.tk.quantum.QuantumToolkit.pulseFromQueue(QuantumToolkit.java:491) ~[jfxrt.jar:?]
	at com.sun.javafx.tk.quantum.QuantumToolkit.lambda$runToolkit$11(QuantumToolkit.java:319) ~[jfxrt.jar:?]
	at com.sun.glass.ui.InvokeLaterDispatcher$Future.run(InvokeLaterDispatcher.java:95) ~[jfxrt.jar:?]
	at com.sun.glass.ui.win.WinApplication._runLoop(Native Method) ~[jfxrt.jar:?]
	at com.sun.glass.ui.win.WinApplication.lambda$null$3(WinApplication.java:177) ~[jfxrt.jar:?]
	at java.lang.Thread.run(Thread.java:748) [?:1.8.0_272]
2020-12-19 19:45:18.557 [JavaFX Application Thread] ERROR com.CMD.exceptions.DefaultExceptionHandler - Exception occurred {}
java.lang.NullPointerException: null
	at javafx.scene.Scene$ScenePulseListener.synchronizeSceneNodes(Scene.java:2289) ~[jfxrt.jar:?]
	at javafx.scene.Scene$ScenePulseListener.pulse(Scene.java:2419) ~[jfxrt.jar:?]
	at com.sun.javafx.tk.Toolkit.lambda$runPulse$2(Toolkit.java:398) ~[jfxrt.jar:?]
	at java.security.AccessController.doPrivileged(Native Method) ~[?:1.8.0_272]
	at com.sun.javafx.tk.Toolkit.runPulse(Toolkit.java:397) ~[jfxrt.jar:?]
	at com.sun.javafx.tk.Toolkit.firePulse(Toolkit.java:424) ~[jfxrt.jar:?]
	at com.sun.javafx.tk.quantum.QuantumToolkit.pulse(QuantumToolkit.java:518) ~[jfxrt.jar:?]
	at com.sun.javafx.tk.quantum.QuantumToolkit.pulse(QuantumToolkit.java:498) ~[jfxrt.jar:?]
	at com.sun.javafx.tk.quantum.QuantumToolkit.pulseFromQueue(QuantumToolkit.java:491) ~[jfxrt.jar:?]
	at com.sun.javafx.tk.quantum.QuantumToolkit.lambda$runToolkit$11(QuantumToolkit.java:319) ~[jfxrt.jar:?]
	at com.sun.glass.ui.InvokeLaterDispatcher$Future.run(InvokeLaterDispatcher.java:95) ~[jfxrt.jar:?]
	at com.sun.glass.ui.win.WinApplication._runLoop(Native Method) ~[jfxrt.jar:?]
	at com.sun.glass.ui.win.WinApplication.lambda$null$3(WinApplication.java:177) ~[jfxrt.jar:?]
	at java.lang.Thread.run(Thread.java:748) [?:1.8.0_272]
2020-12-19 19:45:18.573 [JavaFX Application Thread] ERROR com.CMD.exceptions.DefaultExceptionHandler - Exception occurred {}
java.lang.NullPointerException: null
	at javafx.scene.Scene$ScenePulseListener.synchronizeSceneNodes(Scene.java:2289) ~[jfxrt.jar:?]
	at javafx.scene.Scene$ScenePulseListener.pulse(Scene.java:2419) ~[jfxrt.jar:?]
	at com.sun.javafx.tk.Toolkit.lambda$runPulse$2(Toolkit.java:398) ~[jfxrt.jar:?]
	at java.security.AccessController.doPrivileged(Native Method) ~[?:1.8.0_272]
	at com.sun.javafx.tk.Toolkit.runPulse(Toolkit.java:397) ~[jfxrt.jar:?]
	at com.sun.javafx.tk.Toolkit.firePulse(Toolkit.java:424) ~[jfxrt.jar:?]
	at com.sun.javafx.tk.quantum.QuantumToolkit.pulse(QuantumToolkit.java:518) ~[jfxrt.jar:?]
	at com.sun.javafx.tk.quantum.QuantumToolkit.pulse(QuantumToolkit.java:498) ~[jfxrt.jar:?]
	at com.sun.javafx.tk.quantum.QuantumToolkit.pulseFromQueue(QuantumToolkit.java:491) ~[jfxrt.jar:?]
	at com.sun.javafx.tk.quantum.QuantumToolkit.lambda$runToolkit$11(QuantumToolkit.java:319) ~[jfxrt.jar:?]
	at com.sun.glass.ui.InvokeLaterDispatcher$Future.run(InvokeLaterDispatcher.java:95) ~[jfxrt.jar:?]
	at com.sun.glass.ui.win.WinApplication._runLoop(Native Method) ~[jfxrt.jar:?]
	at com.sun.glass.ui.win.WinApplication.lambda$null$3(WinApplication.java:177) ~[jfxrt.jar:?]
	at java.lang.Thread.run(Thread.java:748) [?:1.8.0_272]
2020-12-19 19:45:18.589 [JavaFX Application Thread] ERROR com.CMD.exceptions.DefaultExceptionHandler - Exception occurred {}
java.lang.NullPointerException: null
	at javafx.scene.Scene$ScenePulseListener.synchronizeSceneNodes(Scene.java:2289) ~[jfxrt.jar:?]
	at javafx.scene.Scene$ScenePulseListener.pulse(Scene.java:2419) ~[jfxrt.jar:?]
	at com.sun.javafx.tk.Toolkit.lambda$runPulse$2(Toolkit.java:398) ~[jfxrt.jar:?]
	at java.security.AccessController.doPrivileged(Native Method) ~[?:1.8.0_272]
	at com.sun.javafx.tk.Toolkit.runPulse(Toolkit.java:397) ~[jfxrt.jar:?]
	at com.sun.javafx.tk.Toolkit.firePulse(Toolkit.java:424) ~[jfxrt.jar:?]
	at com.sun.javafx.tk.quantum.QuantumToolkit.pulse(QuantumToolkit.java:518) ~[jfxrt.jar:?]
	at com.sun.javafx.tk.quantum.QuantumToolkit.pulse(QuantumToolkit.java:498) ~[jfxrt.jar:?]
	at com.sun.javafx.tk.quantum.QuantumToolkit.pulseFromQueue(QuantumToolkit.java:491) ~[jfxrt.jar:?]
	at com.sun.javafx.tk.quantum.QuantumToolkit.lambda$runToolkit$11(QuantumToolkit.java:319) ~[jfxrt.jar:?]
	at com.sun.glass.ui.InvokeLaterDispatcher$Future.run(InvokeLaterDispatcher.java:95) ~[jfxrt.jar:?]
	at com.sun.glass.ui.win.WinApplication._runLoop(Native Method) ~[jfxrt.jar:?]
	at com.sun.glass.ui.win.WinApplication.lambda$null$3(WinApplication.java:177) ~[jfxrt.jar:?]
	at java.lang.Thread.run(Thread.java:748) [?:1.8.0_272]
2020-12-19 19:45:18.605 [JavaFX Application Thread] ERROR com.CMD.exceptions.DefaultExceptionHandler - Exception occurred {}
java.lang.NullPointerException: null
	at javafx.scene.Scene$ScenePulseListener.synchronizeSceneNodes(Scene.java:2289) ~[jfxrt.jar:?]
	at javafx.scene.Scene$ScenePulseListener.pulse(Scene.java:2419) ~[jfxrt.jar:?]
	at com.sun.javafx.tk.Toolkit.lambda$runPulse$2(Toolkit.java:398) ~[jfxrt.jar:?]
	at java.security.AccessController.doPrivileged(Native Method) ~[?:1.8.0_272]
	at com.sun.javafx.tk.Toolkit.runPulse(Toolkit.java:397) ~[jfxrt.jar:?]
	at com.sun.javafx.tk.Toolkit.firePulse(Toolkit.java:424) ~[jfxrt.jar:?]
	at com.sun.javafx.tk.quantum.QuantumToolkit.pulse(QuantumToolkit.java:518) ~[jfxrt.jar:?]
	at com.sun.javafx.tk.quantum.QuantumToolkit.pulse(QuantumToolkit.java:498) ~[jfxrt.jar:?]
	at com.sun.javafx.tk.quantum.QuantumToolkit.pulseFromQueue(QuantumToolkit.java:491) ~[jfxrt.jar:?]
	at com.sun.javafx.tk.quantum.QuantumToolkit.lambda$runToolkit$11(QuantumToolkit.java:319) ~[jfxrt.jar:?]
	at com.sun.glass.ui.InvokeLaterDispatcher$Future.run(InvokeLaterDispatcher.java:95) ~[jfxrt.jar:?]
	at com.sun.glass.ui.win.WinApplication._runLoop(Native Method) ~[jfxrt.jar:?]
	at com.sun.glass.ui.win.WinApplication.lambda$null$3(WinApplication.java:177) ~[jfxrt.jar:?]
	at java.lang.Thread.run(Thread.java:748) [?:1.8.0_272]
2020-12-19 19:45:18.621 [JavaFX Application Thread] ERROR com.CMD.exceptions.DefaultExceptionHandler - Exception occurred {}
java.lang.NullPointerException: null
	at javafx.scene.Scene$ScenePulseListener.synchronizeSceneNodes(Scene.java:2289) ~[jfxrt.jar:?]
	at javafx.scene.Scene$ScenePulseListener.pulse(Scene.java:2419) ~[jfxrt.jar:?]
	at com.sun.javafx.tk.Toolkit.lambda$runPulse$2(Toolkit.java:398) ~[jfxrt.jar:?]
	at java.security.AccessController.doPrivileged(Native Method) ~[?:1.8.0_272]
	at com.sun.javafx.tk.Toolkit.runPulse(Toolkit.java:397) ~[jfxrt.jar:?]
	at com.sun.javafx.tk.Toolkit.firePulse(Toolkit.java:424) ~[jfxrt.jar:?]
	at com.sun.javafx.tk.quantum.QuantumToolkit.pulse(QuantumToolkit.java:518) ~[jfxrt.jar:?]
	at com.sun.javafx.tk.quantum.QuantumToolkit.pulse(QuantumToolkit.java:498) ~[jfxrt.jar:?]
	at com.sun.javafx.tk.quantum.QuantumToolkit.pulseFromQueue(QuantumToolkit.java:491) ~[jfxrt.jar:?]
	at com.sun.javafx.tk.quantum.QuantumToolkit.lambda$runToolkit$11(QuantumToolkit.java:319) ~[jfxrt.jar:?]
	at com.sun.glass.ui.InvokeLaterDispatcher$Future.run(InvokeLaterDispatcher.java:95) ~[jfxrt.jar:?]
	at com.sun.glass.ui.win.WinApplication._runLoop(Native Method) ~[jfxrt.jar:?]
	at com.sun.glass.ui.win.WinApplication.lambda$null$3(WinApplication.java:177) ~[jfxrt.jar:?]
	at java.lang.Thread.run(Thread.java:748) [?:1.8.0_272]
2020-12-19 19:45:18.638 [JavaFX Application Thread] ERROR com.CMD.exceptions.DefaultExceptionHandler - Exception occurred {}
java.lang.NullPointerException: null
	at javafx.scene.Scene$ScenePulseListener.synchronizeSceneNodes(Scene.java:2289) ~[jfxrt.jar:?]
	at javafx.scene.Scene$ScenePulseListener.pulse(Scene.java:2419) ~[jfxrt.jar:?]
	at com.sun.javafx.tk.Toolkit.lambda$runPulse$2(Toolkit.java:398) ~[jfxrt.jar:?]
	at java.security.AccessController.doPrivileged(Native Method) ~[?:1.8.0_272]
	at com.sun.javafx.tk.Toolkit.runPulse(Toolkit.java:397) ~[jfxrt.jar:?]
	at com.sun.javafx.tk.Toolkit.firePulse(Toolkit.java:424) ~[jfxrt.jar:?]
	at com.sun.javafx.tk.quantum.QuantumToolkit.pulse(QuantumToolkit.java:518) ~[jfxrt.jar:?]
	at com.sun.javafx.tk.quantum.QuantumToolkit.pulse(QuantumToolkit.java:498) ~[jfxrt.jar:?]
	at com.sun.javafx.tk.quantum.QuantumToolkit.pulseFromQueue(QuantumToolkit.java:491) ~[jfxrt.jar:?]
	at com.sun.javafx.tk.quantum.QuantumToolkit.lambda$runToolkit$11(QuantumToolkit.java:319) ~[jfxrt.jar:?]
	at com.sun.glass.ui.InvokeLaterDispatcher$Future.run(InvokeLaterDispatcher.java:95) ~[jfxrt.jar:?]
	at com.sun.glass.ui.win.WinApplication._runLoop(Native Method) ~[jfxrt.jar:?]
	at com.sun.glass.ui.win.WinApplication.lambda$null$3(WinApplication.java:177) ~[jfxrt.jar:?]
	at java.lang.Thread.run(Thread.java:748) [?:1.8.0_272]
2020-12-19 19:45:18.654 [JavaFX Application Thread] ERROR com.CMD.exceptions.DefaultExceptionHandler - Exception occurred {}
java.lang.NullPointerException: null
	at javafx.scene.Scene$ScenePulseListener.synchronizeSceneNodes(Scene.java:2289) ~[jfxrt.jar:?]
	at javafx.scene.Scene$ScenePulseListener.pulse(Scene.java:2419) ~[jfxrt.jar:?]
	at com.sun.javafx.tk.Toolkit.lambda$runPulse$2(Toolkit.java:398) ~[jfxrt.jar:?]
	at java.security.AccessController.doPrivileged(Native Method) ~[?:1.8.0_272]
	at com.sun.javafx.tk.Toolkit.runPulse(Toolkit.java:397) ~[jfxrt.jar:?]
	at com.sun.javafx.tk.Toolkit.firePulse(Toolkit.java:424) ~[jfxrt.jar:?]
	at com.sun.javafx.tk.quantum.QuantumToolkit.pulse(QuantumToolkit.java:518) ~[jfxrt.jar:?]
	at com.sun.javafx.tk.quantum.QuantumToolkit.pulse(QuantumToolkit.java:498) ~[jfxrt.jar:?]
	at com.sun.javafx.tk.quantum.QuantumToolkit.pulseFromQueue(QuantumToolkit.java:491) ~[jfxrt.jar:?]
	at com.sun.javafx.tk.quantum.QuantumToolkit.lambda$runToolkit$11(QuantumToolkit.java:319) ~[jfxrt.jar:?]
	at com.sun.glass.ui.InvokeLaterDispatcher$Future.run(InvokeLaterDispatcher.java:95) ~[jfxrt.jar:?]
	at com.sun.glass.ui.win.WinApplication._runLoop(Native Method) ~[jfxrt.jar:?]
	at com.sun.glass.ui.win.WinApplication.lambda$null$3(WinApplication.java:177) ~[jfxrt.jar:?]
	at java.lang.Thread.run(Thread.java:748) [?:1.8.0_272]
2020-12-19 19:45:18.670 [JavaFX Application Thread] ERROR com.CMD.exceptions.DefaultExceptionHandler - Exception occurred {}
java.lang.NullPointerException: null
	at javafx.scene.Scene$ScenePulseListener.synchronizeSceneNodes(Scene.java:2289) ~[jfxrt.jar:?]
	at javafx.scene.Scene$ScenePulseListener.pulse(Scene.java:2419) ~[jfxrt.jar:?]
	at com.sun.javafx.tk.Toolkit.lambda$runPulse$2(Toolkit.java:398) ~[jfxrt.jar:?]
	at java.security.AccessController.doPrivileged(Native Method) ~[?:1.8.0_272]
	at com.sun.javafx.tk.Toolkit.runPulse(Toolkit.java:397) ~[jfxrt.jar:?]
	at com.sun.javafx.tk.Toolkit.firePulse(Toolkit.java:424) ~[jfxrt.jar:?]
	at com.sun.javafx.tk.quantum.QuantumToolkit.pulse(QuantumToolkit.java:518) ~[jfxrt.jar:?]
	at com.sun.javafx.tk.quantum.QuantumToolkit.pulse(QuantumToolkit.java:498) ~[jfxrt.jar:?]
	at com.sun.javafx.tk.quantum.QuantumToolkit.pulseFromQueue(QuantumToolkit.java:491) ~[jfxrt.jar:?]
	at com.sun.javafx.tk.quantum.QuantumToolkit.lambda$runToolkit$11(QuantumToolkit.java:319) ~[jfxrt.jar:?]
	at com.sun.glass.ui.InvokeLaterDispatcher$Future.run(InvokeLaterDispatcher.java:95) ~[jfxrt.jar:?]
	at com.sun.glass.ui.win.WinApplication._runLoop(Native Method) ~[jfxrt.jar:?]
	at com.sun.glass.ui.win.WinApplication.lambda$null$3(WinApplication.java:177) ~[jfxrt.jar:?]
	at java.lang.Thread.run(Thread.java:748) [?:1.8.0_272]
2020-12-19 19:45:20.292 [JavaFX Application Thread] ERROR com.CMD.exceptions.DefaultExceptionHandler - Exception occurred {}
java.lang.NullPointerException: null
	at javafx.scene.Scene$ScenePulseListener.synchronizeSceneNodes(Scene.java:2289) ~[jfxrt.jar:?]
	at javafx.scene.Scene$ScenePulseListener.pulse(Scene.java:2419) ~[jfxrt.jar:?]
	at com.sun.javafx.tk.Toolkit.lambda$runPulse$2(Toolkit.java:398) ~[jfxrt.jar:?]
	at java.security.AccessController.doPrivileged(Native Method) ~[?:1.8.0_272]
	at com.sun.javafx.tk.Toolkit.runPulse(Toolkit.java:397) ~[jfxrt.jar:?]
	at com.sun.javafx.tk.Toolkit.firePulse(Toolkit.java:424) ~[jfxrt.jar:?]
	at com.sun.javafx.tk.quantum.QuantumToolkit.pulse(QuantumToolkit.java:518) ~[jfxrt.jar:?]
	at com.sun.javafx.tk.quantum.QuantumToolkit.pulse(QuantumToolkit.java:498) ~[jfxrt.jar:?]
	at com.sun.javafx.tk.quantum.QuantumToolkit.pulseFromQueue(QuantumToolkit.java:491) ~[jfxrt.jar:?]
	at com.sun.javafx.tk.quantum.QuantumToolkit.lambda$runToolkit$11(QuantumToolkit.java:319) ~[jfxrt.jar:?]
	at com.sun.glass.ui.InvokeLaterDispatcher$Future.run(InvokeLaterDispatcher.java:95) ~[jfxrt.jar:?]
	at com.sun.glass.ui.win.WinApplication._runLoop(Native Method) ~[jfxrt.jar:?]
	at com.sun.glass.ui.win.WinApplication.lambda$null$3(WinApplication.java:177) ~[jfxrt.jar:?]
	at java.lang.Thread.run(Thread.java:748) [?:1.8.0_272]
2020-12-19 19:45:20.304 [JavaFX Application Thread] ERROR com.CMD.exceptions.DefaultExceptionHandler - Exception occurred {}
java.lang.NullPointerException: null
	at javafx.scene.Scene$ScenePulseListener.synchronizeSceneNodes(Scene.java:2289) ~[jfxrt.jar:?]
	at javafx.scene.Scene$ScenePulseListener.pulse(Scene.java:2419) ~[jfxrt.jar:?]
	at com.sun.javafx.tk.Toolkit.lambda$runPulse$2(Toolkit.java:398) ~[jfxrt.jar:?]
	at java.security.AccessController.doPrivileged(Native Method) ~[?:1.8.0_272]
	at com.sun.javafx.tk.Toolkit.runPulse(Toolkit.java:397) ~[jfxrt.jar:?]
	at com.sun.javafx.tk.Toolkit.firePulse(Toolkit.java:424) ~[jfxrt.jar:?]
	at com.sun.javafx.tk.quantum.QuantumToolkit.pulse(QuantumToolkit.java:518) ~[jfxrt.jar:?]
	at com.sun.javafx.tk.quantum.QuantumToolkit.pulse(QuantumToolkit.java:498) ~[jfxrt.jar:?]
	at com.sun.javafx.tk.quantum.QuantumToolkit.pulseFromQueue(QuantumToolkit.java:491) ~[jfxrt.jar:?]
	at com.sun.javafx.tk.quantum.QuantumToolkit.lambda$runToolkit$11(QuantumToolkit.java:319) ~[jfxrt.jar:?]
	at com.sun.glass.ui.InvokeLaterDispatcher$Future.run(InvokeLaterDispatcher.java:95) ~[jfxrt.jar:?]
	at com.sun.glass.ui.win.WinApplication._runLoop(Native Method) ~[jfxrt.jar:?]
	at com.sun.glass.ui.win.WinApplication.lambda$null$3(WinApplication.java:177) ~[jfxrt.jar:?]
	at java.lang.Thread.run(Thread.java:748) [?:1.8.0_272]
2020-12-19 19:45:20.317 [JavaFX Application Thread] ERROR com.CMD.exceptions.DefaultExceptionHandler - Exception occurred {}
java.lang.NullPointerException: null
	at javafx.scene.Scene$ScenePulseListener.synchronizeSceneNodes(Scene.java:2289) ~[jfxrt.jar:?]
	at javafx.scene.Scene$ScenePulseListener.pulse(Scene.java:2419) ~[jfxrt.jar:?]
	at com.sun.javafx.tk.Toolkit.lambda$runPulse$2(Toolkit.java:398) ~[jfxrt.jar:?]
	at java.security.AccessController.doPrivileged(Native Method) ~[?:1.8.0_272]
	at com.sun.javafx.tk.Toolkit.runPulse(Toolkit.java:397) ~[jfxrt.jar:?]
	at com.sun.javafx.tk.Toolkit.firePulse(Toolkit.java:424) ~[jfxrt.jar:?]
	at com.sun.javafx.tk.quantum.QuantumToolkit.pulse(QuantumToolkit.java:518) ~[jfxrt.jar:?]
	at com.sun.javafx.tk.quantum.QuantumToolkit.pulse(QuantumToolkit.java:498) ~[jfxrt.jar:?]
	at com.sun.javafx.tk.quantum.QuantumToolkit.pulseFromQueue(QuantumToolkit.java:491) ~[jfxrt.jar:?]
	at com.sun.javafx.tk.quantum.QuantumToolkit.lambda$runToolkit$11(QuantumToolkit.java:319) ~[jfxrt.jar:?]
	at com.sun.glass.ui.InvokeLaterDispatcher$Future.run(InvokeLaterDispatcher.java:95) ~[jfxrt.jar:?]
	at com.sun.glass.ui.win.WinApplication._runLoop(Native Method) ~[jfxrt.jar:?]
	at com.sun.glass.ui.win.WinApplication.lambda$null$3(WinApplication.java:177) ~[jfxrt.jar:?]
	at java.lang.Thread.run(Thread.java:748) [?:1.8.0_272]
2020-12-19 19:45:20.333 [JavaFX Application Thread] ERROR com.CMD.exceptions.DefaultExceptionHandler - Exception occurred {}
java.lang.NullPointerException: null
	at javafx.scene.Scene$ScenePulseListener.synchronizeSceneNodes(Scene.java:2289) ~[jfxrt.jar:?]
	at javafx.scene.Scene$ScenePulseListener.pulse(Scene.java:2419) ~[jfxrt.jar:?]
	at com.sun.javafx.tk.Toolkit.lambda$runPulse$2(Toolkit.java:398) ~[jfxrt.jar:?]
	at java.security.AccessController.doPrivileged(Native Method) ~[?:1.8.0_272]
	at com.sun.javafx.tk.Toolkit.runPulse(Toolkit.java:397) ~[jfxrt.jar:?]
	at com.sun.javafx.tk.Toolkit.firePulse(Toolkit.java:424) ~[jfxrt.jar:?]
	at com.sun.javafx.tk.quantum.QuantumToolkit.pulse(QuantumToolkit.java:518) ~[jfxrt.jar:?]
	at com.sun.javafx.tk.quantum.QuantumToolkit.pulse(QuantumToolkit.java:498) ~[jfxrt.jar:?]
	at com.sun.javafx.tk.quantum.QuantumToolkit.pulseFromQueue(QuantumToolkit.java:491) ~[jfxrt.jar:?]
	at com.sun.javafx.tk.quantum.QuantumToolkit.lambda$runToolkit$11(QuantumToolkit.java:319) ~[jfxrt.jar:?]
	at com.sun.glass.ui.InvokeLaterDispatcher$Future.run(InvokeLaterDispatcher.java:95) ~[jfxrt.jar:?]
	at com.sun.glass.ui.win.WinApplication._runLoop(Native Method) ~[jfxrt.jar:?]
	at com.sun.glass.ui.win.WinApplication.lambda$null$3(WinApplication.java:177) ~[jfxrt.jar:?]
	at java.lang.Thread.run(Thread.java:748) [?:1.8.0_272]
2020-12-19 19:45:20.349 [JavaFX Application Thread] ERROR com.CMD.exceptions.DefaultExceptionHandler - Exception occurred {}
java.lang.NullPointerException: null
	at javafx.scene.Scene$ScenePulseListener.synchronizeSceneNodes(Scene.java:2289) ~[jfxrt.jar:?]
	at javafx.scene.Scene$ScenePulseListener.pulse(Scene.java:2419) ~[jfxrt.jar:?]
	at com.sun.javafx.tk.Toolkit.lambda$runPulse$2(Toolkit.java:398) ~[jfxrt.jar:?]
	at java.security.AccessController.doPrivileged(Native Method) ~[?:1.8.0_272]
	at com.sun.javafx.tk.Toolkit.runPulse(Toolkit.java:397) ~[jfxrt.jar:?]
	at com.sun.javafx.tk.Toolkit.firePulse(Toolkit.java:424) ~[jfxrt.jar:?]
	at com.sun.javafx.tk.quantum.QuantumToolkit.pulse(QuantumToolkit.java:518) ~[jfxrt.jar:?]
	at com.sun.javafx.tk.quantum.QuantumToolkit.pulse(QuantumToolkit.java:498) ~[jfxrt.jar:?]
	at com.sun.javafx.tk.quantum.QuantumToolkit.pulseFromQueue(QuantumToolkit.java:491) ~[jfxrt.jar:?]
	at com.sun.javafx.tk.quantum.QuantumToolkit.lambda$runToolkit$11(QuantumToolkit.java:319) ~[jfxrt.jar:?]
	at com.sun.glass.ui.InvokeLaterDispatcher$Future.run(InvokeLaterDispatcher.java:95) ~[jfxrt.jar:?]
	at com.sun.glass.ui.win.WinApplication._runLoop(Native Method) ~[jfxrt.jar:?]
	at com.sun.glass.ui.win.WinApplication.lambda$null$3(WinApplication.java:177) ~[jfxrt.jar:?]
	at java.lang.Thread.run(Thread.java:748) [?:1.8.0_272]
2020-12-19 19:45:20.365 [JavaFX Application Thread] ERROR com.CMD.exceptions.DefaultExceptionHandler - Exception occurred {}
java.lang.NullPointerException: null
	at javafx.scene.Scene$ScenePulseListener.synchronizeSceneNodes(Scene.java:2289) ~[jfxrt.jar:?]
	at javafx.scene.Scene$ScenePulseListener.pulse(Scene.java:2419) ~[jfxrt.jar:?]
	at com.sun.javafx.tk.Toolkit.lambda$runPulse$2(Toolkit.java:398) ~[jfxrt.jar:?]
	at java.security.AccessController.doPrivileged(Native Method) ~[?:1.8.0_272]
	at com.sun.javafx.tk.Toolkit.runPulse(Toolkit.java:397) ~[jfxrt.jar:?]
	at com.sun.javafx.tk.Toolkit.firePulse(Toolkit.java:424) ~[jfxrt.jar:?]
	at com.sun.javafx.tk.quantum.QuantumToolkit.pulse(QuantumToolkit.java:518) ~[jfxrt.jar:?]
	at com.sun.javafx.tk.quantum.QuantumToolkit.pulse(QuantumToolkit.java:498) ~[jfxrt.jar:?]
	at com.sun.javafx.tk.quantum.QuantumToolkit.pulseFromQueue(QuantumToolkit.java:491) ~[jfxrt.jar:?]
	at com.sun.javafx.tk.quantum.QuantumToolkit.lambda$runToolkit$11(QuantumToolkit.java:319) ~[jfxrt.jar:?]
	at com.sun.glass.ui.InvokeLaterDispatcher$Future.run(InvokeLaterDispatcher.java:95) ~[jfxrt.jar:?]
	at com.sun.glass.ui.win.WinApplication._runLoop(Native Method) ~[jfxrt.jar:?]
	at com.sun.glass.ui.win.WinApplication.lambda$null$3(WinApplication.java:177) ~[jfxrt.jar:?]
	at java.lang.Thread.run(Thread.java:748) [?:1.8.0_272]
2020-12-19 19:45:20.382 [JavaFX Application Thread] ERROR com.CMD.exceptions.DefaultExceptionHandler - Exception occurred {}
java.lang.NullPointerException: null
	at javafx.scene.Scene$ScenePulseListener.synchronizeSceneNodes(Scene.java:2289) ~[jfxrt.jar:?]
	at javafx.scene.Scene$ScenePulseListener.pulse(Scene.java:2419) ~[jfxrt.jar:?]
	at com.sun.javafx.tk.Toolkit.lambda$runPulse$2(Toolkit.java:398) ~[jfxrt.jar:?]
	at java.security.AccessController.doPrivileged(Native Method) ~[?:1.8.0_272]
	at com.sun.javafx.tk.Toolkit.runPulse(Toolkit.java:397) ~[jfxrt.jar:?]
	at com.sun.javafx.tk.Toolkit.firePulse(Toolkit.java:424) ~[jfxrt.jar:?]
	at com.sun.javafx.tk.quantum.QuantumToolkit.pulse(QuantumToolkit.java:518) ~[jfxrt.jar:?]
	at com.sun.javafx.tk.quantum.QuantumToolkit.pulse(QuantumToolkit.java:498) ~[jfxrt.jar:?]
	at com.sun.javafx.tk.quantum.QuantumToolkit.pulseFromQueue(QuantumToolkit.java:491) ~[jfxrt.jar:?]
	at com.sun.javafx.tk.quantum.QuantumToolkit.lambda$runToolkit$11(QuantumToolkit.java:319) ~[jfxrt.jar:?]
	at com.sun.glass.ui.InvokeLaterDispatcher$Future.run(InvokeLaterDispatcher.java:95) ~[jfxrt.jar:?]
	at com.sun.glass.ui.win.WinApplication._runLoop(Native Method) ~[jfxrt.jar:?]
	at com.sun.glass.ui.win.WinApplication.lambda$null$3(WinApplication.java:177) ~[jfxrt.jar:?]
	at java.lang.Thread.run(Thread.java:748) [?:1.8.0_272]
2020-12-19 19:48:49.040 [main] INFO  com.CMD.ui.main.Main - CMD Team Collation App launched on 19-12-2020 07:48:49 PM
2020-12-19 19:49:04.433 [JavaFX Application Thread] INFO  com.CMD.ui.login.LoginController - User successfully logged in admin
2020-12-19 19:49:13.268 [Thread-7] INFO  com.CMD.ui.main.Main - CMD Team Collation App is closing on 19-12-2020 07:48:49 PM. Used for 1608403753267 ms
2020-12-19 19:52:11.304 [main] INFO  com.CMD.ui.main.Main - CMD Team Collation App launched on 19-12-2020 07:52:11 PM
2020-12-19 19:53:06.444 [JavaFX Application Thread] INFO  com.CMD.database.DataBaseHandler - Mail server info loaded from DB
2020-12-19 19:53:29.740 [JavaFX Application Thread] INFO  com.CMD.exceptions.ExceptionUtil - SLF4J: Failed to load class "org.slf4j.impl.StaticLoggerBinder".
2020-12-19 19:53:29.740 [JavaFX Application Thread] INFO  com.CMD.exceptions.ExceptionUtil - SLF4J: Defaulting to no-operation (NOP) logger implementation
2020-12-19 19:53:29.741 [JavaFX Application Thread] INFO  com.CMD.exceptions.ExceptionUtil - SLF4J: See http://www.slf4j.org/codes.html#StaticLoggerBinder for further details.
2020-12-19 19:55:13.731 [Thread-11] INFO  com.CMD.ui.main.Main - CMD Team Collation App is closing on 19-12-2020 07:52:11 PM. Used for 1608404113731 ms
