2020-11-30 15:02:03.309 [main] INFO  com.CMD.ui.main.Main - CMD Team Collation App launched on 30-11-2020 03:02:03 PM
2020-11-30 15:08:27.674 [main] INFO  com.CMD.ui.main.Main - CMD Team Collation App launched on 30-11-2020 03:08:27 PM
2020-11-30 15:08:32.228 [Thread-7] INFO  com.CMD.ui.main.Main - CMD Team Collation App is closing on 30-11-2020 03:08:27 PM. Used for 1606745312228 ms
2020-11-30 15:08:44.719 [main] INFO  com.CMD.ui.main.Main - CMD Team Collation App launched on 30-11-2020 03:08:44 PM
2020-11-30 15:08:50.744 [Thread-8] INFO  com.CMD.ui.main.Main - CMD Team Collation App is closing on 30-11-2020 03:08:44 PM. Used for 1606745330743 ms
2020-11-30 15:23:37.249 [main] INFO  com.CMD.ui.main.Main - CMD Team Collation App launched on 30-11-2020 03:23:37 PM
2020-11-30 15:24:09.053 [Thread-9] INFO  com.CMD.ui.main.Main - CMD Team Collation App is closing on 30-11-2020 03:23:37 PM. Used for 1606746249052 ms
2020-11-30 16:28:04.679 [main] INFO  com.CMD.ui.main.Main - CMD Team Collation App launched on 30-11-2020 04:28:04 PM
2020-11-30 18:36:48.438 [main] INFO  com.CMD.ui.main.Main - CMD Team Collation App launched on 30-11-2020 06:36:48 PM
2020-11-30 18:37:05.738 [Thread-7] INFO  com.CMD.ui.main.Main - CMD Team Collation App is closing on 30-11-2020 06:36:48 PM. Used for 1606757825738 ms
2020-11-30 18:39:37.189 [main] INFO  com.CMD.ui.main.Main - CMD Team Collation App launched on 30-11-2020 06:39:37 PM
2020-11-30 18:39:41.930 [Thread-7] INFO  com.CMD.ui.main.Main - CMD Team Collation App is closing on 30-11-2020 06:39:37 PM. Used for 1606757981930 ms
2020-11-30 18:40:47.747 [main] INFO  com.CMD.ui.main.Main - CMD Team Collation App launched on 30-11-2020 06:40:47 PM
2020-11-30 18:40:54.997 [Thread-7] INFO  com.CMD.ui.main.Main - CMD Team Collation App is closing on 30-11-2020 06:40:47 PM. Used for 1606758054997 ms
2020-11-30 18:41:41.549 [main] INFO  com.CMD.ui.main.Main - CMD Team Collation App launched on 30-11-2020 06:41:41 PM
2020-11-30 18:46:40.301 [Thread-9] INFO  com.CMD.ui.main.Main - CMD Team Collation App is closing on 30-11-2020 06:41:41 PM. Used for 1606758400301 ms
2020-11-30 18:47:43.509 [main] INFO  com.CMD.ui.main.Main - CMD Team Collation App launched on 30-11-2020 06:47:43 PM
2020-11-30 18:48:06.175 [Thread-8] INFO  com.CMD.ui.main.Main - CMD Team Collation App is closing on 30-11-2020 06:47:43 PM. Used for 1606758486174 ms
2020-11-30 18:55:21.077 [main] INFO  com.CMD.ui.main.Main - CMD Team Collation App launched on 30-11-2020 06:55:21 PM
2020-11-30 18:55:36.595 [Thread-7] INFO  com.CMD.ui.main.Main - CMD Team Collation App is closing on 30-11-2020 06:55:21 PM. Used for 1606758936594 ms
2020-11-30 18:55:42.494 [main] INFO  com.CMD.ui.main.Main - CMD Team Collation App launched on 30-11-2020 06:55:42 PM
2020-11-30 18:56:03.753 [main] INFO  com.CMD.ui.main.Main - CMD Team Collation App launched on 30-11-2020 06:56:03 PM
2020-11-30 18:57:52.689 [Thread-8] INFO  com.CMD.ui.main.Main - CMD Team Collation App is closing on 30-11-2020 06:56:03 PM. Used for 1606759072689 ms
2020-11-30 18:57:57.655 [main] INFO  com.CMD.ui.main.Main - CMD Team Collation App launched on 30-11-2020 06:57:57 PM
2020-11-30 18:58:52.587 [main] INFO  com.CMD.ui.main.Main - CMD Team Collation App launched on 30-11-2020 06:58:52 PM
2020-11-30 18:58:59.988 [Thread-8] INFO  com.CMD.ui.main.Main - CMD Team Collation App is closing on 30-11-2020 06:58:52 PM. Used for 1606759139987 ms
2020-11-30 20:12:27.908 [main] INFO  com.CMD.ui.main.Main - CMD Team Collation App launched on 30-11-2020 08:12:27 PM
2020-11-30 20:12:48.989 [JavaFX Application Thread] WARN  com.CMD.database.DataBaseHandler - java.lang.NumberFormatException: For input string: ""
2020-11-30 20:12:51.233 [JavaFX Application Thread] WARN  com.CMD.database.DataBaseHandler - java.lang.NumberFormatException: For input string: ""
2020-11-30 20:13:00.226 [JavaFX Application Thread] WARN  com.CMD.database.DataBaseHandler - java.lang.NumberFormatException: For input string: ""
2020-11-30 20:24:43.200 [main] INFO  com.CMD.ui.main.Main - CMD Team Collation App launched on 30-11-2020 08:24:43 PM
2020-11-30 20:24:47.934 [Thread-7] INFO  com.CMD.ui.main.Main - CMD Team Collation App is closing on 30-11-2020 08:24:43 PM. Used for 1606764287934 ms
2020-11-30 20:37:01.473 [main] INFO  com.CMD.ui.main.Main - CMD Team Collation App launched on 30-11-2020 08:37:01 PM
2020-11-30 20:37:56.868 [main] INFO  com.CMD.ui.main.Main - CMD Team Collation App launched on 30-11-2020 08:37:56 PM
2020-11-30 20:38:26.531 [main] INFO  com.CMD.ui.main.Main - CMD Team Collation App launched on 30-11-2020 08:38:26 PM
2020-11-30 20:43:52.808 [EMAIL-SENDER] INFO  com.CMD.email.EmailUtil - Initiating email sending task. Sending to richardebboh@gmail.com
2020-11-30 20:44:13.262 [EMAIL-SENDER] INFO  com.CMD.email.EmailUtil - Error occurred during sending email
javax.mail.AuthenticationFailedException: 535-5.7.8 Username and Password not accepted. Learn more at
535 5.7.8  https://support.google.com/mail/?p=BadCredentials n128sm384302wmb.46 - gsmtp

	at com.sun.mail.smtp.SMTPTransport$Authenticator.authenticate(SMTPTransport.java:965) ~[javax.mail-1.6.1.jar:1.6.1]
	at com.sun.mail.smtp.SMTPTransport.authenticate(SMTPTransport.java:876) ~[javax.mail-1.6.1.jar:1.6.1]
	at com.sun.mail.smtp.SMTPTransport.protocolConnect(SMTPTransport.java:780) ~[javax.mail-1.6.1.jar:1.6.1]
	at javax.mail.Service.connect(Service.java:388) ~[javax.mail-1.6.1.jar:1.6.1]
	at javax.mail.Service.connect(Service.java:246) ~[javax.mail-1.6.1.jar:1.6.1]
	at javax.mail.Service.connect(Service.java:195) ~[javax.mail-1.6.1.jar:1.6.1]
	at javax.mail.Transport.send0(Transport.java:254) ~[javax.mail-1.6.1.jar:1.6.1]
	at javax.mail.Transport.send(Transport.java:124) ~[javax.mail-1.6.1.jar:1.6.1]
	at com.CMD.email.EmailUtil.lambda$sendTestMail$0(EmailUtil.java:57) ~[CMD_Team_Project/:?]
	at java.lang.Thread.run(Thread.java:748) [?:1.8.0_272]
2020-11-30 20:44:13.550 [EMAIL-SENDER] INFO  com.CMD.ui.mail.TestMailController - Callback received from Email Sender client false
2020-11-30 20:58:27.276 [EMAIL-SENDER] INFO  com.CMD.email.EmailUtil - Initiating email sending task. Sending to richardebboh@gmail.com
2020-11-30 20:58:33.955 [EMAIL-SENDER] INFO  com.CMD.email.EmailUtil - Error occurred during sending email
javax.mail.AuthenticationFailedException: 535-5.7.8 Username and Password not accepted. Learn more at
535 5.7.8  https://support.google.com/mail/?p=BadCredentials y2sm464825wma.6 - gsmtp

	at com.sun.mail.smtp.SMTPTransport$Authenticator.authenticate(SMTPTransport.java:965) ~[javax.mail-1.6.1.jar:1.6.1]
	at com.sun.mail.smtp.SMTPTransport.authenticate(SMTPTransport.java:876) ~[javax.mail-1.6.1.jar:1.6.1]
	at com.sun.mail.smtp.SMTPTransport.protocolConnect(SMTPTransport.java:780) ~[javax.mail-1.6.1.jar:1.6.1]
	at javax.mail.Service.connect(Service.java:388) ~[javax.mail-1.6.1.jar:1.6.1]
	at javax.mail.Service.connect(Service.java:246) ~[javax.mail-1.6.1.jar:1.6.1]
	at javax.mail.Service.connect(Service.java:195) ~[javax.mail-1.6.1.jar:1.6.1]
	at javax.mail.Transport.send0(Transport.java:254) ~[javax.mail-1.6.1.jar:1.6.1]
	at javax.mail.Transport.send(Transport.java:124) ~[javax.mail-1.6.1.jar:1.6.1]
	at com.CMD.email.EmailUtil.lambda$sendTestMail$0(EmailUtil.java:57) ~[CMD_Team_Project/:?]
	at java.lang.Thread.run(Thread.java:748) [?:1.8.0_272]
2020-11-30 20:58:33.957 [EMAIL-SENDER] INFO  com.CMD.ui.mail.TestMailController - Callback received from Email Sender client false
2020-11-30 20:59:16.611 [Thread-8] INFO  com.CMD.ui.main.Main - CMD Team Collation App is closing on 30-11-2020 08:38:26 PM. Used for 1606766356610 ms
2020-11-30 21:12:21.633 [main] INFO  com.CMD.ui.main.Main - CMD Team Collation App launched on 30-11-2020 09:12:21 PM
2020-11-30 21:19:49.719 [Thread-8] INFO  com.CMD.ui.main.Main - CMD Team Collation App is closing on 30-11-2020 09:12:21 PM. Used for 1606767589719 ms
