2020-12-12 03:03:52.153 [main] INFO  com.CMD.ui.main.Main - CMD Team Collation App launched on 12-12-2020 03:03:52 AM
2020-12-12 03:04:06.733 [JavaFX Application Thread] INFO  com.CMD.database.DataBaseHandler - Mail server info loaded from DB
2020-12-12 03:04:25.378 [JavaFX Application Thread] INFO  com.CMD.exceptions.ExceptionUtil - SLF4J: Failed to load class "org.slf4j.impl.StaticLoggerBinder".
2020-12-12 03:04:25.380 [JavaFX Application Thread] INFO  com.CMD.exceptions.ExceptionUtil - SLF4J: Defaulting to no-operation (NOP) logger implementation
2020-12-12 03:04:25.381 [JavaFX Application Thread] INFO  com.CMD.exceptions.ExceptionUtil - SLF4J: See http://www.slf4j.org/codes.html#StaticLoggerBinder for further details.
2020-12-12 03:04:25.470 [JavaFX Application Thread] ERROR com.CMD.exceptions.DefaultExceptionHandler - Exception occurred {}
java.lang.ArrayIndexOutOfBoundsException: 3
	at org.apache.commons.csv.CSVRecord.get(CSVRecord.java:81) ~[commons-csv-1.2.jar:1.2]
	at be.quodlibet.boxable.datatable.DataTable.addCsvToTable(DataTable.java:290) ~[boxable-1.6.jar:?]
	at be.quodlibet.boxable.datatable.DataTable.addListToTable(DataTable.java:204) ~[boxable-1.6.jar:?]
	at com.CMD.export.pdf.ListToPdf.doPrintToPdf(ListToPdf.java:72) ~[CMD_Team_Project/:?]
	at com.CMD.util.RequestAssistant.initPDFExport(RequestAssistant.java:49) ~[CMD_Team_Project/:?]
	at com.CMD.ui.settings.SettingsController.lambda$handleDatabaseExportAction$0(SettingsController.java:159) ~[CMD_Team_Project/:?]
	at com.sun.javafx.application.PlatformImpl.lambda$null$5(PlatformImpl.java:295) ~[jfxrt.jar:?]
	at java.security.AccessController.doPrivileged(Native Method) ~[?:1.8.0_261]
	at com.sun.javafx.application.PlatformImpl.lambda$runLater$6(PlatformImpl.java:294) ~[jfxrt.jar:?]
	at com.sun.glass.ui.InvokeLaterDispatcher$Future.run(InvokeLaterDispatcher.java:95) ~[jfxrt.jar:?]
	at com.sun.glass.ui.win.WinApplication._runLoop(Native Method) ~[jfxrt.jar:?]
	at com.sun.glass.ui.win.WinApplication.lambda$null$4(WinApplication.java:186) ~[jfxrt.jar:?]
	at java.lang.Thread.run(Thread.java:748) [?:1.8.0_261]
2020-12-12 03:05:58.668 [main] INFO  com.CMD.ui.main.Main - CMD Team Collation App launched on 12-12-2020 03:05:58 AM
2020-12-12 03:06:11.471 [JavaFX Application Thread] INFO  com.CMD.database.DataBaseHandler - Mail server info loaded from DB
2020-12-12 03:08:00.410 [main] INFO  com.CMD.ui.main.Main - CMD Team Collation App launched on 12-12-2020 03:08:00 AM
2020-12-12 03:08:13.432 [JavaFX Application Thread] INFO  com.CMD.database.DataBaseHandler - Mail server info loaded from DB
2020-12-12 03:08:29.274 [JavaFX Application Thread] INFO  com.CMD.exceptions.ExceptionUtil - SLF4J: Failed to load class "org.slf4j.impl.StaticLoggerBinder".
2020-12-12 03:08:29.275 [JavaFX Application Thread] INFO  com.CMD.exceptions.ExceptionUtil - SLF4J: Defaulting to no-operation (NOP) logger implementation
2020-12-12 03:08:29.275 [JavaFX Application Thread] INFO  com.CMD.exceptions.ExceptionUtil - SLF4J: See http://www.slf4j.org/codes.html#StaticLoggerBinder for further details.
2020-12-12 03:09:15.135 [main] INFO  com.CMD.ui.main.Main - CMD Team Collation App launched on 12-12-2020 03:09:15 AM
2020-12-12 03:09:25.699 [JavaFX Application Thread] INFO  com.CMD.database.DataBaseHandler - Mail server info loaded from DB
2020-12-12 03:09:45.001 [JavaFX Application Thread] INFO  com.CMD.exceptions.ExceptionUtil - SLF4J: Failed to load class "org.slf4j.impl.StaticLoggerBinder".
2020-12-12 03:09:45.004 [JavaFX Application Thread] INFO  com.CMD.exceptions.ExceptionUtil - SLF4J: Defaulting to no-operation (NOP) logger implementation
2020-12-12 03:09:45.005 [JavaFX Application Thread] INFO  com.CMD.exceptions.ExceptionUtil - SLF4J: See http://www.slf4j.org/codes.html#StaticLoggerBinder for further details.
